2018-01-10 13:03:29 INFO  com.thrblock.cino.glprocessor.GLEventProcessor - GL reshape:0,0,436,491
2018-01-10 13:03:29 INFO  com.thrblock.cino.glprocessor.GLEventProcessor - GL reshape:0,0,432,491
2018-01-10 13:03:29 INFO  com.thrblock.cino.glprocessor.GLEventProcessor - GL reshape:0,0,427,492
2018-01-10 13:03:29 INFO  com.thrblock.cino.glprocessor.GLEventProcessor - GL reshape:0,0,421,493
2018-01-10 13:03:29 INFO  com.thrblock.cino.glprocessor.GLEventProcessor - GL reshape:0,0,419,493
2018-01-10 13:03:29 INFO  com.thrblock.cino.glprocessor.GLEventProcessor - GL reshape:0,0,416,494
2018-01-10 13:03:29 INFO  com.thrblock.cino.glprocessor.GLEventProcessor - GL reshape:0,0,410,494
2018-01-10 13:03:29 INFO  com.thrblock.cino.glprocessor.GLEventProcessor - GL reshape:0,0,409,496
2018-01-10 13:03:29 INFO  com.thrblock.cino.glprocessor.GLEventProcessor - GL reshape:0,0,408,496
2018-01-10 13:03:29 INFO  com.thrblock.cino.glprocessor.GLEventProcessor - GL reshape:0,0,405,497
2018-01-10 13:03:29 INFO  com.thrblock.cino.glprocessor.GLEventProcessor - GL reshape:0,0,400,497
2018-01-10 13:03:29 INFO  com.thrblock.cino.glprocessor.GLEventProcessor - GL reshape:0,0,398,497
2018-01-10 13:03:29 INFO  com.thrblock.cino.glprocessor.GLEventProcessor - GL reshape:0,0,395,497
2018-01-10 13:03:29 INFO  com.thrblock.cino.glprocessor.GLEventProcessor - GL reshape:0,0,393,497
2018-01-10 13:03:29 INFO  com.thrblock.cino.glprocessor.GLEventProcessor - GL reshape:0,0,389,497
2018-01-10 13:03:29 INFO  com.thrblock.cino.glprocessor.GLEventProcessor - GL reshape:0,0,389,498
2018-01-10 13:03:29 INFO  com.thrblock.cino.glprocessor.GLEventProcessor - GL reshape:0,0,387,498
2018-01-10 13:03:29 INFO  com.thrblock.cino.glprocessor.GLEventProcessor - GL reshape:0,0,386,498
2018-01-10 13:03:29 INFO  com.thrblock.cino.glprocessor.GLEventProcessor - GL reshape:0,0,384,499
2018-01-10 13:03:29 INFO  com.thrblock.cino.glprocessor.GLEventProcessor - GL reshape:0,0,381,500
2018-01-10 13:03:29 INFO  com.thrblock.cino.glprocessor.GLEventProcessor - GL reshape:0,0,380,500
2018-01-10 13:03:29 INFO  com.thrblock.cino.glprocessor.GLEventProcessor - GL reshape:0,0,379,500
2018-01-10 13:03:29 INFO  com.thrblock.cino.glprocessor.GLEventProcessor - GL reshape:0,0,376,501
2018-01-10 13:03:29 INFO  com.thrblock.cino.glprocessor.GLEventProcessor - GL reshape:0,0,375,501
2018-01-10 13:03:29 INFO  com.thrblock.cino.glprocessor.GLEventProcessor - GL reshape:0,0,373,501
2018-01-10 13:03:29 INFO  com.thrblock.cino.glprocessor.GLEventProcessor - GL reshape:0,0,372,501
2018-01-10 13:03:29 INFO  com.thrblock.cino.glprocessor.GLEventProcessor - GL reshape:0,0,371,501
2018-01-10 13:03:30 INFO  com.thrblock.cino.glprocessor.GLEventProcessor - GL reshape:0,0,370,501
2018-01-10 13:03:30 INFO  com.thrblock.cino.glprocessor.GLEventProcessor - GL reshape:0,0,368,501
2018-01-10 13:03:30 INFO  com.thrblock.cino.glprocessor.GLEventProcessor - GL reshape:0,0,367,501
2018-01-10 13:03:30 INFO  com.thrblock.cino.glprocessor.GLEventProcessor - GL reshape:0,0,366,502
2018-01-10 13:03:30 INFO  com.thrblock.cino.glprocessor.GLEventProcessor - GL reshape:0,0,364,502
2018-01-10 13:03:30 INFO  com.thrblock.cino.glprocessor.GLEventProcessor - GL reshape:0,0,362,502
2018-01-10 13:03:30 INFO  com.thrblock.cino.glprocessor.GLEventProcessor - GL reshape:0,0,361,502
2018-01-10 13:03:30 INFO  com.thrblock.cino.glprocessor.GLEventProcessor - GL reshape:0,0,360,502
2018-01-10 13:03:30 INFO  com.thrblock.cino.glprocessor.GLEventProcessor - GL reshape:0,0,355,503
2018-01-10 13:03:30 INFO  com.thrblock.cino.glprocessor.GLEventProcessor - GL reshape:0,0,351,503
2018-01-10 13:03:30 INFO  com.thrblock.cino.glprocessor.GLEventProcessor - GL reshape:0,0,348,503
2018-01-10 13:03:30 INFO  com.thrblock.cino.glprocessor.GLEventProcessor - GL reshape:0,0,345,504
2018-01-10 13:03:30 INFO  com.thrblock.cino.glprocessor.GLEventProcessor - GL reshape:0,0,341,504
2018-01-10 13:03:30 INFO  com.thrblock.cino.glprocessor.GLEventProcessor - GL reshape:0,0,340,504
2018-01-10 13:03:30 INFO  com.thrblock.cino.glprocessor.GLEventProcessor - GL reshape:0,0,338,504
2018-01-10 13:03:30 INFO  com.thrblock.cino.glprocessor.GLEventProcessor - GL reshape:0,0,335,504
2018-01-10 13:03:30 INFO  com.thrblock.cino.glprocessor.GLEventProcessor - GL reshape:0,0,333,504
2018-01-10 13:03:30 INFO  com.thrblock.cino.glprocessor.GLEventProcessor - GL reshape:0,0,331,504
2018-01-10 13:03:30 INFO  com.thrblock.cino.glprocessor.GLEventProcessor - GL reshape:0,0,329,504
2018-01-10 13:03:30 INFO  com.thrblock.cino.glprocessor.GLEventProcessor - GL reshape:0,0,328,504
2018-01-10 13:03:30 INFO  com.thrblock.cino.glprocessor.GLEventProcessor - GL reshape:0,0,327,504
2018-01-10 13:03:30 INFO  com.thrblock.cino.glprocessor.GLEventProcessor - GL reshape:0,0,326,504
2018-01-10 13:03:30 INFO  com.thrblock.cino.glprocessor.GLEventProcessor - GL reshape:0,0,325,504
2018-01-10 13:03:30 INFO  com.thrblock.cino.glprocessor.GLEventProcessor - GL reshape:0,0,322,504
2018-01-10 13:03:30 INFO  com.thrblock.cino.glprocessor.GLEventProcessor - GL reshape:0,0,318,504
2018-01-10 13:03:30 INFO  com.thrblock.cino.glprocessor.GLEventProcessor - GL reshape:0,0,315,504
2018-01-10 13:03:30 INFO  com.thrblock.cino.glprocessor.GLEventProcessor - GL reshape:0,0,312,504
2018-01-10 13:03:30 INFO  com.thrblock.cino.glprocessor.GLEventProcessor - GL reshape:0,0,309,504
2018-01-10 13:03:30 INFO  com.thrblock.cino.glprocessor.GLEventProcessor - GL reshape:0,0,308,504
2018-01-10 13:03:30 INFO  com.thrblock.cino.glprocessor.GLEventProcessor - GL reshape:0,0,306,504
2018-01-10 13:03:30 INFO  com.thrblock.cino.glprocessor.GLEventProcessor - GL reshape:0,0,305,504
2018-01-10 13:03:30 INFO  com.thrblock.cino.glprocessor.GLEventProcessor - GL reshape:0,0,301,504
2018-01-10 13:03:30 INFO  com.thrblock.cino.glprocessor.GLEventProcessor - GL reshape:0,0,300,504
2018-01-10 13:03:30 INFO  com.thrblock.cino.glprocessor.GLEventProcessor - GL reshape:0,0,299,504
2018-01-10 13:03:30 INFO  com.thrblock.cino.glprocessor.GLEventProcessor - GL reshape:0,0,297,504
2018-01-10 13:03:30 INFO  com.thrblock.cino.glprocessor.GLEventProcessor - GL reshape:0,0,295,504
2018-01-10 13:03:30 INFO  com.thrblock.cino.glprocessor.GLEventProcessor - GL reshape:0,0,293,504
2018-01-10 13:03:30 INFO  com.thrblock.cino.glprocessor.GLEventProcessor - GL reshape:0,0,291,504
2018-01-10 13:03:30 INFO  com.thrblock.cino.glprocessor.GLEventProcessor - GL reshape:0,0,289,504
2018-01-10 13:03:30 INFO  com.thrblock.cino.glprocessor.GLEventProcessor - GL reshape:0,0,286,504
2018-01-10 13:03:30 INFO  com.thrblock.cino.glprocessor.GLEventProcessor - GL reshape:0,0,283,504
2018-01-10 13:03:30 INFO  com.thrblock.cino.glprocessor.GLEventProcessor - GL reshape:0,0,277,504
2018-01-10 13:03:30 INFO  com.thrblock.cino.glprocessor.GLEventProcessor - GL reshape:0,0,271,504
2018-01-10 13:03:30 INFO  com.thrblock.cino.glprocessor.GLEventProcessor - GL reshape:0,0,264,504
2018-01-10 13:03:30 INFO  com.thrblock.cino.glprocessor.GLEventProcessor - GL reshape:0,0,258,504
2018-01-10 13:03:30 INFO  com.thrblock.cino.glprocessor.GLEventProcessor - GL reshape:0,0,255,504
2018-01-10 13:03:30 INFO  com.thrblock.cino.glprocessor.GLEventProcessor - GL reshape:0,0,253,504
2018-01-10 13:03:30 INFO  com.thrblock.cino.glprocessor.GLEventProcessor - GL reshape:0,0,247,504
2018-01-10 13:03:30 INFO  com.thrblock.cino.glprocessor.GLEventProcessor - GL reshape:0,0,242,504
2018-01-10 13:03:30 INFO  com.thrblock.cino.glprocessor.GLEventProcessor - GL reshape:0,0,240,504
2018-01-10 13:03:30 INFO  com.thrblock.cino.glprocessor.GLEventProcessor - GL reshape:0,0,232,504
2018-01-10 13:03:30 INFO  com.thrblock.cino.glprocessor.GLEventProcessor - GL reshape:0,0,229,504
2018-01-10 13:03:30 INFO  com.thrblock.cino.glprocessor.GLEventProcessor - GL reshape:0,0,225,504
2018-01-10 13:03:30 INFO  com.thrblock.cino.glprocessor.GLEventProcessor - GL reshape:0,0,221,504
2018-01-10 13:03:30 INFO  com.thrblock.cino.glprocessor.GLEventProcessor - GL reshape:0,0,219,504
2018-01-10 13:03:30 INFO  com.thrblock.cino.glprocessor.GLEventProcessor - GL reshape:0,0,216,504
2018-01-10 13:03:30 INFO  com.thrblock.cino.glprocessor.GLEventProcessor - GL reshape:0,0,212,504
2018-01-10 13:03:30 INFO  com.thrblock.cino.glprocessor.GLEventProcessor - GL reshape:0,0,209,504
2018-01-10 13:03:31 INFO  com.thrblock.cino.glprocessor.GLEventProcessor - GL reshape:0,0,206,504
2018-01-10 13:03:31 INFO  com.thrblock.cino.glprocessor.GLEventProcessor - GL reshape:0,0,203,504
2018-01-10 13:03:31 INFO  com.thrblock.cino.glprocessor.GLEventProcessor - GL reshape:0,0,199,504
2018-01-10 13:03:31 INFO  com.thrblock.cino.glprocessor.GLEventProcessor - GL reshape:0,0,197,504
2018-01-10 13:03:31 INFO  com.thrblock.cino.glprocessor.GLEventProcessor - GL reshape:0,0,193,504
2018-01-10 13:03:31 INFO  com.thrblock.cino.glprocessor.GLEventProcessor - GL reshape:0,0,190,504
2018-01-10 13:03:31 INFO  com.thrblock.cino.glprocessor.GLEventProcessor - GL reshape:0,0,183,504
2018-01-10 13:03:31 INFO  com.thrblock.cino.glprocessor.GLEventProcessor - GL reshape:0,0,178,503
2018-01-10 13:03:31 INFO  com.thrblock.cino.glprocessor.GLEventProcessor - GL reshape:0,0,176,503
2018-01-10 13:03:31 INFO  com.thrblock.cino.glprocessor.GLEventProcessor - GL reshape:0,0,173,503
2018-01-10 13:03:31 INFO  com.thrblock.cino.glprocessor.GLEventProcessor - GL reshape:0,0,168,503
2018-01-10 13:03:31 INFO  com.thrblock.cino.glprocessor.GLEventProcessor - GL reshape:0,0,165,503
2018-01-10 13:03:31 INFO  com.thrblock.cino.glprocessor.GLEventProcessor - GL reshape:0,0,163,502
2018-01-10 13:03:31 INFO  com.thrblock.cino.glprocessor.GLEventProcessor - GL reshape:0,0,162,502
2018-01-10 13:03:31 INFO  com.thrblock.cino.glprocessor.GLEventProcessor - GL reshape:0,0,161,502
2018-01-10 13:03:31 INFO  com.thrblock.cino.glprocessor.GLEventProcessor - GL reshape:0,0,159,502
2018-01-10 13:03:31 INFO  com.thrblock.cino.glprocessor.GLEventProcessor - GL reshape:0,0,158,502
2018-01-10 13:03:31 INFO  com.thrblock.cino.glprocessor.GLEventProcessor - GL reshape:0,0,156,501
2018-01-10 13:03:31 INFO  com.thrblock.cino.glprocessor.GLEventProcessor - GL reshape:0,0,155,501
2018-01-10 13:03:31 INFO  com.thrblock.cino.glprocessor.GLEventProcessor - GL reshape:0,0,153,501
2018-01-10 13:03:31 INFO  com.thrblock.cino.glprocessor.GLEventProcessor - GL reshape:0,0,148,501
2018-01-10 13:03:31 INFO  com.thrblock.cino.glprocessor.GLEventProcessor - GL reshape:0,0,144,499
2018-01-10 13:03:31 INFO  com.thrblock.cino.glprocessor.GLEventProcessor - GL reshape:0,0,138,499
2018-01-10 13:03:31 INFO  com.thrblock.cino.glprocessor.GLEventProcessor - GL reshape:0,0,133,498
2018-01-10 13:03:31 INFO  com.thrblock.cino.glprocessor.GLEventProcessor - GL reshape:0,0,130,498
2018-01-10 13:03:31 INFO  com.thrblock.cino.glprocessor.GLEventProcessor - GL reshape:0,0,127,497
2018-01-10 13:03:31 INFO  com.thrblock.cino.glprocessor.GLEventProcessor - GL reshape:0,0,125,497
2018-01-10 13:03:31 INFO  com.thrblock.cino.glprocessor.GLEventProcessor - GL reshape:0,0,124,496
2018-01-10 13:03:31 INFO  com.thrblock.cino.glprocessor.GLEventProcessor - GL reshape:0,0,121,496
2018-01-10 13:03:31 INFO  com.thrblock.cino.glprocessor.GLEventProcessor - GL reshape:0,0,120,496
2018-01-10 13:03:31 INFO  com.thrblock.cino.glprocessor.GLEventProcessor - GL reshape:0,0,120,495
2018-01-10 13:03:31 INFO  com.thrblock.cino.glprocessor.GLEventProcessor - GL reshape:0,0,120,494
2018-01-10 13:03:31 INFO  com.thrblock.cino.glprocessor.GLEventProcessor - GL reshape:0,0,120,493
2018-01-10 13:03:31 INFO  com.thrblock.cino.glprocessor.GLEventProcessor - GL reshape:0,0,120,492
2018-01-10 13:03:31 INFO  com.thrblock.cino.glprocessor.GLEventProcessor - GL reshape:0,0,120,490
2018-01-10 13:03:31 INFO  com.thrblock.cino.glprocessor.GLEventProcessor - GL reshape:0,0,120,489
2018-01-10 13:03:31 INFO  com.thrblock.cino.glprocessor.GLEventProcessor - GL reshape:0,0,120,488
2018-01-10 13:03:31 INFO  com.thrblock.cino.glprocessor.GLEventProcessor - GL reshape:0,0,120,487
2018-01-10 13:03:31 INFO  com.thrblock.cino.glprocessor.GLEventProcessor - GL reshape:0,0,120,482
2018-01-10 13:03:31 INFO  com.thrblock.cino.glprocessor.GLEventProcessor - GL reshape:0,0,120,479
2018-01-10 13:03:31 INFO  com.thrblock.cino.glprocessor.GLEventProcessor - GL reshape:0,0,120,477
2018-01-10 13:03:31 INFO  com.thrblock.cino.glprocessor.GLEventProcessor - GL reshape:0,0,120,473
2018-01-10 13:03:31 INFO  com.thrblock.cino.glprocessor.GLEventProcessor - GL reshape:0,0,120,469
2018-01-10 13:03:31 INFO  com.thrblock.cino.glprocessor.GLEventProcessor - GL reshape:0,0,120,459
2018-01-10 13:03:31 INFO  com.thrblock.cino.glprocessor.GLEventProcessor - GL reshape:0,0,120,448
2018-01-10 13:03:31 INFO  com.thrblock.cino.glprocessor.GLEventProcessor - GL reshape:0,0,120,434
2018-01-10 13:03:31 INFO  com.thrblock.cino.glprocessor.GLEventProcessor - GL reshape:0,0,120,418
2018-01-10 13:03:31 INFO  com.thrblock.cino.glprocessor.GLEventProcessor - GL reshape:0,0,120,404
2018-01-10 13:03:31 INFO  com.thrblock.cino.glprocessor.GLEventProcessor - GL reshape:0,0,120,401
2018-01-10 13:03:31 INFO  com.thrblock.cino.glprocessor.GLEventProcessor - GL reshape:0,0,120,394
2018-01-10 13:03:31 INFO  com.thrblock.cino.glprocessor.GLEventProcessor - GL reshape:0,0,120,378
2018-01-10 13:03:31 INFO  com.thrblock.cino.glprocessor.GLEventProcessor - GL reshape:0,0,120,370
2018-01-10 13:03:31 INFO  com.thrblock.cino.glprocessor.GLEventProcessor - GL reshape:0,0,120,346
2018-01-10 13:03:32 INFO  com.thrblock.cino.glprocessor.GLEventProcessor - GL reshape:0,0,120,324
2018-01-10 13:03:32 INFO  com.thrblock.cino.glprocessor.GLEventProcessor - GL reshape:0,0,120,302
2018-01-10 13:03:32 INFO  com.thrblock.cino.glprocessor.GLEventProcessor - GL reshape:0,0,120,283
2018-01-10 13:03:32 INFO  com.thrblock.cino.glprocessor.GLEventProcessor - GL reshape:0,0,120,263
2018-01-10 13:03:32 INFO  com.thrblock.cino.glprocessor.GLEventProcessor - GL reshape:0,0,120,244
2018-01-10 13:03:32 INFO  com.thrblock.cino.glprocessor.GLEventProcessor - GL reshape:0,0,120,235
2018-01-10 13:03:32 INFO  com.thrblock.cino.glprocessor.GLEventProcessor - GL reshape:0,0,120,212
2018-01-10 13:03:32 INFO  com.thrblock.cino.glprocessor.GLEventProcessor - GL reshape:0,0,120,188
2018-01-10 13:03:32 INFO  com.thrblock.cino.glprocessor.GLEventProcessor - GL reshape:0,0,120,172
2018-01-10 13:03:32 INFO  com.thrblock.cino.glprocessor.GLEventProcessor - GL reshape:0,0,120,153
2018-01-10 13:03:32 INFO  com.thrblock.cino.glprocessor.GLEventProcessor - GL reshape:0,0,120,136
2018-01-10 13:03:32 INFO  com.thrblock.cino.glprocessor.GLEventProcessor - GL reshape:0,0,120,119
2018-01-10 13:03:32 INFO  com.thrblock.cino.glprocessor.GLEventProcessor - GL reshape:0,0,120,105
2018-01-10 13:03:32 INFO  com.thrblock.cino.glprocessor.GLEventProcessor - GL reshape:0,0,120,91
2018-01-10 13:03:32 INFO  com.thrblock.cino.glprocessor.GLEventProcessor - GL reshape:0,0,120,80
2018-01-10 13:03:32 INFO  com.thrblock.cino.glprocessor.GLEventProcessor - GL reshape:0,0,120,67
2018-01-10 13:03:32 INFO  com.thrblock.cino.glprocessor.GLEventProcessor - GL reshape:0,0,120,55
2018-01-10 13:03:32 INFO  com.thrblock.cino.glprocessor.GLEventProcessor - GL reshape:0,0,120,49
2018-01-10 13:03:32 INFO  com.thrblock.cino.glprocessor.GLEventProcessor - GL reshape:0,0,120,44
2018-01-10 13:03:32 INFO  com.thrblock.cino.glprocessor.GLEventProcessor - GL reshape:0,0,120,41
2018-01-10 13:03:32 INFO  com.thrblock.cino.glprocessor.GLEventProcessor - GL reshape:0,0,120,40
2018-01-10 13:03:32 INFO  com.thrblock.cino.glprocessor.GLEventProcessor - GL reshape:0,0,120,38
2018-01-10 13:03:32 INFO  com.thrblock.cino.glprocessor.GLEventProcessor - GL reshape:0,0,120,35
2018-01-10 13:03:32 INFO  com.thrblock.cino.glprocessor.GLEventProcessor - GL reshape:0,0,120,34
2018-01-10 13:03:32 INFO  com.thrblock.cino.glprocessor.GLEventProcessor - GL reshape:0,0,120,32
2018-01-10 13:03:32 INFO  com.thrblock.cino.glprocessor.GLEventProcessor - GL reshape:0,0,120,31
2018-01-10 13:03:32 INFO  com.thrblock.cino.glprocessor.GLEventProcessor - GL reshape:0,0,120,33
2018-01-10 13:03:32 INFO  com.thrblock.cino.glprocessor.GLEventProcessor - GL reshape:0,0,120,36
2018-01-10 13:03:32 INFO  com.thrblock.cino.glprocessor.GLEventProcessor - GL reshape:0,0,120,40
2018-01-10 13:03:32 INFO  com.thrblock.cino.glprocessor.GLEventProcessor - GL reshape:0,0,120,43
2018-01-10 13:03:32 INFO  com.thrblock.cino.glprocessor.GLEventProcessor - GL reshape:0,0,120,47
2018-01-10 13:03:32 INFO  com.thrblock.cino.glprocessor.GLEventProcessor - GL reshape:0,0,120,53
2018-01-10 13:03:32 INFO  com.thrblock.cino.glprocessor.GLEventProcessor - GL reshape:0,0,120,61
2018-01-10 13:03:32 INFO  com.thrblock.cino.glprocessor.GLEventProcessor - GL reshape:0,0,120,68
2018-01-10 13:03:32 INFO  com.thrblock.cino.glprocessor.GLEventProcessor - GL reshape:0,0,120,79
2018-01-10 13:03:32 INFO  com.thrblock.cino.glprocessor.GLEventProcessor - GL reshape:0,0,120,83
2018-01-10 13:03:32 INFO  com.thrblock.cino.glprocessor.GLEventProcessor - GL reshape:0,0,120,98
2018-01-10 13:03:32 INFO  com.thrblock.cino.glprocessor.GLEventProcessor - GL reshape:0,0,120,114
2018-01-10 13:03:32 INFO  com.thrblock.cino.glprocessor.GLEventProcessor - GL reshape:0,0,120,129
2018-01-10 13:03:32 INFO  com.thrblock.cino.glprocessor.GLEventProcessor - GL reshape:0,0,120,143
2018-01-10 13:03:32 INFO  com.thrblock.cino.glprocessor.GLEventProcessor - GL reshape:0,0,120,154
2018-01-10 13:03:32 INFO  com.thrblock.cino.glprocessor.GLEventProcessor - GL reshape:0,0,120,173
2018-01-10 13:03:32 INFO  com.thrblock.cino.glprocessor.GLEventProcessor - GL reshape:0,0,122,191
2018-01-10 13:03:32 INFO  com.thrblock.cino.glprocessor.GLEventProcessor - GL reshape:0,0,125,202
2018-01-10 13:03:32 INFO  com.thrblock.cino.glprocessor.GLEventProcessor - GL reshape:0,0,130,219
2018-01-10 13:03:32 INFO  com.thrblock.cino.glprocessor.GLEventProcessor - GL reshape:0,0,136,233
2018-01-10 13:03:32 INFO  com.thrblock.cino.glprocessor.GLEventProcessor - GL reshape:0,0,141,245
2018-01-10 13:03:32 INFO  com.thrblock.cino.glprocessor.GLEventProcessor - GL reshape:0,0,149,260
2018-01-10 13:03:32 INFO  com.thrblock.cino.glprocessor.GLEventProcessor - GL reshape:0,0,161,274
2018-01-10 13:03:32 INFO  com.thrblock.cino.glprocessor.GLEventProcessor - GL reshape:0,0,178,289
2018-01-10 13:03:32 INFO  com.thrblock.cino.glprocessor.GLEventProcessor - GL reshape:0,0,197,299
2018-01-10 13:03:33 INFO  com.thrblock.cino.glprocessor.GLEventProcessor - GL reshape:0,0,215,310
2018-01-10 13:03:33 INFO  com.thrblock.cino.glprocessor.GLEventProcessor - GL reshape:0,0,237,322
2018-01-10 13:03:33 INFO  com.thrblock.cino.glprocessor.GLEventProcessor - GL reshape:0,0,267,337
2018-01-10 13:03:33 INFO  com.thrblock.cino.glprocessor.GLEventProcessor - GL reshape:0,0,299,348
2018-01-10 13:03:33 INFO  com.thrblock.cino.glprocessor.GLEventProcessor - GL reshape:0,0,329,358
2018-01-10 13:03:33 INFO  com.thrblock.cino.glprocessor.GLEventProcessor - GL reshape:0,0,356,369
2018-01-10 13:03:33 INFO  com.thrblock.cino.glprocessor.GLEventProcessor - GL reshape:0,0,381,379
2018-01-10 13:03:33 INFO  com.thrblock.cino.glprocessor.GLEventProcessor - GL reshape:0,0,406,388
2018-01-10 13:03:33 INFO  com.thrblock.cino.glprocessor.GLEventProcessor - GL reshape:0,0,428,397
2018-01-10 13:03:33 INFO  com.thrblock.cino.glprocessor.GLEventProcessor - GL reshape:0,0,447,404
2018-01-10 13:03:33 INFO  com.thrblock.cino.glprocessor.GLEventProcessor - GL reshape:0,0,468,411
2018-01-10 13:03:33 INFO  com.thrblock.cino.glprocessor.GLEventProcessor - GL reshape:0,0,487,417
2018-01-10 13:03:33 INFO  com.thrblock.cino.glprocessor.GLEventProcessor - GL reshape:0,0,504,426
2018-01-10 13:03:33 INFO  com.thrblock.cino.glprocessor.GLEventProcessor - GL reshape:0,0,525,432
2018-01-10 13:03:33 INFO  com.thrblock.cino.glprocessor.GLEventProcessor - GL reshape:0,0,535,436
2018-01-10 13:03:33 INFO  com.thrblock.cino.glprocessor.GLEventProcessor - GL reshape:0,0,556,442
2018-01-10 13:03:33 INFO  com.thrblock.cino.glprocessor.GLEventProcessor - GL reshape:0,0,577,448
2018-01-10 13:03:33 INFO  com.thrblock.cino.glprocessor.GLEventProcessor - GL reshape:0,0,596,453
2018-01-10 13:03:33 INFO  com.thrblock.cino.glprocessor.GLEventProcessor - GL reshape:0,0,609,456
2018-01-10 13:03:33 INFO  com.thrblock.cino.glprocessor.GLEventProcessor - GL reshape:0,0,628,460
2018-01-10 13:03:33 INFO  com.thrblock.cino.glprocessor.GLEventProcessor - GL reshape:0,0,642,462
2018-01-10 13:03:33 INFO  com.thrblock.cino.glprocessor.GLEventProcessor - GL reshape:0,0,652,463
2018-01-10 13:03:33 INFO  com.thrblock.cino.glprocessor.GLEventProcessor - GL reshape:0,0,660,467
2018-01-10 13:03:33 INFO  com.thrblock.cino.glprocessor.GLEventProcessor - GL reshape:0,0,667,469
2018-01-10 13:03:33 INFO  com.thrblock.cino.glprocessor.GLEventProcessor - GL reshape:0,0,672,471
2018-01-10 13:03:33 INFO  com.thrblock.cino.glprocessor.GLEventProcessor - GL reshape:0,0,676,473
2018-01-10 13:03:33 INFO  com.thrblock.cino.glprocessor.GLEventProcessor - GL reshape:0,0,677,473
2018-01-10 13:03:33 INFO  com.thrblock.cino.glprocessor.GLEventProcessor - GL reshape:0,0,678,474
2018-01-10 13:03:33 INFO  com.thrblock.cino.glprocessor.GLEventProcessor - GL reshape:0,0,679,475
2018-01-10 13:03:33 INFO  com.thrblock.cino.glprocessor.GLEventProcessor - GL reshape:0,0,680,475
2018-01-10 13:03:33 INFO  com.thrblock.cino.glprocessor.GLEventProcessor - GL reshape:0,0,681,475
2018-01-10 13:03:33 INFO  com.thrblock.cino.glprocessor.GLEventProcessor - GL reshape:0,0,683,475
2018-01-10 13:03:33 INFO  com.thrblock.cino.glprocessor.GLEventProcessor - GL reshape:0,0,690,475
2018-01-10 13:03:33 INFO  com.thrblock.cino.glprocessor.GLEventProcessor - GL reshape:0,0,707,471
2018-01-10 13:03:33 INFO  com.thrblock.cino.glprocessor.GLEventProcessor - GL reshape:0,0,719,466
2018-01-10 13:03:33 INFO  com.thrblock.cino.glprocessor.GLEventProcessor - GL reshape:0,0,736,459
2018-01-10 13:03:33 INFO  com.thrblock.cino.glprocessor.GLEventProcessor - GL reshape:0,0,754,447
2018-01-10 13:03:33 INFO  com.thrblock.cino.glprocessor.GLEventProcessor - GL reshape:0,0,774,434
2018-01-10 13:03:33 INFO  com.thrblock.cino.glprocessor.GLEventProcessor - GL reshape:0,0,780,429
2018-01-10 13:03:33 INFO  com.thrblock.cino.glprocessor.GLEventProcessor - GL reshape:0,0,812,400
2018-01-10 13:03:33 INFO  com.thrblock.cino.glprocessor.GLEventProcessor - GL reshape:0,0,834,387
2018-01-10 13:03:33 INFO  com.thrblock.cino.glprocessor.GLEventProcessor - GL reshape:0,0,842,382
2018-01-10 13:03:33 INFO  com.thrblock.cino.glprocessor.GLEventProcessor - GL reshape:0,0,858,370
2018-01-10 13:03:33 INFO  com.thrblock.cino.glprocessor.GLEventProcessor - GL reshape:0,0,872,358
2018-01-10 13:03:33 INFO  com.thrblock.cino.glprocessor.GLEventProcessor - GL reshape:0,0,885,347
2018-01-10 13:03:33 INFO  com.thrblock.cino.glprocessor.GLEventProcessor - GL reshape:0,0,889,343
2018-01-10 13:03:33 INFO  com.thrblock.cino.glprocessor.GLEventProcessor - GL reshape:0,0,894,339
2018-01-10 13:03:33 INFO  com.thrblock.cino.glprocessor.GLEventProcessor - GL reshape:0,0,896,336
2018-01-10 13:03:33 INFO  com.thrblock.cino.glprocessor.GLEventProcessor - GL reshape:0,0,897,336
2018-01-10 13:03:34 INFO  com.thrblock.cino.glprocessor.GLEventProcessor - GL reshape:0,0,897,340
2018-01-10 13:03:34 INFO  com.thrblock.cino.glprocessor.GLEventProcessor - GL reshape:0,0,897,349
2018-01-10 13:03:34 INFO  com.thrblock.cino.glprocessor.GLEventProcessor - GL reshape:0,0,897,365
2018-01-10 13:03:34 INFO  com.thrblock.cino.glprocessor.GLEventProcessor - GL reshape:0,0,897,387
2018-01-10 13:03:34 INFO  com.thrblock.cino.glprocessor.GLEventProcessor - GL reshape:0,0,897,407
2018-01-10 13:03:34 INFO  com.thrblock.cino.glprocessor.GLEventProcessor - GL reshape:0,0,897,427
2018-01-10 13:03:34 INFO  com.thrblock.cino.glprocessor.GLEventProcessor - GL reshape:0,0,897,447
2018-01-10 13:03:34 INFO  com.thrblock.cino.glprocessor.GLEventProcessor - GL reshape:0,0,897,464
2018-01-10 13:03:34 INFO  com.thrblock.cino.glprocessor.GLEventProcessor - GL reshape:0,0,897,477
2018-01-10 13:03:34 INFO  com.thrblock.cino.glprocessor.GLEventProcessor - GL reshape:0,0,901,490
2018-01-10 13:03:34 INFO  com.thrblock.cino.glprocessor.GLEventProcessor - GL reshape:0,0,903,500
2018-01-10 13:03:34 INFO  com.thrblock.cino.glprocessor.GLEventProcessor - GL reshape:0,0,907,509
2018-01-10 13:03:34 INFO  com.thrblock.cino.glprocessor.GLEventProcessor - GL reshape:0,0,909,519
2018-01-10 13:03:34 INFO  com.thrblock.cino.glprocessor.GLEventProcessor - GL reshape:0,0,910,521
2018-01-10 13:03:34 INFO  com.thrblock.cino.glprocessor.GLEventProcessor - GL reshape:0,0,912,528
2018-01-10 13:03:34 INFO  com.thrblock.cino.glprocessor.GLEventProcessor - GL reshape:0,0,912,532
2018-01-10 13:03:34 INFO  com.thrblock.cino.glprocessor.GLEventProcessor - GL reshape:0,0,912,536
2018-01-10 13:03:34 INFO  com.thrblock.cino.glprocessor.GLEventProcessor - GL reshape:0,0,913,539
2018-01-10 13:03:34 INFO  com.thrblock.cino.glprocessor.GLEventProcessor - GL reshape:0,0,913,544
2018-01-10 13:03:34 INFO  com.thrblock.cino.glprocessor.GLEventProcessor - GL reshape:0,0,914,546
2018-01-10 13:03:34 INFO  com.thrblock.cino.glprocessor.GLEventProcessor - GL reshape:0,0,914,550
2018-01-10 13:03:34 INFO  com.thrblock.cino.glprocessor.GLEventProcessor - GL reshape:0,0,914,553
2018-01-10 13:03:34 INFO  com.thrblock.cino.glprocessor.GLEventProcessor - GL reshape:0,0,914,554
2018-01-10 13:03:34 INFO  com.thrblock.cino.glprocessor.GLEventProcessor - GL reshape:0,0,914,555
2018-01-10 13:03:34 INFO  com.thrblock.cino.glprocessor.GLEventProcessor - GL reshape:0,0,914,558
2018-01-10 13:03:34 INFO  com.thrblock.cino.glprocessor.GLEventProcessor - GL reshape:0,0,914,559
2018-01-10 13:03:34 INFO  com.thrblock.cino.glprocessor.GLEventProcessor - GL reshape:0,0,913,559
2018-01-10 13:03:34 INFO  com.thrblock.cino.glprocessor.GLEventProcessor - GL reshape:0,0,910,558
2018-01-10 13:03:34 INFO  com.thrblock.cino.glprocessor.GLEventProcessor - GL reshape:0,0,907,556
2018-01-10 13:03:34 INFO  com.thrblock.cino.glprocessor.GLEventProcessor - GL reshape:0,0,904,552
2018-01-10 13:03:34 INFO  com.thrblock.cino.glprocessor.GLEventProcessor - GL reshape:0,0,900,541
2018-01-10 13:03:34 INFO  com.thrblock.cino.glprocessor.GLEventProcessor - GL reshape:0,0,893,520
2018-01-10 13:03:34 INFO  com.thrblock.cino.glprocessor.GLEventProcessor - GL reshape:0,0,891,500
2018-01-10 13:03:34 INFO  com.thrblock.cino.glprocessor.GLEventProcessor - GL reshape:0,0,887,468
2018-01-10 13:03:34 INFO  com.thrblock.cino.glprocessor.GLEventProcessor - GL reshape:0,0,882,417
2018-01-10 13:03:34 INFO  com.thrblock.cino.glprocessor.GLEventProcessor - GL reshape:0,0,872,346
2018-01-10 13:03:34 INFO  com.thrblock.cino.glprocessor.GLEventProcessor - GL reshape:0,0,860,277
2018-01-10 13:03:34 INFO  com.thrblock.cino.glprocessor.GLEventProcessor - GL reshape:0,0,853,240
2018-01-10 13:03:34 INFO  com.thrblock.cino.glprocessor.GLEventProcessor - GL reshape:0,0,851,220
2018-01-10 13:03:34 INFO  com.thrblock.cino.glprocessor.GLEventProcessor - GL reshape:0,0,850,212
2018-01-10 13:03:34 INFO  com.thrblock.cino.glprocessor.GLEventProcessor - GL reshape:0,0,849,210
2018-01-10 13:03:35 INFO  com.thrblock.cino.glprocessor.GLEventProcessor - GL reshape:0,0,849,214
2018-01-10 13:03:35 INFO  com.thrblock.cino.glprocessor.GLEventProcessor - GL reshape:0,0,849,230
2018-01-10 13:03:35 INFO  com.thrblock.cino.glprocessor.GLEventProcessor - GL reshape:0,0,849,246
2018-01-10 13:03:35 INFO  com.thrblock.cino.glprocessor.GLEventProcessor - GL reshape:0,0,849,270
2018-01-10 13:03:35 INFO  com.thrblock.cino.glprocessor.GLEventProcessor - GL reshape:0,0,849,294
2018-01-10 13:03:35 INFO  com.thrblock.cino.glprocessor.GLEventProcessor - GL reshape:0,0,849,316
2018-01-10 13:03:35 INFO  com.thrblock.cino.glprocessor.GLEventProcessor - GL reshape:0,0,856,340
2018-01-10 13:03:35 INFO  com.thrblock.cino.glprocessor.GLEventProcessor - GL reshape:0,0,864,360
2018-01-10 13:03:35 INFO  com.thrblock.cino.glprocessor.GLEventProcessor - GL reshape:0,0,870,373
2018-01-10 13:03:35 INFO  com.thrblock.cino.glprocessor.GLEventProcessor - GL reshape:0,0,873,382
2018-01-10 13:03:35 INFO  com.thrblock.cino.glprocessor.GLEventProcessor - GL reshape:0,0,877,385
2018-01-10 13:03:35 INFO  com.thrblock.cino.glprocessor.GLEventProcessor - GL reshape:0,0,883,390
2018-01-10 13:03:35 INFO  com.thrblock.cino.glprocessor.GLEventProcessor - GL reshape:0,0,884,390
2018-01-10 13:07:06 INFO  com.thrblock.cino.util.SmartConfig - source:frame.smt
2018-01-10 13:07:06 INFO  com.thrblock.cino.util.SmartConfig - OS Mapped:WINDOWS 10,Location:./cino-frame.properties
2018-01-10 13:07:07 INFO  com.thrblock.cino.CinoAnnotationProcessor - processing annotation of beans
2018-01-10 13:07:07 WARN  com.thrblock.cino.gllayer.GLLayerManager - layer not found:0
2018-01-10 13:07:07 INFO  com.thrblock.cino.gllayer.GLLayerManager - layer auto generated:0
2018-01-10 13:07:07 WARN  com.thrblock.cino.gllayer.GLLayerManager - layer not found:1
2018-01-10 13:07:07 INFO  com.thrblock.cino.gllayer.GLLayerManager - layer auto generated:1
2018-01-10 13:07:10 INFO  com.thrblock.cino.frame.AWTFrameFactory - graphics device you are current using:Win32GraphicsDevice[screen=0]
2018-01-10 13:07:10 INFO  com.thrblock.cino.glprocessor.GLEventProcessor - GL init
2018-01-10 13:07:10 INFO  com.thrblock.cino.glprocessor.GLEventProcessor - The Renderer you are current using:GeForce MX150/PCIe/SSE2
2018-01-10 13:07:10 INFO  com.thrblock.cino.glprocessor.GLEventProcessor - The Renderer driver version is 4.5.0 NVIDIA 382.64
2018-01-10 13:07:10 INFO  com.thrblock.cino.glprocessor.GLEventProcessor - GL reshape:0,0,300,320
2018-01-10 13:07:11 INFO  com.thrblock.cino.glprocessor.GLEventProcessor - GL reshape:0,0,1304,745
2018-01-10 13:07:19 INFO  com.thrblock.cino.glprocessor.GLEventProcessor - GL reshape:0,0,300,320
2018-01-10 13:07:40 INFO  com.thrblock.cino.util.SmartConfig - source:frame.smt
2018-01-10 13:07:40 INFO  com.thrblock.cino.util.SmartConfig - OS Mapped:WINDOWS 10,Location:./cino-frame.properties
2018-01-10 13:07:41 INFO  com.thrblock.cino.CinoAnnotationProcessor - processing annotation of beans
2018-01-10 13:07:41 WARN  com.thrblock.cino.gllayer.GLLayerManager - layer not found:0
2018-01-10 13:07:41 INFO  com.thrblock.cino.gllayer.GLLayerManager - layer auto generated:0
2018-01-10 13:07:41 WARN  com.thrblock.cino.gllayer.GLLayerManager - layer not found:1
2018-01-10 13:07:41 INFO  com.thrblock.cino.gllayer.GLLayerManager - layer auto generated:1
2018-01-10 13:07:44 INFO  com.thrblock.cino.frame.AWTFrameFactory - graphics device you are current using:Win32GraphicsDevice[screen=0]
2018-01-10 13:07:44 INFO  com.thrblock.cino.glprocessor.GLEventProcessor - GL init
2018-01-10 13:07:44 INFO  com.thrblock.cino.glprocessor.GLEventProcessor - The Renderer you are current using:GeForce MX150/PCIe/SSE2
2018-01-10 13:07:44 INFO  com.thrblock.cino.glprocessor.GLEventProcessor - The Renderer driver version is 4.5.0 NVIDIA 382.64
2018-01-10 13:07:44 INFO  com.thrblock.cino.glprocessor.GLEventProcessor - GL reshape:0,0,300,320
2018-01-10 13:14:43 INFO  com.thrblock.cino.util.SmartConfig - source:frame.smt
2018-01-10 13:14:43 INFO  com.thrblock.cino.util.SmartConfig - OS Mapped:WINDOWS 10,Location:./cino-frame.properties
2018-01-10 13:14:44 INFO  com.thrblock.cino.CinoAnnotationProcessor - processing annotation of beans
2018-01-10 13:14:44 WARN  com.thrblock.cino.gllayer.GLLayerManager - layer not found:0
2018-01-10 13:14:44 INFO  com.thrblock.cino.gllayer.GLLayerManager - layer auto generated:0
2018-01-10 13:14:44 WARN  com.thrblock.cino.gllayer.GLLayerManager - layer not found:1
2018-01-10 13:14:44 INFO  com.thrblock.cino.gllayer.GLLayerManager - layer auto generated:1
2018-01-10 13:14:47 INFO  com.thrblock.cino.frame.AWTFrameFactory - graphics device you are current using:Win32GraphicsDevice[screen=0]
2018-01-10 13:14:47 INFO  com.thrblock.cino.glprocessor.GLEventProcessor - GL init
2018-01-10 13:14:47 INFO  com.thrblock.cino.glprocessor.GLEventProcessor - The Renderer you are current using:GeForce MX150/PCIe/SSE2
2018-01-10 13:14:47 INFO  com.thrblock.cino.glprocessor.GLEventProcessor - The Renderer driver version is 4.5.0 NVIDIA 382.64
2018-01-10 13:14:47 INFO  com.thrblock.cino.glprocessor.GLEventProcessor - GL reshape:0,0,300,320
