2018-01-09 17:29:43 INFO  com.thrblock.cino.gllayer.GLLayerManager - layer auto generated:1
2018-01-09 17:29:47 INFO  com.thrblock.cino.frame.AWTFrameFactory - graphics device you are current using:Win32GraphicsDevice[screen=0]
2018-01-09 17:29:47 INFO  com.thrblock.cino.glprocessor.GLEventProcessor - GL init
2018-01-09 17:29:47 INFO  com.thrblock.cino.glprocessor.GLEventProcessor - The Renderer you are current using:GeForce MX150/PCIe/SSE2
2018-01-09 17:29:47 INFO  com.thrblock.cino.glprocessor.GLEventProcessor - The Renderer driver version is 4.5.0 NVIDIA 382.64
2018-01-09 17:29:47 INFO  com.thrblock.cino.glprocessor.GLEventProcessor - GL reshape:0,0,300,320
2018-01-09 17:51:05 INFO  com.thrblock.cino.glprocessor.GLEventProcessor - GL dispose
2018-01-09 19:49:44 INFO  com.thrblock.cino.util.SmartConfig - source:frame.smt
2018-01-09 19:49:44 INFO  com.thrblock.cino.util.SmartConfig - OS Mapped:WINDOWS 10,Location:./cino-frame.properties
2018-01-09 19:49:44 INFO  com.thrblock.cino.CinoAnnotationProcessor - processing annotation of beans
2018-01-09 19:49:45 WARN  com.thrblock.cino.gllayer.GLLayerManager - layer not found:0
2018-01-09 19:49:45 INFO  com.thrblock.cino.gllayer.GLLayerManager - layer auto generated:0
2018-01-09 19:49:45 WARN  com.thrblock.cino.gllayer.GLLayerManager - layer not found:1
2018-01-09 19:49:45 INFO  com.thrblock.cino.gllayer.GLLayerManager - layer auto generated:1
2018-01-09 19:49:47 INFO  com.thrblock.cino.frame.AWTFrameFactory - graphics device you are current using:Win32GraphicsDevice[screen=0]
2018-01-09 19:49:47 INFO  com.thrblock.cino.glprocessor.GLEventProcessor - GL init
2018-01-09 19:49:47 INFO  com.thrblock.cino.glprocessor.GLEventProcessor - The Renderer you are current using:GeForce MX150/PCIe/SSE2
2018-01-09 19:49:47 INFO  com.thrblock.cino.glprocessor.GLEventProcessor - The Renderer driver version is 4.5.0 NVIDIA 382.64
2018-01-09 19:49:47 INFO  com.thrblock.cino.glprocessor.GLEventProcessor - GL reshape:0,0,300,320
2018-01-09 19:50:42 INFO  com.thrblock.cino.util.SmartConfig - source:frame.smt
2018-01-09 19:50:42 INFO  com.thrblock.cino.util.SmartConfig - OS Mapped:WINDOWS 10,Location:./cino-frame.properties
2018-01-09 19:50:43 INFO  com.thrblock.cino.CinoAnnotationProcessor - processing annotation of beans
2018-01-09 19:50:43 WARN  com.thrblock.cino.gllayer.GLLayerManager - layer not found:0
2018-01-09 19:50:43 INFO  com.thrblock.cino.gllayer.GLLayerManager - layer auto generated:0
2018-01-09 19:50:43 WARN  com.thrblock.cino.gllayer.GLLayerManager - layer not found:1
2018-01-09 19:50:43 INFO  com.thrblock.cino.gllayer.GLLayerManager - layer auto generated:1
2018-01-09 19:50:46 INFO  com.thrblock.cino.frame.AWTFrameFactory - graphics device you are current using:Win32GraphicsDevice[screen=0]
2018-01-09 19:50:46 INFO  com.thrblock.cino.glprocessor.GLEventProcessor - GL init
2018-01-09 19:50:46 INFO  com.thrblock.cino.glprocessor.GLEventProcessor - The Renderer you are current using:GeForce MX150/PCIe/SSE2
2018-01-09 19:50:46 INFO  com.thrblock.cino.glprocessor.GLEventProcessor - The Renderer driver version is 4.5.0 NVIDIA 382.64
2018-01-09 19:50:46 INFO  com.thrblock.cino.glprocessor.GLEventProcessor - GL reshape:0,0,300,320
2018-01-09 20:11:40 INFO  com.thrblock.cino.util.SmartConfig - source:frame.smt
2018-01-09 20:11:40 INFO  com.thrblock.cino.util.SmartConfig - OS Mapped:WINDOWS 10,Location:./cino-frame.properties
2018-01-09 20:11:41 INFO  com.thrblock.cino.CinoAnnotationProcessor - processing annotation of beans
2018-01-09 20:11:41 WARN  com.thrblock.cino.gllayer.GLLayerManager - layer not found:0
2018-01-09 20:11:41 INFO  com.thrblock.cino.gllayer.GLLayerManager - layer auto generated:0
2018-01-09 20:11:41 WARN  com.thrblock.cino.gllayer.GLLayerManager - layer not found:1
2018-01-09 20:11:41 INFO  com.thrblock.cino.gllayer.GLLayerManager - layer auto generated:1
2018-01-09 20:11:44 INFO  com.thrblock.cino.frame.AWTFrameFactory - graphics device you are current using:Win32GraphicsDevice[screen=0]
2018-01-09 20:11:44 INFO  com.thrblock.cino.glprocessor.GLEventProcessor - GL init
2018-01-09 20:11:44 INFO  com.thrblock.cino.glprocessor.GLEventProcessor - The Renderer you are current using:GeForce MX150/PCIe/SSE2
2018-01-09 20:11:44 INFO  com.thrblock.cino.glprocessor.GLEventProcessor - The Renderer driver version is 4.5.0 NVIDIA 382.64
2018-01-09 20:11:44 INFO  com.thrblock.cino.glprocessor.GLEventProcessor - GL reshape:0,0,300,320
2018-01-09 20:24:02 INFO  com.thrblock.cino.glprocessor.GLEventProcessor - GL dispose
2018-01-09 23:10:57 INFO  com.thrblock.cino.util.SmartConfig - source:frame.smt
2018-01-09 23:10:57 INFO  com.thrblock.cino.util.SmartConfig - OS Mapped:WINDOWS 10,Location:./cino-frame.properties
2018-01-09 23:10:58 INFO  com.thrblock.cino.CinoAnnotationProcessor - processing annotation of beans
2018-01-09 23:10:58 WARN  com.thrblock.cino.gllayer.GLLayerManager - layer not found:0
2018-01-09 23:10:58 INFO  com.thrblock.cino.gllayer.GLLayerManager - layer auto generated:0
2018-01-09 23:10:58 WARN  com.thrblock.cino.gllayer.GLLayerManager - layer not found:1
2018-01-09 23:10:58 INFO  com.thrblock.cino.gllayer.GLLayerManager - layer auto generated:1
2018-01-09 23:11:01 INFO  com.thrblock.cino.frame.AWTFrameFactory - graphics device you are current using:Win32GraphicsDevice[screen=0]
2018-01-09 23:11:01 INFO  com.thrblock.cino.glprocessor.GLEventProcessor - GL init
2018-01-09 23:11:01 INFO  com.thrblock.cino.glprocessor.GLEventProcessor - The Renderer you are current using:GeForce MX150/PCIe/SSE2
2018-01-09 23:11:01 INFO  com.thrblock.cino.glprocessor.GLEventProcessor - The Renderer driver version is 4.5.0 NVIDIA 382.64
2018-01-09 23:11:01 INFO  com.thrblock.cino.glprocessor.GLEventProcessor - GL reshape:0,0,300,320
2018-01-09 23:13:41 INFO  com.thrblock.cino.glprocessor.GLEventProcessor - GL dispose
2018-01-09 23:23:08 INFO  com.thrblock.cino.util.SmartConfig - source:frame.smt
2018-01-09 23:23:08 INFO  com.thrblock.cino.util.SmartConfig - OS Mapped:WINDOWS 10,Location:./cino-frame.properties
2018-01-09 23:23:08 INFO  com.thrblock.cino.CinoAnnotationProcessor - processing annotation of beans
2018-01-09 23:23:08 WARN  com.thrblock.cino.gllayer.GLLayerManager - layer not found:0
2018-01-09 23:23:08 INFO  com.thrblock.cino.gllayer.GLLayerManager - layer auto generated:0
2018-01-09 23:23:08 WARN  com.thrblock.cino.gllayer.GLLayerManager - layer not found:1
2018-01-09 23:23:08 INFO  com.thrblock.cino.gllayer.GLLayerManager - layer auto generated:1
2018-01-09 23:23:11 INFO  com.thrblock.cino.frame.AWTFrameFactory - graphics device you are current using:Win32GraphicsDevice[screen=0]
2018-01-09 23:23:11 INFO  com.thrblock.cino.glprocessor.GLEventProcessor - GL init
2018-01-09 23:23:11 INFO  com.thrblock.cino.glprocessor.GLEventProcessor - The Renderer you are current using:GeForce MX150/PCIe/SSE2
2018-01-09 23:23:11 INFO  com.thrblock.cino.glprocessor.GLEventProcessor - The Renderer driver version is 4.5.0 NVIDIA 382.64
2018-01-09 23:23:11 INFO  com.thrblock.cino.glprocessor.GLEventProcessor - GL reshape:0,0,300,320
2018-01-09 23:23:24 INFO  com.thrblock.cino.glprocessor.GLEventProcessor - GL dispose
2018-01-10 12:33:24 INFO  com.thrblock.cino.util.SmartConfig - source:frame.smt
2018-01-10 12:33:24 INFO  com.thrblock.cino.util.SmartConfig - OS Mapped:WINDOWS 10,Location:./cino-frame.properties
2018-01-10 12:33:25 INFO  com.thrblock.cino.CinoAnnotationProcessor - processing annotation of beans
2018-01-10 12:33:25 WARN  com.thrblock.cino.gllayer.GLLayerManager - layer not found:0
2018-01-10 12:33:25 INFO  com.thrblock.cino.gllayer.GLLayerManager - layer auto generated:0
2018-01-10 12:33:25 WARN  com.thrblock.cino.gllayer.GLLayerManager - layer not found:1
2018-01-10 12:33:25 INFO  com.thrblock.cino.gllayer.GLLayerManager - layer auto generated:1
2018-01-10 12:33:28 INFO  com.thrblock.cino.frame.AWTFrameFactory - graphics device you are current using:Win32GraphicsDevice[screen=0]
2018-01-10 12:33:28 INFO  com.thrblock.cino.glprocessor.GLEventProcessor - GL init
2018-01-10 12:33:28 INFO  com.thrblock.cino.glprocessor.GLEventProcessor - The Renderer you are current using:GeForce MX150/PCIe/SSE2
2018-01-10 12:33:28 INFO  com.thrblock.cino.glprocessor.GLEventProcessor - The Renderer driver version is 4.5.0 NVIDIA 382.64
2018-01-10 12:33:28 INFO  com.thrblock.cino.glprocessor.GLEventProcessor - GL reshape:0,0,300,320
2018-01-10 12:34:44 INFO  com.thrblock.cino.glprocessor.GLEventProcessor - GL dispose
2018-01-10 12:35:33 INFO  com.thrblock.cino.util.SmartConfig - source:frame.smt
2018-01-10 12:35:33 INFO  com.thrblock.cino.util.SmartConfig - OS Mapped:WINDOWS 10,Location:./cino-frame.properties
2018-01-10 12:35:33 INFO  com.thrblock.cino.CinoAnnotationProcessor - processing annotation of beans
2018-01-10 12:35:33 WARN  com.thrblock.cino.gllayer.GLLayerManager - layer not found:0
2018-01-10 12:35:33 INFO  com.thrblock.cino.gllayer.GLLayerManager - layer auto generated:0
2018-01-10 12:35:33 WARN  com.thrblock.cino.gllayer.GLLayerManager - layer not found:1
2018-01-10 12:35:33 INFO  com.thrblock.cino.gllayer.GLLayerManager - layer auto generated:1
2018-01-10 12:35:36 INFO  com.thrblock.cino.frame.AWTFrameFactory - graphics device you are current using:Win32GraphicsDevice[screen=0]
2018-01-10 12:35:36 INFO  com.thrblock.cino.glprocessor.GLEventProcessor - GL init
2018-01-10 12:35:36 INFO  com.thrblock.cino.glprocessor.GLEventProcessor - The Renderer you are current using:GeForce MX150/PCIe/SSE2
2018-01-10 12:35:36 INFO  com.thrblock.cino.glprocessor.GLEventProcessor - The Renderer driver version is 4.5.0 NVIDIA 382.64
2018-01-10 12:35:36 INFO  com.thrblock.cino.glprocessor.GLEventProcessor - GL reshape:0,0,300,320
2018-01-10 12:35:54 INFO  com.thrblock.cino.glprocessor.GLEventProcessor - GL dispose
2018-01-10 12:40:46 INFO  com.thrblock.cino.util.SmartConfig - source:frame.smt
2018-01-10 12:40:46 INFO  com.thrblock.cino.util.SmartConfig - OS Mapped:WINDOWS 10,Location:./cino-frame.properties
2018-01-10 12:40:46 INFO  com.thrblock.cino.CinoAnnotationProcessor - processing annotation of beans
2018-01-10 12:40:46 WARN  com.thrblock.cino.gllayer.GLLayerManager - layer not found:0
2018-01-10 12:40:46 INFO  com.thrblock.cino.gllayer.GLLayerManager - layer auto generated:0
2018-01-10 12:40:46 WARN  com.thrblock.cino.gllayer.GLLayerManager - layer not found:1
2018-01-10 12:40:46 INFO  com.thrblock.cino.gllayer.GLLayerManager - layer auto generated:1
2018-01-10 12:40:49 INFO  com.thrblock.cino.frame.AWTFrameFactory - graphics device you are current using:Win32GraphicsDevice[screen=0]
2018-01-10 12:40:49 INFO  com.thrblock.cino.glprocessor.GLEventProcessor - GL init
2018-01-10 12:40:49 INFO  com.thrblock.cino.glprocessor.GLEventProcessor - The Renderer you are current using:GeForce MX150/PCIe/SSE2
2018-01-10 12:40:49 INFO  com.thrblock.cino.glprocessor.GLEventProcessor - The Renderer driver version is 4.5.0 NVIDIA 382.64
2018-01-10 12:40:49 INFO  com.thrblock.cino.glprocessor.GLEventProcessor - GL reshape:0,0,300,320
2018-01-10 12:49:01 INFO  com.thrblock.cino.util.SmartConfig - source:frame.smt
2018-01-10 12:49:01 INFO  com.thrblock.cino.util.SmartConfig - OS Mapped:WINDOWS 10,Location:./cino-frame.properties
2018-01-10 12:49:01 INFO  com.thrblock.cino.CinoAnnotationProcessor - processing annotation of beans
2018-01-10 12:49:01 WARN  com.thrblock.cino.gllayer.GLLayerManager - layer not found:0
2018-01-10 12:49:01 INFO  com.thrblock.cino.gllayer.GLLayerManager - layer auto generated:0
2018-01-10 12:49:01 WARN  com.thrblock.cino.gllayer.GLLayerManager - layer not found:1
2018-01-10 12:49:01 INFO  com.thrblock.cino.gllayer.GLLayerManager - layer auto generated:1
2018-01-10 12:49:04 INFO  com.thrblock.cino.frame.AWTFrameFactory - graphics device you are current using:Win32GraphicsDevice[screen=0]
2018-01-10 12:49:04 INFO  com.thrblock.cino.glprocessor.GLEventProcessor - GL init
2018-01-10 12:49:04 INFO  com.thrblock.cino.glprocessor.GLEventProcessor - The Renderer you are current using:GeForce MX150/PCIe/SSE2
2018-01-10 12:49:04 INFO  com.thrblock.cino.glprocessor.GLEventProcessor - The Renderer driver version is 4.5.0 NVIDIA 382.64
2018-01-10 12:49:04 INFO  com.thrblock.cino.glprocessor.GLEventProcessor - GL reshape:0,0,300,320
2018-01-10 12:49:43 INFO  com.thrblock.cino.util.SmartConfig - source:frame.smt
2018-01-10 12:49:43 INFO  com.thrblock.cino.util.SmartConfig - OS Mapped:WINDOWS 10,Location:./cino-frame.properties
2018-01-10 12:49:44 INFO  com.thrblock.cino.CinoAnnotationProcessor - processing annotation of beans
2018-01-10 12:49:44 WARN  com.thrblock.cino.gllayer.GLLayerManager - layer not found:0
2018-01-10 12:49:44 INFO  com.thrblock.cino.gllayer.GLLayerManager - layer auto generated:0
2018-01-10 12:49:44 WARN  com.thrblock.cino.gllayer.GLLayerManager - layer not found:1
2018-01-10 12:49:44 INFO  com.thrblock.cino.gllayer.GLLayerManager - layer auto generated:1
2018-01-10 12:49:47 INFO  com.thrblock.cino.frame.AWTFrameFactory - graphics device you are current using:Win32GraphicsDevice[screen=0]
2018-01-10 12:49:47 INFO  com.thrblock.cino.glprocessor.GLEventProcessor - GL init
2018-01-10 12:49:47 INFO  com.thrblock.cino.glprocessor.GLEventProcessor - The Renderer you are current using:GeForce MX150/PCIe/SSE2
2018-01-10 12:49:47 INFO  com.thrblock.cino.glprocessor.GLEventProcessor - The Renderer driver version is 4.5.0 NVIDIA 382.64
2018-01-10 12:49:47 INFO  com.thrblock.cino.glprocessor.GLEventProcessor - GL reshape:0,0,300,320
2018-01-10 12:50:04 INFO  com.thrblock.cino.util.SmartConfig - source:frame.smt
2018-01-10 12:50:04 INFO  com.thrblock.cino.util.SmartConfig - OS Mapped:WINDOWS 10,Location:./cino-frame.properties
2018-01-10 12:50:04 INFO  com.thrblock.cino.CinoAnnotationProcessor - processing annotation of beans
2018-01-10 12:50:04 WARN  com.thrblock.cino.gllayer.GLLayerManager - layer not found:0
2018-01-10 12:50:04 INFO  com.thrblock.cino.gllayer.GLLayerManager - layer auto generated:0
2018-01-10 12:50:04 WARN  com.thrblock.cino.gllayer.GLLayerManager - layer not found:1
2018-01-10 12:50:04 INFO  com.thrblock.cino.gllayer.GLLayerManager - layer auto generated:1
2018-01-10 12:50:07 INFO  com.thrblock.cino.frame.AWTFrameFactory - graphics device you are current using:Win32GraphicsDevice[screen=0]
2018-01-10 12:50:07 INFO  com.thrblock.cino.glprocessor.GLEventProcessor - GL init
2018-01-10 12:50:07 INFO  com.thrblock.cino.glprocessor.GLEventProcessor - The Renderer you are current using:GeForce MX150/PCIe/SSE2
2018-01-10 12:50:07 INFO  com.thrblock.cino.glprocessor.GLEventProcessor - The Renderer driver version is 4.5.0 NVIDIA 382.64
2018-01-10 12:50:07 INFO  com.thrblock.cino.glprocessor.GLEventProcessor - GL reshape:0,0,300,320
2018-01-10 12:51:58 INFO  com.thrblock.cino.util.SmartConfig - source:frame.smt
2018-01-10 12:51:58 INFO  com.thrblock.cino.util.SmartConfig - OS Mapped:WINDOWS 10,Location:./cino-frame.properties
2018-01-10 12:51:58 INFO  com.thrblock.cino.CinoAnnotationProcessor - processing annotation of beans
2018-01-10 12:51:58 WARN  com.thrblock.cino.gllayer.GLLayerManager - layer not found:0
2018-01-10 12:51:58 INFO  com.thrblock.cino.gllayer.GLLayerManager - layer auto generated:0
2018-01-10 12:51:58 WARN  com.thrblock.cino.gllayer.GLLayerManager - layer not found:1
2018-01-10 12:51:58 INFO  com.thrblock.cino.gllayer.GLLayerManager - layer auto generated:1
2018-01-10 12:52:01 INFO  com.thrblock.cino.frame.AWTFrameFactory - graphics device you are current using:Win32GraphicsDevice[screen=0]
2018-01-10 12:52:01 INFO  com.thrblock.cino.glprocessor.GLEventProcessor - GL init
2018-01-10 12:52:01 INFO  com.thrblock.cino.glprocessor.GLEventProcessor - The Renderer you are current using:GeForce MX150/PCIe/SSE2
2018-01-10 12:52:01 INFO  com.thrblock.cino.glprocessor.GLEventProcessor - The Renderer driver version is 4.5.0 NVIDIA 382.64
2018-01-10 12:52:01 INFO  com.thrblock.cino.glprocessor.GLEventProcessor - GL reshape:0,0,300,320
2018-01-10 12:52:16 INFO  com.thrblock.cino.util.SmartConfig - source:frame.smt
2018-01-10 12:52:16 INFO  com.thrblock.cino.util.SmartConfig - OS Mapped:WINDOWS 10,Location:./cino-frame.properties
2018-01-10 12:52:17 INFO  com.thrblock.cino.CinoAnnotationProcessor - processing annotation of beans
2018-01-10 12:52:17 WARN  com.thrblock.cino.gllayer.GLLayerManager - layer not found:0
2018-01-10 12:52:17 INFO  com.thrblock.cino.gllayer.GLLayerManager - layer auto generated:0
2018-01-10 12:52:17 WARN  com.thrblock.cino.gllayer.GLLayerManager - layer not found:1
2018-01-10 12:52:17 INFO  com.thrblock.cino.gllayer.GLLayerManager - layer auto generated:1
2018-01-10 12:52:20 INFO  com.thrblock.cino.frame.AWTFrameFactory - graphics device you are current using:Win32GraphicsDevice[screen=0]
2018-01-10 12:52:20 INFO  com.thrblock.cino.glprocessor.GLEventProcessor - GL init
2018-01-10 12:52:20 INFO  com.thrblock.cino.glprocessor.GLEventProcessor - The Renderer you are current using:GeForce MX150/PCIe/SSE2
2018-01-10 12:52:20 INFO  com.thrblock.cino.glprocessor.GLEventProcessor - The Renderer driver version is 4.5.0 NVIDIA 382.64
2018-01-10 12:52:20 INFO  com.thrblock.cino.glprocessor.GLEventProcessor - GL reshape:0,0,300,320
2018-01-10 12:53:32 INFO  com.thrblock.cino.glprocessor.GLEventProcessor - GL dispose
2018-01-10 12:53:49 INFO  com.thrblock.cino.util.SmartConfig - source:frame.smt
2018-01-10 12:53:49 INFO  com.thrblock.cino.util.SmartConfig - OS Mapped:WINDOWS 10,Location:./cino-frame.properties
2018-01-10 12:53:49 INFO  com.thrblock.cino.CinoAnnotationProcessor - processing annotation of beans
2018-01-10 12:53:49 WARN  com.thrblock.cino.gllayer.GLLayerManager - layer not found:0
2018-01-10 12:53:49 INFO  com.thrblock.cino.gllayer.GLLayerManager - layer auto generated:0
2018-01-10 12:53:49 WARN  com.thrblock.cino.gllayer.GLLayerManager - layer not found:1
2018-01-10 12:53:49 INFO  com.thrblock.cino.gllayer.GLLayerManager - layer auto generated:1
2018-01-10 12:53:52 INFO  com.thrblock.cino.frame.AWTFrameFactory - graphics device you are current using:Win32GraphicsDevice[screen=0]
2018-01-10 12:53:52 INFO  com.thrblock.cino.glprocessor.GLEventProcessor - GL init
2018-01-10 12:53:52 INFO  com.thrblock.cino.glprocessor.GLEventProcessor - The Renderer you are current using:GeForce MX150/PCIe/SSE2
2018-01-10 12:53:52 INFO  com.thrblock.cino.glprocessor.GLEventProcessor - The Renderer driver version is 4.5.0 NVIDIA 382.64
2018-01-10 12:53:52 INFO  com.thrblock.cino.glprocessor.GLEventProcessor - GL reshape:0,0,300,320
2018-01-10 12:54:43 INFO  com.thrblock.cino.glprocessor.GLEventProcessor - GL dispose
2018-01-10 12:59:06 INFO  com.thrblock.cino.util.SmartConfig - source:frame.smt
2018-01-10 12:59:06 INFO  com.thrblock.cino.util.SmartConfig - OS Mapped:WINDOWS 10,Location:./cino-frame.properties
2018-01-10 12:59:07 INFO  com.thrblock.cino.CinoAnnotationProcessor - processing annotation of beans
2018-01-10 12:59:07 WARN  com.thrblock.cino.gllayer.GLLayerManager - layer not found:0
2018-01-10 12:59:07 INFO  com.thrblock.cino.gllayer.GLLayerManager - layer auto generated:0
2018-01-10 12:59:07 WARN  com.thrblock.cino.gllayer.GLLayerManager - layer not found:1
2018-01-10 12:59:07 INFO  com.thrblock.cino.gllayer.GLLayerManager - layer auto generated:1
2018-01-10 12:59:10 INFO  com.thrblock.cino.frame.AWTFrameFactory - graphics device you are current using:Win32GraphicsDevice[screen=0]
2018-01-10 12:59:10 INFO  com.thrblock.cino.glprocessor.GLEventProcessor - GL init
2018-01-10 12:59:10 INFO  com.thrblock.cino.glprocessor.GLEventProcessor - The Renderer you are current using:GeForce MX150/PCIe/SSE2
2018-01-10 12:59:10 INFO  com.thrblock.cino.glprocessor.GLEventProcessor - The Renderer driver version is 4.5.0 NVIDIA 382.64
2018-01-10 12:59:10 INFO  com.thrblock.cino.glprocessor.GLEventProcessor - GL reshape:0,0,300,320
2018-01-10 13:00:04 INFO  com.thrblock.cino.util.SmartConfig - source:frame.smt
2018-01-10 13:00:04 INFO  com.thrblock.cino.util.SmartConfig - OS Mapped:WINDOWS 10,Location:./cino-frame.properties
2018-01-10 13:00:04 INFO  com.thrblock.cino.CinoAnnotationProcessor - processing annotation of beans
2018-01-10 13:00:04 WARN  com.thrblock.cino.gllayer.GLLayerManager - layer not found:0
2018-01-10 13:00:04 INFO  com.thrblock.cino.gllayer.GLLayerManager - layer auto generated:0
2018-01-10 13:00:04 WARN  com.thrblock.cino.gllayer.GLLayerManager - layer not found:1
2018-01-10 13:00:04 INFO  com.thrblock.cino.gllayer.GLLayerManager - layer auto generated:1
2018-01-10 13:00:07 INFO  com.thrblock.cino.frame.AWTFrameFactory - graphics device you are current using:Win32GraphicsDevice[screen=0]
2018-01-10 13:00:07 INFO  com.thrblock.cino.glprocessor.GLEventProcessor - GL init
2018-01-10 13:00:07 INFO  com.thrblock.cino.glprocessor.GLEventProcessor - The Renderer you are current using:GeForce MX150/PCIe/SSE2
2018-01-10 13:00:07 INFO  com.thrblock.cino.glprocessor.GLEventProcessor - The Renderer driver version is 4.5.0 NVIDIA 382.64
2018-01-10 13:00:07 INFO  com.thrblock.cino.glprocessor.GLEventProcessor - GL reshape:0,0,300,320
2018-01-10 13:00:08 INFO  com.thrblock.cino.glprocessor.GLEventProcessor - GL reshape:0,0,1304,745
2018-01-10 13:00:25 INFO  com.thrblock.cino.glprocessor.GLEventProcessor - GL reshape:0,0,300,320
2018-01-10 13:00:26 INFO  com.thrblock.cino.glprocessor.GLEventProcessor - GL reshape:0,0,1304,745
2018-01-10 13:00:40 INFO  com.thrblock.cino.glprocessor.GLEventProcessor - GL reshape:0,0,300,320
2018-01-10 13:01:41 INFO  com.thrblock.cino.glprocessor.GLEventProcessor - GL reshape:0,0,304,323
2018-01-10 13:01:41 INFO  com.thrblock.cino.glprocessor.GLEventProcessor - GL reshape:0,0,313,329
2018-01-10 13:01:41 INFO  com.thrblock.cino.glprocessor.GLEventProcessor - GL reshape:0,0,327,337
2018-01-10 13:01:41 INFO  com.thrblock.cino.glprocessor.GLEventProcessor - GL reshape:0,0,342,344
2018-01-10 13:01:41 INFO  com.thrblock.cino.glprocessor.GLEventProcessor - GL reshape:0,0,349,347
2018-01-10 13:01:41 INFO  com.thrblock.cino.glprocessor.GLEventProcessor - GL reshape:0,0,356,349
2018-01-10 13:01:41 INFO  com.thrblock.cino.glprocessor.GLEventProcessor - GL reshape:0,0,361,352
2018-01-10 13:01:41 INFO  com.thrblock.cino.glprocessor.GLEventProcessor - GL reshape:0,0,368,354
2018-01-10 13:01:41 INFO  com.thrblock.cino.glprocessor.GLEventProcessor - GL reshape:0,0,369,355
2018-01-10 13:01:41 INFO  com.thrblock.cino.glprocessor.GLEventProcessor - GL reshape:0,0,373,357
2018-01-10 13:01:41 INFO  com.thrblock.cino.glprocessor.GLEventProcessor - GL reshape:0,0,374,358
2018-01-10 13:01:41 INFO  com.thrblock.cino.glprocessor.GLEventProcessor - GL reshape:0,0,375,358
2018-01-10 13:01:41 INFO  com.thrblock.cino.glprocessor.GLEventProcessor - GL reshape:0,0,378,359
2018-01-10 13:01:41 INFO  com.thrblock.cino.glprocessor.GLEventProcessor - GL reshape:0,0,382,362
2018-01-10 13:01:41 INFO  com.thrblock.cino.glprocessor.GLEventProcessor - GL reshape:0,0,383,363
2018-01-10 13:01:41 INFO  com.thrblock.cino.glprocessor.GLEventProcessor - GL reshape:0,0,384,364
2018-01-10 13:01:41 INFO  com.thrblock.cino.glprocessor.GLEventProcessor - GL reshape:0,0,387,365
2018-01-10 13:01:41 INFO  com.thrblock.cino.glprocessor.GLEventProcessor - GL reshape:0,0,392,367
2018-01-10 13:01:41 INFO  com.thrblock.cino.glprocessor.GLEventProcessor - GL reshape:0,0,402,373
2018-01-10 13:01:41 INFO  com.thrblock.cino.glprocessor.GLEventProcessor - GL reshape:0,0,413,379
2018-01-10 13:01:41 INFO  com.thrblock.cino.glprocessor.GLEventProcessor - GL reshape:0,0,421,385
2018-01-10 13:01:41 INFO  com.thrblock.cino.glprocessor.GLEventProcessor - GL reshape:0,0,426,386
2018-01-10 13:01:41 INFO  com.thrblock.cino.glprocessor.GLEventProcessor - GL reshape:0,0,433,388
2018-01-10 13:01:41 INFO  com.thrblock.cino.glprocessor.GLEventProcessor - GL reshape:0,0,435,393
2018-01-10 13:01:41 INFO  com.thrblock.cino.glprocessor.GLEventProcessor - GL reshape:0,0,438,394
2018-01-10 13:01:41 INFO  com.thrblock.cino.glprocessor.GLEventProcessor - GL reshape:0,0,439,395
2018-01-10 13:01:41 INFO  com.thrblock.cino.glprocessor.GLEventProcessor - GL reshape:0,0,440,396
2018-01-10 13:01:41 INFO  com.thrblock.cino.glprocessor.GLEventProcessor - GL reshape:0,0,442,396
2018-01-10 13:01:41 INFO  com.thrblock.cino.glprocessor.GLEventProcessor - GL reshape:0,0,443,397
2018-01-10 13:01:41 INFO  com.thrblock.cino.glprocessor.GLEventProcessor - GL reshape:0,0,445,398
2018-01-10 13:01:41 INFO  com.thrblock.cino.glprocessor.GLEventProcessor - GL reshape:0,0,449,401
2018-01-10 13:01:41 INFO  com.thrblock.cino.glprocessor.GLEventProcessor - GL reshape:0,0,452,403
2018-01-10 13:01:41 INFO  com.thrblock.cino.glprocessor.GLEventProcessor - GL reshape:0,0,456,405
2018-01-10 13:01:41 INFO  com.thrblock.cino.glprocessor.GLEventProcessor - GL reshape:0,0,464,408
2018-01-10 13:01:41 INFO  com.thrblock.cino.glprocessor.GLEventProcessor - GL reshape:0,0,465,411
2018-01-10 13:01:41 INFO  com.thrblock.cino.glprocessor.GLEventProcessor - GL reshape:0,0,470,413
2018-01-10 13:01:41 INFO  com.thrblock.cino.glprocessor.GLEventProcessor - GL reshape:0,0,473,414
2018-01-10 13:01:41 INFO  com.thrblock.cino.glprocessor.GLEventProcessor - GL reshape:0,0,474,415
2018-01-10 13:01:41 INFO  com.thrblock.cino.glprocessor.GLEventProcessor - GL reshape:0,0,477,418
2018-01-10 13:01:41 INFO  com.thrblock.cino.glprocessor.GLEventProcessor - GL reshape:0,0,477,419
2018-01-10 13:01:41 INFO  com.thrblock.cino.glprocessor.GLEventProcessor - GL reshape:0,0,480,419
2018-01-10 13:01:41 INFO  com.thrblock.cino.glprocessor.GLEventProcessor - GL reshape:0,0,481,420
2018-01-10 13:01:41 INFO  com.thrblock.cino.glprocessor.GLEventProcessor - GL reshape:0,0,482,420
2018-01-10 13:01:41 INFO  com.thrblock.cino.glprocessor.GLEventProcessor - GL reshape:0,0,484,420
2018-01-10 13:01:41 INFO  com.thrblock.cino.glprocessor.GLEventProcessor - GL reshape:0,0,487,422
2018-01-10 13:01:41 INFO  com.thrblock.cino.glprocessor.GLEventProcessor - GL reshape:0,0,488,422
2018-01-10 13:01:41 INFO  com.thrblock.cino.glprocessor.GLEventProcessor - GL reshape:0,0,490,423
2018-01-10 13:01:42 INFO  com.thrblock.cino.glprocessor.GLEventProcessor - GL reshape:0,0,492,422
2018-01-10 13:01:42 INFO  com.thrblock.cino.glprocessor.GLEventProcessor - GL reshape:0,0,493,422
2018-01-10 13:01:42 INFO  com.thrblock.cino.glprocessor.GLEventProcessor - GL reshape:0,0,493,421
2018-01-10 13:01:42 INFO  com.thrblock.cino.glprocessor.GLEventProcessor - GL reshape:0,0,494,420
2018-01-10 13:01:42 INFO  com.thrblock.cino.glprocessor.GLEventProcessor - GL reshape:0,0,495,419
2018-01-10 13:01:42 INFO  com.thrblock.cino.glprocessor.GLEventProcessor - GL reshape:0,0,497,417
2018-01-10 13:01:42 INFO  com.thrblock.cino.glprocessor.GLEventProcessor - GL reshape:0,0,497,416
2018-01-10 13:01:42 INFO  com.thrblock.cino.glprocessor.GLEventProcessor - GL reshape:0,0,498,415
2018-01-10 13:01:42 INFO  com.thrblock.cino.glprocessor.GLEventProcessor - GL reshape:0,0,499,414
2018-01-10 13:01:42 INFO  com.thrblock.cino.glprocessor.GLEventProcessor - GL reshape:0,0,501,412
2018-01-10 13:01:42 INFO  com.thrblock.cino.glprocessor.GLEventProcessor - GL reshape:0,0,502,411
2018-01-10 13:01:42 INFO  com.thrblock.cino.glprocessor.GLEventProcessor - GL reshape:0,0,503,410
2018-01-10 13:01:42 INFO  com.thrblock.cino.glprocessor.GLEventProcessor - GL reshape:0,0,504,409
2018-01-10 13:01:42 INFO  com.thrblock.cino.glprocessor.GLEventProcessor - GL reshape:0,0,506,406
2018-01-10 13:01:42 INFO  com.thrblock.cino.glprocessor.GLEventProcessor - GL reshape:0,0,508,404
2018-01-10 13:01:42 INFO  com.thrblock.cino.glprocessor.GLEventProcessor - GL reshape:0,0,509,404
2018-01-10 13:01:42 INFO  com.thrblock.cino.glprocessor.GLEventProcessor - GL reshape:0,0,511,401
2018-01-10 13:01:42 INFO  com.thrblock.cino.glprocessor.GLEventProcessor - GL reshape:0,0,512,399
2018-01-10 13:01:42 INFO  com.thrblock.cino.glprocessor.GLEventProcessor - GL reshape:0,0,513,398
2018-01-10 13:01:42 INFO  com.thrblock.cino.glprocessor.GLEventProcessor - GL reshape:0,0,517,394
2018-01-10 13:01:42 INFO  com.thrblock.cino.glprocessor.GLEventProcessor - GL reshape:0,0,519,392
2018-01-10 13:01:42 INFO  com.thrblock.cino.glprocessor.GLEventProcessor - GL reshape:0,0,521,389
2018-01-10 13:01:42 INFO  com.thrblock.cino.glprocessor.GLEventProcessor - GL reshape:0,0,523,387
2018-01-10 13:01:42 INFO  com.thrblock.cino.glprocessor.GLEventProcessor - GL reshape:0,0,525,384
2018-01-10 13:01:42 INFO  com.thrblock.cino.glprocessor.GLEventProcessor - GL reshape:0,0,526,382
2018-01-10 13:01:42 INFO  com.thrblock.cino.glprocessor.GLEventProcessor - GL reshape:0,0,530,379
2018-01-10 13:01:42 INFO  com.thrblock.cino.glprocessor.GLEventProcessor - GL reshape:0,0,532,376
2018-01-10 13:01:42 INFO  com.thrblock.cino.glprocessor.GLEventProcessor - GL reshape:0,0,533,375
2018-01-10 13:01:42 INFO  com.thrblock.cino.glprocessor.GLEventProcessor - GL reshape:0,0,535,374
2018-01-10 13:01:42 INFO  com.thrblock.cino.glprocessor.GLEventProcessor - GL reshape:0,0,536,372
2018-01-10 13:01:42 INFO  com.thrblock.cino.glprocessor.GLEventProcessor - GL reshape:0,0,537,371
2018-01-10 13:01:42 INFO  com.thrblock.cino.glprocessor.GLEventProcessor - GL reshape:0,0,538,370
2018-01-10 13:01:42 INFO  com.thrblock.cino.glprocessor.GLEventProcessor - GL reshape:0,0,539,369
2018-01-10 13:01:42 INFO  com.thrblock.cino.glprocessor.GLEventProcessor - GL reshape:0,0,541,369
2018-01-10 13:01:42 INFO  com.thrblock.cino.glprocessor.GLEventProcessor - GL reshape:0,0,543,368
2018-01-10 13:01:42 INFO  com.thrblock.cino.glprocessor.GLEventProcessor - GL reshape:0,0,544,366
2018-01-10 13:01:42 INFO  com.thrblock.cino.glprocessor.GLEventProcessor - GL reshape:0,0,545,365
2018-01-10 13:01:42 INFO  com.thrblock.cino.glprocessor.GLEventProcessor - GL reshape:0,0,546,364
2018-01-10 13:01:42 INFO  com.thrblock.cino.glprocessor.GLEventProcessor - GL reshape:0,0,548,364
2018-01-10 13:01:42 INFO  com.thrblock.cino.glprocessor.GLEventProcessor - GL reshape:0,0,548,363
2018-01-10 13:01:42 INFO  com.thrblock.cino.glprocessor.GLEventProcessor - GL reshape:0,0,549,363
2018-01-10 13:01:42 INFO  com.thrblock.cino.glprocessor.GLEventProcessor - GL reshape:0,0,552,361
2018-01-10 13:01:42 INFO  com.thrblock.cino.glprocessor.GLEventProcessor - GL reshape:0,0,552,360
2018-01-10 13:01:42 INFO  com.thrblock.cino.glprocessor.GLEventProcessor - GL reshape:0,0,554,360
2018-01-10 13:01:42 INFO  com.thrblock.cino.glprocessor.GLEventProcessor - GL reshape:0,0,556,360
2018-01-10 13:01:42 INFO  com.thrblock.cino.glprocessor.GLEventProcessor - GL reshape:0,0,558,359
2018-01-10 13:01:42 INFO  com.thrblock.cino.glprocessor.GLEventProcessor - GL reshape:0,0,559,358
2018-01-10 13:01:42 INFO  com.thrblock.cino.glprocessor.GLEventProcessor - GL reshape:0,0,561,358
2018-01-10 13:01:42 INFO  com.thrblock.cino.glprocessor.GLEventProcessor - GL reshape:0,0,563,357
2018-01-10 13:01:42 INFO  com.thrblock.cino.glprocessor.GLEventProcessor - GL reshape:0,0,564,357
2018-01-10 13:01:42 INFO  com.thrblock.cino.glprocessor.GLEventProcessor - GL reshape:0,0,564,356
2018-01-10 13:01:42 INFO  com.thrblock.cino.glprocessor.GLEventProcessor - GL reshape:0,0,566,355
2018-01-10 13:01:42 INFO  com.thrblock.cino.glprocessor.GLEventProcessor - GL reshape:0,0,568,354
2018-01-10 13:01:42 INFO  com.thrblock.cino.glprocessor.GLEventProcessor - GL reshape:0,0,570,354
2018-01-10 13:01:42 INFO  com.thrblock.cino.glprocessor.GLEventProcessor - GL reshape:0,0,571,354
2018-01-10 13:01:42 INFO  com.thrblock.cino.glprocessor.GLEventProcessor - GL reshape:0,0,573,353
2018-01-10 13:01:42 INFO  com.thrblock.cino.glprocessor.GLEventProcessor - GL reshape:0,0,576,352
2018-01-10 13:01:42 INFO  com.thrblock.cino.glprocessor.GLEventProcessor - GL reshape:0,0,577,352
2018-01-10 13:01:42 INFO  com.thrblock.cino.glprocessor.GLEventProcessor - GL reshape:0,0,577,351
2018-01-10 13:01:42 INFO  com.thrblock.cino.glprocessor.GLEventProcessor - GL reshape:0,0,578,351
2018-01-10 13:01:42 INFO  com.thrblock.cino.glprocessor.GLEventProcessor - GL reshape:0,0,580,351
2018-01-10 13:01:42 INFO  com.thrblock.cino.glprocessor.GLEventProcessor - GL reshape:0,0,581,350
2018-01-10 13:01:42 INFO  com.thrblock.cino.glprocessor.GLEventProcessor - GL reshape:0,0,582,350
2018-01-10 13:01:42 INFO  com.thrblock.cino.glprocessor.GLEventProcessor - GL reshape:0,0,584,350
2018-01-10 13:01:42 INFO  com.thrblock.cino.glprocessor.GLEventProcessor - GL reshape:0,0,585,349
