2018-01-08 23:36:46 WARN  com.thrblock.cino.gllayer.GLLayerManager - layer not found:1
2018-01-08 23:36:46 INFO  com.thrblock.cino.gllayer.GLLayerManager - layer auto generated:1
2018-01-08 23:36:49 INFO  com.thrblock.cino.frame.AWTFrameFactory - graphics device you are current using:Win32GraphicsDevice[screen=0]
2018-01-08 23:36:49 INFO  com.thrblock.cino.glprocessor.GLEventProcessor - GL init
2018-01-08 23:36:49 INFO  com.thrblock.cino.glprocessor.GLEventProcessor - The Renderer you are current using:GeForce MX150/PCIe/SSE2
2018-01-08 23:36:49 INFO  com.thrblock.cino.glprocessor.GLEventProcessor - The Renderer driver version is 4.5.0 NVIDIA 382.64
2018-01-08 23:36:49 INFO  com.thrblock.cino.glprocessor.GLEventProcessor - GL reshape:0,0,300,320
2018-01-08 23:37:39 INFO  com.thrblock.cino.util.SmartConfig - source:frame.smt
2018-01-08 23:37:39 INFO  com.thrblock.cino.util.SmartConfig - OS Mapped:WINDOWS 10,Location:./cino-frame.properties
2018-01-08 23:37:40 INFO  com.thrblock.cino.CinoAnnotationProcessor - processing annotation of beans
2018-01-08 23:37:40 WARN  com.thrblock.cino.gllayer.GLLayerManager - layer not found:0
2018-01-08 23:37:40 INFO  com.thrblock.cino.gllayer.GLLayerManager - layer auto generated:0
2018-01-08 23:37:40 WARN  com.thrblock.cino.gllayer.GLLayerManager - layer not found:1
2018-01-08 23:37:40 INFO  com.thrblock.cino.gllayer.GLLayerManager - layer auto generated:1
2018-01-08 23:37:43 INFO  com.thrblock.cino.frame.AWTFrameFactory - graphics device you are current using:Win32GraphicsDevice[screen=0]
2018-01-08 23:37:43 INFO  com.thrblock.cino.glprocessor.GLEventProcessor - GL init
2018-01-08 23:37:43 INFO  com.thrblock.cino.glprocessor.GLEventProcessor - The Renderer you are current using:GeForce MX150/PCIe/SSE2
2018-01-08 23:37:43 INFO  com.thrblock.cino.glprocessor.GLEventProcessor - The Renderer driver version is 4.5.0 NVIDIA 382.64
2018-01-08 23:37:43 INFO  com.thrblock.cino.glprocessor.GLEventProcessor - GL reshape:0,0,300,320
2018-01-08 23:42:09 INFO  com.thrblock.cino.util.SmartConfig - source:frame.smt
2018-01-08 23:42:09 INFO  com.thrblock.cino.util.SmartConfig - OS Mapped:WINDOWS 10,Location:./cino-frame.properties
2018-01-08 23:42:10 INFO  com.thrblock.cino.CinoAnnotationProcessor - processing annotation of beans
2018-01-08 23:42:10 WARN  com.thrblock.cino.gllayer.GLLayerManager - layer not found:0
2018-01-08 23:42:10 INFO  com.thrblock.cino.gllayer.GLLayerManager - layer auto generated:0
2018-01-08 23:42:10 WARN  com.thrblock.cino.gllayer.GLLayerManager - layer not found:1
2018-01-08 23:42:10 INFO  com.thrblock.cino.gllayer.GLLayerManager - layer auto generated:1
2018-01-08 23:42:13 INFO  com.thrblock.cino.frame.AWTFrameFactory - graphics device you are current using:Win32GraphicsDevice[screen=0]
2018-01-08 23:42:13 INFO  com.thrblock.cino.glprocessor.GLEventProcessor - GL init
2018-01-08 23:42:13 INFO  com.thrblock.cino.glprocessor.GLEventProcessor - The Renderer you are current using:GeForce MX150/PCIe/SSE2
2018-01-08 23:42:13 INFO  com.thrblock.cino.glprocessor.GLEventProcessor - The Renderer driver version is 4.5.0 NVIDIA 382.64
2018-01-08 23:42:13 INFO  com.thrblock.cino.glprocessor.GLEventProcessor - GL reshape:0,0,300,320
2018-01-08 23:46:40 INFO  com.thrblock.cino.util.SmartConfig - source:frame.smt
2018-01-08 23:46:40 INFO  com.thrblock.cino.util.SmartConfig - OS Mapped:WINDOWS 10,Location:./cino-frame.properties
2018-01-08 23:46:41 INFO  com.thrblock.cino.CinoAnnotationProcessor - processing annotation of beans
2018-01-08 23:46:41 WARN  com.thrblock.cino.gllayer.GLLayerManager - layer not found:0
2018-01-08 23:46:41 INFO  com.thrblock.cino.gllayer.GLLayerManager - layer auto generated:0
2018-01-08 23:46:41 WARN  com.thrblock.cino.gllayer.GLLayerManager - layer not found:1
2018-01-08 23:46:41 INFO  com.thrblock.cino.gllayer.GLLayerManager - layer auto generated:1
2018-01-08 23:46:44 INFO  com.thrblock.cino.frame.AWTFrameFactory - graphics device you are current using:Win32GraphicsDevice[screen=0]
2018-01-08 23:46:44 INFO  com.thrblock.cino.glprocessor.GLEventProcessor - GL init
2018-01-08 23:46:44 INFO  com.thrblock.cino.glprocessor.GLEventProcessor - The Renderer you are current using:GeForce MX150/PCIe/SSE2
2018-01-08 23:46:44 INFO  com.thrblock.cino.glprocessor.GLEventProcessor - The Renderer driver version is 4.5.0 NVIDIA 382.64
2018-01-08 23:46:44 INFO  com.thrblock.cino.glprocessor.GLEventProcessor - GL reshape:0,0,300,320
2018-01-08 23:46:51 INFO  com.thrblock.sweeper.component.SweeperComponent - do predict:10,9
2018-01-08 23:46:53 INFO  com.thrblock.sweeper.component.SweeperComponent - do predict:10,9
2018-01-08 23:46:54 INFO  com.thrblock.sweeper.component.SweeperComponent - do predict:10,9
2018-01-08 23:46:54 INFO  com.thrblock.sweeper.component.SweeperComponent - do predict:10,9
2018-01-08 23:46:55 INFO  com.thrblock.sweeper.component.SweeperComponent - do predict:10,9
2018-01-08 23:46:55 INFO  com.thrblock.sweeper.component.SweeperComponent - do predict:10,9
2018-01-08 23:46:56 INFO  com.thrblock.sweeper.component.SweeperComponent - do predict:10,9
2018-01-08 23:46:57 INFO  com.thrblock.sweeper.component.SweeperComponent - do predict:10,9
2018-01-08 23:46:58 INFO  com.thrblock.sweeper.component.SweeperComponent - do predict:10,9
2018-01-08 23:46:59 INFO  com.thrblock.sweeper.component.SweeperComponent - do predict:10,9
2018-01-08 23:46:59 INFO  com.thrblock.sweeper.component.SweeperComponent - do predict:10,9
2018-01-08 23:46:59 INFO  com.thrblock.sweeper.component.SweeperComponent - do predict:10,9
2018-01-08 23:46:59 INFO  com.thrblock.sweeper.component.SweeperComponent - do predict:10,9
2018-01-08 23:47:01 INFO  com.thrblock.sweeper.component.SweeperComponent - do predict:9,9
2018-01-08 23:47:01 INFO  com.thrblock.sweeper.component.SweeperComponent - do predict:10,9
2018-01-08 23:47:02 INFO  com.thrblock.sweeper.component.SweeperComponent - do predict:10,9
2018-01-08 23:47:02 INFO  com.thrblock.sweeper.component.SweeperComponent - do predict:10,9
2018-01-09 11:59:28 INFO  com.thrblock.cino.util.SmartConfig - source:frame.smt
2018-01-09 11:59:28 INFO  com.thrblock.cino.util.SmartConfig - OS Mapped:WINDOWS 10,Location:./cino-frame.properties
2018-01-09 11:59:28 INFO  com.thrblock.cino.CinoAnnotationProcessor - processing annotation of beans
2018-01-09 11:59:29 WARN  com.thrblock.cino.gllayer.GLLayerManager - layer not found:0
2018-01-09 11:59:29 INFO  com.thrblock.cino.gllayer.GLLayerManager - layer auto generated:0
2018-01-09 11:59:29 WARN  com.thrblock.cino.gllayer.GLLayerManager - layer not found:1
2018-01-09 11:59:29 INFO  com.thrblock.cino.gllayer.GLLayerManager - layer auto generated:1
2018-01-09 11:59:32 INFO  com.thrblock.cino.frame.AWTFrameFactory - graphics device you are current using:Win32GraphicsDevice[screen=0]
2018-01-09 11:59:32 INFO  com.thrblock.cino.glprocessor.GLEventProcessor - GL init
2018-01-09 11:59:32 INFO  com.thrblock.cino.glprocessor.GLEventProcessor - The Renderer you are current using:GeForce MX150/PCIe/SSE2
2018-01-09 11:59:32 INFO  com.thrblock.cino.glprocessor.GLEventProcessor - The Renderer driver version is 4.5.0 NVIDIA 382.64
2018-01-09 11:59:32 INFO  com.thrblock.cino.glprocessor.GLEventProcessor - GL reshape:0,0,300,320
2018-01-09 12:00:07 INFO  com.thrblock.cino.util.SmartConfig - source:frame.smt
2018-01-09 12:00:07 INFO  com.thrblock.cino.util.SmartConfig - OS Mapped:WINDOWS 10,Location:./cino-frame.properties
2018-01-09 12:00:07 INFO  com.thrblock.cino.CinoAnnotationProcessor - processing annotation of beans
2018-01-09 12:00:07 WARN  com.thrblock.cino.gllayer.GLLayerManager - layer not found:0
2018-01-09 12:00:07 INFO  com.thrblock.cino.gllayer.GLLayerManager - layer auto generated:0
2018-01-09 12:00:07 WARN  com.thrblock.cino.gllayer.GLLayerManager - layer not found:1
2018-01-09 12:00:07 INFO  com.thrblock.cino.gllayer.GLLayerManager - layer auto generated:1
2018-01-09 12:00:10 INFO  com.thrblock.cino.frame.AWTFrameFactory - graphics device you are current using:Win32GraphicsDevice[screen=0]
2018-01-09 12:00:10 INFO  com.thrblock.cino.glprocessor.GLEventProcessor - GL init
2018-01-09 12:00:10 INFO  com.thrblock.cino.glprocessor.GLEventProcessor - The Renderer you are current using:GeForce MX150/PCIe/SSE2
2018-01-09 12:00:10 INFO  com.thrblock.cino.glprocessor.GLEventProcessor - The Renderer driver version is 4.5.0 NVIDIA 382.64
2018-01-09 12:00:10 INFO  com.thrblock.cino.glprocessor.GLEventProcessor - GL reshape:0,0,300,320
2018-01-09 12:01:36 INFO  com.thrblock.cino.glprocessor.GLEventProcessor - GL dispose
2018-01-09 12:15:49 INFO  com.thrblock.cino.util.SmartConfig - source:frame.smt
2018-01-09 12:15:49 INFO  com.thrblock.cino.util.SmartConfig - OS Mapped:WINDOWS 10,Location:./cino-frame.properties
2018-01-09 12:15:49 INFO  com.thrblock.cino.CinoAnnotationProcessor - processing annotation of beans
2018-01-09 12:15:49 WARN  com.thrblock.cino.gllayer.GLLayerManager - layer not found:0
2018-01-09 12:15:49 INFO  com.thrblock.cino.gllayer.GLLayerManager - layer auto generated:0
2018-01-09 12:15:49 WARN  com.thrblock.cino.gllayer.GLLayerManager - layer not found:1
2018-01-09 12:15:49 INFO  com.thrblock.cino.gllayer.GLLayerManager - layer auto generated:1
2018-01-09 12:15:52 INFO  com.thrblock.cino.frame.AWTFrameFactory - graphics device you are current using:Win32GraphicsDevice[screen=0]
2018-01-09 12:15:52 INFO  com.thrblock.cino.glprocessor.GLEventProcessor - GL init
2018-01-09 12:15:52 INFO  com.thrblock.cino.glprocessor.GLEventProcessor - The Renderer you are current using:GeForce MX150/PCIe/SSE2
2018-01-09 12:15:52 INFO  com.thrblock.cino.glprocessor.GLEventProcessor - The Renderer driver version is 4.5.0 NVIDIA 382.64
2018-01-09 12:15:52 INFO  com.thrblock.cino.glprocessor.GLEventProcessor - GL reshape:0,0,300,320
2018-01-09 12:22:31 INFO  com.thrblock.cino.util.SmartConfig - source:frame.smt
2018-01-09 12:22:31 INFO  com.thrblock.cino.util.SmartConfig - OS Mapped:WINDOWS 10,Location:./cino-frame.properties
2018-01-09 12:22:32 INFO  com.thrblock.cino.CinoAnnotationProcessor - processing annotation of beans
2018-01-09 12:22:32 WARN  com.thrblock.cino.gllayer.GLLayerManager - layer not found:0
2018-01-09 12:22:32 INFO  com.thrblock.cino.gllayer.GLLayerManager - layer auto generated:0
2018-01-09 12:22:32 WARN  com.thrblock.cino.gllayer.GLLayerManager - layer not found:1
2018-01-09 12:22:32 INFO  com.thrblock.cino.gllayer.GLLayerManager - layer auto generated:1
2018-01-09 12:22:35 INFO  com.thrblock.cino.frame.AWTFrameFactory - graphics device you are current using:Win32GraphicsDevice[screen=0]
2018-01-09 12:22:35 INFO  com.thrblock.cino.glprocessor.GLEventProcessor - GL init
2018-01-09 12:22:35 INFO  com.thrblock.cino.glprocessor.GLEventProcessor - The Renderer you are current using:GeForce MX150/PCIe/SSE2
2018-01-09 12:22:35 INFO  com.thrblock.cino.glprocessor.GLEventProcessor - The Renderer driver version is 4.5.0 NVIDIA 382.64
2018-01-09 12:22:35 INFO  com.thrblock.cino.glprocessor.GLEventProcessor - GL reshape:0,0,300,320
2018-01-09 12:22:38 INFO  com.thrblock.sweeper.component.SweeperComponent - do predict:10,5
2018-01-09 12:22:39 INFO  com.thrblock.sweeper.component.SweeperComponent - do predict:10,4
2018-01-09 12:22:41 INFO  com.thrblock.sweeper.component.SweeperComponent - do predict:12,6
2018-01-09 12:22:41 INFO  com.thrblock.sweeper.component.SweeperComponent - do predict:13,5
2018-01-09 12:22:41 INFO  com.thrblock.sweeper.component.SweeperComponent - do predict:13,4
2018-01-09 12:22:43 INFO  com.thrblock.sweeper.component.SweeperComponent - do predict:13,3
2018-01-09 12:22:43 INFO  com.thrblock.sweeper.component.SweeperComponent - do predict:12,2
2018-01-09 12:22:43 INFO  com.thrblock.sweeper.component.SweeperComponent - do predict:12,3
2018-01-09 12:22:44 INFO  com.thrblock.sweeper.component.SweeperComponent - do predict:11,3
2018-01-09 12:22:45 INFO  com.thrblock.sweeper.component.SweeperComponent - do predict:9,3
2018-01-09 12:22:48 INFO  com.thrblock.sweeper.component.SweeperComponent - do predict:2,5
2018-01-09 12:22:49 INFO  com.thrblock.sweeper.component.SweeperComponent - do predict:1,4
2018-01-09 12:22:49 INFO  com.thrblock.sweeper.component.SweeperComponent - do predict:0,3
2018-01-09 12:22:51 INFO  com.thrblock.sweeper.component.SweeperComponent - do predict:2,3
2018-01-09 12:22:51 INFO  com.thrblock.sweeper.component.SweeperComponent - do predict:3,2
2018-01-09 12:22:56 INFO  com.thrblock.sweeper.component.SweeperComponent - do predict:14,7
2018-01-09 12:22:56 INFO  com.thrblock.sweeper.component.SweeperComponent - do predict:15,8
2018-01-09 12:22:57 INFO  com.thrblock.sweeper.component.SweeperComponent - do predict:15,9
2018-01-09 12:22:57 INFO  com.thrblock.sweeper.component.SweeperComponent - do predict:15,10
2018-01-09 12:22:59 INFO  com.thrblock.sweeper.component.SweeperComponent - do predict:14,10
2018-01-09 12:23:01 INFO  com.thrblock.sweeper.component.SweeperComponent - do predict:12,11
2018-01-09 12:23:03 INFO  com.thrblock.sweeper.component.SweeperComponent - do predict:9,12
2018-01-09 12:23:03 INFO  com.thrblock.sweeper.component.SweeperComponent - do predict:10,13
2018-01-09 12:23:06 INFO  com.thrblock.sweeper.component.SweeperComponent - do predict:5,11
2018-01-09 12:23:06 INFO  com.thrblock.sweeper.component.SweeperComponent - do predict:4,12
2018-01-09 12:23:07 INFO  com.thrblock.sweeper.component.SweeperComponent - do predict:6,13
2018-01-09 12:23:07 INFO  com.thrblock.sweeper.component.SweeperComponent - do predict:5,13
2018-01-09 12:23:08 INFO  com.thrblock.sweeper.component.SweeperComponent - do predict:4,12
2018-01-09 12:23:10 INFO  com.thrblock.sweeper.component.SweeperComponent - do predict:4,13
2018-01-09 12:23:10 INFO  com.thrblock.sweeper.component.SweeperComponent - do predict:3,14
2018-01-09 12:23:11 INFO  com.thrblock.sweeper.component.SweeperComponent - do predict:3,12
2018-01-09 12:23:11 INFO  com.thrblock.sweeper.component.SweeperComponent - do predict:2,13
2018-01-09 12:23:12 INFO  com.thrblock.sweeper.component.SweeperComponent - do predict:1,12
2018-01-09 12:23:12 INFO  com.thrblock.sweeper.component.SweeperComponent - do predict:0,13
2018-01-09 12:23:12 INFO  com.thrblock.sweeper.component.SweeperComponent - do predict:0,13
2018-01-09 12:23:15 INFO  com.thrblock.sweeper.component.SweeperComponent - do predict:8,7
2018-01-09 12:23:15 INFO  com.thrblock.sweeper.component.SweeperComponent - do predict:9,7
2018-01-09 12:23:22 INFO  com.thrblock.sweeper.component.SweeperComponent - do predict:0,13
2018-01-09 12:25:27 INFO  com.thrblock.cino.util.SmartConfig - source:frame.smt
2018-01-09 12:25:27 INFO  com.thrblock.cino.util.SmartConfig - OS Mapped:WINDOWS 10,Location:./cino-frame.properties
2018-01-09 12:25:28 INFO  com.thrblock.cino.CinoAnnotationProcessor - processing annotation of beans
2018-01-09 12:25:28 WARN  com.thrblock.cino.gllayer.GLLayerManager - layer not found:0
2018-01-09 12:25:28 INFO  com.thrblock.cino.gllayer.GLLayerManager - layer auto generated:0
2018-01-09 12:25:28 WARN  com.thrblock.cino.gllayer.GLLayerManager - layer not found:1
2018-01-09 12:25:28 INFO  com.thrblock.cino.gllayer.GLLayerManager - layer auto generated:1
2018-01-09 12:25:31 INFO  com.thrblock.cino.frame.AWTFrameFactory - graphics device you are current using:Win32GraphicsDevice[screen=0]
2018-01-09 12:25:31 INFO  com.thrblock.cino.glprocessor.GLEventProcessor - GL init
2018-01-09 12:25:31 INFO  com.thrblock.cino.glprocessor.GLEventProcessor - The Renderer you are current using:GeForce MX150/PCIe/SSE2
2018-01-09 12:25:31 INFO  com.thrblock.cino.glprocessor.GLEventProcessor - The Renderer driver version is 4.5.0 NVIDIA 382.64
2018-01-09 12:25:31 INFO  com.thrblock.cino.glprocessor.GLEventProcessor - GL reshape:0,0,300,320
2018-01-09 12:26:35 INFO  com.thrblock.cino.util.SmartConfig - source:frame.smt
2018-01-09 12:26:35 INFO  com.thrblock.cino.util.SmartConfig - OS Mapped:WINDOWS 10,Location:./cino-frame.properties
2018-01-09 12:26:36 INFO  com.thrblock.cino.CinoAnnotationProcessor - processing annotation of beans
2018-01-09 12:26:36 WARN  com.thrblock.cino.gllayer.GLLayerManager - layer not found:0
2018-01-09 12:26:36 INFO  com.thrblock.cino.gllayer.GLLayerManager - layer auto generated:0
2018-01-09 12:26:36 WARN  com.thrblock.cino.gllayer.GLLayerManager - layer not found:1
2018-01-09 12:26:36 INFO  com.thrblock.cino.gllayer.GLLayerManager - layer auto generated:1
2018-01-09 12:26:39 INFO  com.thrblock.cino.frame.AWTFrameFactory - graphics device you are current using:Win32GraphicsDevice[screen=0]
2018-01-09 12:26:39 INFO  com.thrblock.cino.glprocessor.GLEventProcessor - GL init
2018-01-09 12:26:39 INFO  com.thrblock.cino.glprocessor.GLEventProcessor - The Renderer you are current using:GeForce MX150/PCIe/SSE2
2018-01-09 12:26:39 INFO  com.thrblock.cino.glprocessor.GLEventProcessor - The Renderer driver version is 4.5.0 NVIDIA 382.64
2018-01-09 12:26:39 INFO  com.thrblock.cino.glprocessor.GLEventProcessor - GL reshape:0,0,300,320
2018-01-09 12:29:29 INFO  com.thrblock.cino.glprocessor.GLEventProcessor - GL dispose
2018-01-09 12:33:15 INFO  com.thrblock.cino.util.SmartConfig - source:frame.smt
2018-01-09 12:33:15 INFO  com.thrblock.cino.util.SmartConfig - OS Mapped:WINDOWS 10,Location:./cino-frame.properties
2018-01-09 12:33:15 INFO  com.thrblock.cino.CinoAnnotationProcessor - processing annotation of beans
2018-01-09 12:33:15 WARN  com.thrblock.cino.gllayer.GLLayerManager - layer not found:0
2018-01-09 12:33:15 INFO  com.thrblock.cino.gllayer.GLLayerManager - layer auto generated:0
2018-01-09 12:33:15 WARN  com.thrblock.cino.gllayer.GLLayerManager - layer not found:1
2018-01-09 12:33:15 INFO  com.thrblock.cino.gllayer.GLLayerManager - layer auto generated:1
2018-01-09 12:33:18 INFO  com.thrblock.cino.frame.AWTFrameFactory - graphics device you are current using:Win32GraphicsDevice[screen=0]
2018-01-09 12:33:19 INFO  com.thrblock.cino.glprocessor.GLEventProcessor - GL init
2018-01-09 12:33:19 INFO  com.thrblock.cino.glprocessor.GLEventProcessor - The Renderer you are current using:GeForce MX150/PCIe/SSE2
2018-01-09 12:33:19 INFO  com.thrblock.cino.glprocessor.GLEventProcessor - The Renderer driver version is 4.5.0 NVIDIA 382.64
2018-01-09 12:33:19 INFO  com.thrblock.cino.glprocessor.GLEventProcessor - GL reshape:0,0,300,320
2018-01-09 12:41:44 INFO  com.thrblock.cino.util.SmartConfig - source:frame.smt
2018-01-09 12:41:44 INFO  com.thrblock.cino.util.SmartConfig - OS Mapped:WINDOWS 10,Location:./cino-frame.properties
2018-01-09 12:41:45 INFO  com.thrblock.cino.CinoAnnotationProcessor - processing annotation of beans
2018-01-09 12:41:45 WARN  com.thrblock.cino.gllayer.GLLayerManager - layer not found:0
2018-01-09 12:41:45 INFO  com.thrblock.cino.gllayer.GLLayerManager - layer auto generated:0
2018-01-09 12:41:45 WARN  com.thrblock.cino.gllayer.GLLayerManager - layer not found:1
2018-01-09 12:41:45 INFO  com.thrblock.cino.gllayer.GLLayerManager - layer auto generated:1
2018-01-09 12:41:48 INFO  com.thrblock.cino.frame.AWTFrameFactory - graphics device you are current using:Win32GraphicsDevice[screen=0]
2018-01-09 12:41:48 INFO  com.thrblock.cino.glprocessor.GLEventProcessor - GL init
2018-01-09 12:41:48 INFO  com.thrblock.cino.glprocessor.GLEventProcessor - The Renderer you are current using:GeForce MX150/PCIe/SSE2
2018-01-09 12:41:48 INFO  com.thrblock.cino.glprocessor.GLEventProcessor - The Renderer driver version is 4.5.0 NVIDIA 382.64
2018-01-09 12:41:48 INFO  com.thrblock.cino.glprocessor.GLEventProcessor - GL reshape:0,0,300,320
2018-01-09 12:45:04 INFO  com.thrblock.cino.util.SmartConfig - source:frame.smt
2018-01-09 12:45:04 INFO  com.thrblock.cino.util.SmartConfig - OS Mapped:WINDOWS 10,Location:./cino-frame.properties
2018-01-09 12:45:04 INFO  com.thrblock.cino.CinoAnnotationProcessor - processing annotation of beans
2018-01-09 12:45:04 WARN  com.thrblock.cino.gllayer.GLLayerManager - layer not found:0
2018-01-09 12:45:04 INFO  com.thrblock.cino.gllayer.GLLayerManager - layer auto generated:0
2018-01-09 12:45:04 WARN  com.thrblock.cino.gllayer.GLLayerManager - layer not found:1
2018-01-09 12:45:04 INFO  com.thrblock.cino.gllayer.GLLayerManager - layer auto generated:1
2018-01-09 12:45:07 INFO  com.thrblock.cino.frame.AWTFrameFactory - graphics device you are current using:Win32GraphicsDevice[screen=0]
2018-01-09 12:45:07 INFO  com.thrblock.cino.glprocessor.GLEventProcessor - GL init
2018-01-09 12:45:07 INFO  com.thrblock.cino.glprocessor.GLEventProcessor - The Renderer you are current using:GeForce MX150/PCIe/SSE2
2018-01-09 12:45:07 INFO  com.thrblock.cino.glprocessor.GLEventProcessor - The Renderer driver version is 4.5.0 NVIDIA 382.64
2018-01-09 12:45:07 INFO  com.thrblock.cino.glprocessor.GLEventProcessor - GL reshape:0,0,300,320
2018-01-09 12:51:50 INFO  com.thrblock.cino.util.SmartConfig - source:frame.smt
2018-01-09 12:51:50 INFO  com.thrblock.cino.util.SmartConfig - OS Mapped:WINDOWS 10,Location:./cino-frame.properties
2018-01-09 12:51:50 INFO  com.thrblock.cino.CinoAnnotationProcessor - processing annotation of beans
2018-01-09 12:51:50 WARN  com.thrblock.cino.gllayer.GLLayerManager - layer not found:0
2018-01-09 12:51:50 INFO  com.thrblock.cino.gllayer.GLLayerManager - layer auto generated:0
2018-01-09 12:51:50 WARN  com.thrblock.cino.gllayer.GLLayerManager - layer not found:1
2018-01-09 12:51:50 INFO  com.thrblock.cino.gllayer.GLLayerManager - layer auto generated:1
2018-01-09 12:51:53 INFO  com.thrblock.cino.frame.AWTFrameFactory - graphics device you are current using:Win32GraphicsDevice[screen=0]
2018-01-09 12:51:53 INFO  com.thrblock.cino.glprocessor.GLEventProcessor - GL init
2018-01-09 12:51:53 INFO  com.thrblock.cino.glprocessor.GLEventProcessor - The Renderer you are current using:GeForce MX150/PCIe/SSE2
2018-01-09 12:51:53 INFO  com.thrblock.cino.glprocessor.GLEventProcessor - The Renderer driver version is 4.5.0 NVIDIA 382.64
2018-01-09 12:51:53 INFO  com.thrblock.cino.glprocessor.GLEventProcessor - GL reshape:0,0,300,320
2018-01-09 12:51:54 INFO  com.thrblock.sweeper.component.SweeperComponent - current flipCount:1
2018-01-09 12:51:55 INFO  com.thrblock.sweeper.component.SweeperComponent - current flipCount:2
2018-01-09 12:51:55 INFO  com.thrblock.sweeper.component.SweeperComponent - current flipCount:3
2018-01-09 12:51:55 INFO  com.thrblock.sweeper.component.SweeperComponent - current flipCount:4
2018-01-09 12:51:55 INFO  com.thrblock.sweeper.component.SweeperComponent - current flipCount:5
2018-01-09 12:51:55 INFO  com.thrblock.sweeper.component.SweeperComponent - current flipCount:6
2018-01-09 12:51:55 INFO  com.thrblock.sweeper.component.SweeperComponent - current flipCount:7
2018-01-09 12:51:55 INFO  com.thrblock.sweeper.component.SweeperComponent - current flipCount:8
2018-01-09 12:51:55 INFO  com.thrblock.sweeper.component.SweeperComponent - current flipCount:9
2018-01-09 12:51:55 INFO  com.thrblock.sweeper.component.SweeperComponent - current flipCount:10
2018-01-09 12:51:55 INFO  com.thrblock.sweeper.component.SweeperComponent - current flipCount:11
2018-01-09 12:51:55 INFO  com.thrblock.sweeper.component.SweeperComponent - current flipCount:12
2018-01-09 12:51:55 INFO  com.thrblock.sweeper.component.SweeperComponent - current flipCount:13
2018-01-09 12:51:55 INFO  com.thrblock.sweeper.component.SweeperComponent - current flipCount:14
2018-01-09 12:51:55 INFO  com.thrblock.sweeper.component.SweeperComponent - current flipCount:15
2018-01-09 12:51:55 INFO  com.thrblock.sweeper.component.SweeperComponent - current flipCount:16
2018-01-09 12:51:55 INFO  com.thrblock.sweeper.component.SweeperComponent - current flipCount:17
2018-01-09 12:51:55 INFO  com.thrblock.sweeper.component.SweeperComponent - current flipCount:18
2018-01-09 12:51:55 INFO  com.thrblock.sweeper.component.SweeperComponent - current flipCount:19
2018-01-09 12:51:55 INFO  com.thrblock.sweeper.component.SweeperComponent - current flipCount:20
2018-01-09 12:51:55 INFO  com.thrblock.sweeper.component.SweeperComponent - current flipCount:21
2018-01-09 12:51:55 INFO  com.thrblock.sweeper.component.SweeperComponent - current flipCount:22
2018-01-09 12:51:55 INFO  com.thrblock.sweeper.component.SweeperComponent - current flipCount:23
2018-01-09 12:51:55 INFO  com.thrblock.sweeper.component.SweeperComponent - current flipCount:24
2018-01-09 12:51:55 INFO  com.thrblock.sweeper.component.SweeperComponent - current flipCount:25
2018-01-09 12:51:55 INFO  com.thrblock.sweeper.component.SweeperComponent - current flipCount:26
2018-01-09 12:51:55 INFO  com.thrblock.sweeper.component.SweeperComponent - current flipCount:27
2018-01-09 12:51:55 INFO  com.thrblock.sweeper.component.SweeperComponent - current flipCount:28
2018-01-09 12:51:55 INFO  com.thrblock.sweeper.component.SweeperComponent - current flipCount:29
2018-01-09 12:51:55 INFO  com.thrblock.sweeper.component.SweeperComponent - current flipCount:30
2018-01-09 12:51:55 INFO  com.thrblock.sweeper.component.SweeperComponent - current flipCount:31
2018-01-09 12:51:55 INFO  com.thrblock.sweeper.component.SweeperComponent - current flipCount:32
2018-01-09 12:51:55 INFO  com.thrblock.sweeper.component.SweeperComponent - current flipCount:33
2018-01-09 12:51:55 INFO  com.thrblock.sweeper.component.SweeperComponent - current flipCount:34
2018-01-09 12:51:55 INFO  com.thrblock.sweeper.component.SweeperComponent - current flipCount:35
2018-01-09 12:51:55 INFO  com.thrblock.sweeper.component.SweeperComponent - current flipCount:36
2018-01-09 12:51:55 INFO  com.thrblock.sweeper.component.SweeperComponent - current flipCount:37
2018-01-09 12:51:55 INFO  com.thrblock.sweeper.component.SweeperComponent - current flipCount:38
2018-01-09 12:51:55 INFO  com.thrblock.sweeper.component.SweeperComponent - current flipCount:39
2018-01-09 12:51:55 INFO  com.thrblock.sweeper.component.SweeperComponent - current flipCount:40
2018-01-09 12:51:55 INFO  com.thrblock.sweeper.component.SweeperComponent - current flipCount:41
2018-01-09 12:51:55 INFO  com.thrblock.sweeper.component.SweeperComponent - current flipCount:42
2018-01-09 12:51:55 INFO  com.thrblock.sweeper.component.SweeperComponent - current flipCount:43
2018-01-09 12:51:55 INFO  com.thrblock.sweeper.component.SweeperComponent - current flipCount:44
2018-01-09 12:51:55 INFO  com.thrblock.sweeper.component.SweeperComponent - current flipCount:45
2018-01-09 12:51:55 INFO  com.thrblock.sweeper.component.SweeperComponent - current flipCount:46
2018-01-09 12:51:55 INFO  com.thrblock.sweeper.component.SweeperComponent - current flipCount:47
2018-01-09 12:51:55 INFO  com.thrblock.sweeper.component.SweeperComponent - current flipCount:48
2018-01-09 12:51:55 INFO  com.thrblock.sweeper.component.SweeperComponent - current flipCount:49
2018-01-09 12:51:55 INFO  com.thrblock.sweeper.component.SweeperComponent - current flipCount:50
2018-01-09 12:51:55 INFO  com.thrblock.sweeper.component.SweeperComponent - current flipCount:51
2018-01-09 12:51:55 INFO  com.thrblock.sweeper.component.SweeperComponent - current flipCount:52
2018-01-09 12:51:55 INFO  com.thrblock.sweeper.component.SweeperComponent - current flipCount:53
2018-01-09 12:51:55 INFO  com.thrblock.sweeper.component.SweeperComponent - current flipCount:54
2018-01-09 12:51:55 INFO  com.thrblock.sweeper.component.SweeperComponent - current flipCount:55
2018-01-09 12:51:55 INFO  com.thrblock.sweeper.component.SweeperComponent - current flipCount:56
2018-01-09 12:51:55 INFO  com.thrblock.sweeper.component.SweeperComponent - current flipCount:57
2018-01-09 12:51:55 INFO  com.thrblock.sweeper.component.SweeperComponent - current flipCount:58
2018-01-09 12:51:55 INFO  com.thrblock.sweeper.component.SweeperComponent - current flipCount:59
2018-01-09 12:51:55 INFO  com.thrblock.sweeper.component.SweeperComponent - current flipCount:60
2018-01-09 12:51:55 INFO  com.thrblock.sweeper.component.SweeperComponent - current flipCount:61
2018-01-09 12:51:55 INFO  com.thrblock.sweeper.component.SweeperComponent - current flipCount:62
2018-01-09 12:51:55 INFO  com.thrblock.sweeper.component.SweeperComponent - current flipCount:63
2018-01-09 12:51:55 INFO  com.thrblock.sweeper.component.SweeperComponent - current flipCount:64
2018-01-09 12:51:55 INFO  com.thrblock.sweeper.component.SweeperComponent - current flipCount:65
2018-01-09 12:51:55 INFO  com.thrblock.sweeper.component.SweeperComponent - current flipCount:66
2018-01-09 12:51:55 INFO  com.thrblock.sweeper.component.SweeperComponent - current flipCount:67
2018-01-09 12:51:55 INFO  com.thrblock.sweeper.component.SweeperComponent - current flipCount:68
2018-01-09 12:51:55 INFO  com.thrblock.sweeper.component.SweeperComponent - current flipCount:69
2018-01-09 12:51:55 INFO  com.thrblock.sweeper.component.SweeperComponent - current flipCount:70
2018-01-09 12:51:55 INFO  com.thrblock.sweeper.component.SweeperComponent - current flipCount:71
2018-01-09 12:51:55 INFO  com.thrblock.sweeper.component.SweeperComponent - current flipCount:72
2018-01-09 12:51:55 INFO  com.thrblock.sweeper.component.SweeperComponent - current flipCount:73
2018-01-09 12:51:55 INFO  com.thrblock.sweeper.component.SweeperComponent - current flipCount:74
2018-01-09 12:51:55 INFO  com.thrblock.sweeper.component.SweeperComponent - current flipCount:75
2018-01-09 12:51:55 INFO  com.thrblock.sweeper.component.SweeperComponent - current flipCount:76
2018-01-09 12:51:55 INFO  com.thrblock.sweeper.component.SweeperComponent - current flipCount:77
2018-01-09 12:51:55 INFO  com.thrblock.sweeper.component.SweeperComponent - current flipCount:78
2018-01-09 12:51:55 INFO  com.thrblock.sweeper.component.SweeperComponent - current flipCount:79
2018-01-09 12:51:55 INFO  com.thrblock.sweeper.component.SweeperComponent - current flipCount:80
2018-01-09 12:51:55 INFO  com.thrblock.sweeper.component.SweeperComponent - current flipCount:81
2018-01-09 12:51:55 INFO  com.thrblock.sweeper.component.SweeperComponent - current flipCount:82
2018-01-09 12:51:55 INFO  com.thrblock.sweeper.component.SweeperComponent - current flipCount:83
2018-01-09 12:51:55 INFO  com.thrblock.sweeper.component.SweeperComponent - current flipCount:84
2018-01-09 12:51:55 INFO  com.thrblock.sweeper.component.SweeperComponent - current flipCount:85
2018-01-09 12:51:55 INFO  com.thrblock.sweeper.component.SweeperComponent - current flipCount:86
2018-01-09 12:51:55 INFO  com.thrblock.sweeper.component.SweeperComponent - current flipCount:87
2018-01-09 12:51:55 INFO  com.thrblock.sweeper.component.SweeperComponent - current flipCount:88
2018-01-09 12:51:55 INFO  com.thrblock.sweeper.component.SweeperComponent - current flipCount:89
2018-01-09 12:51:55 INFO  com.thrblock.sweeper.component.SweeperComponent - current flipCount:90
2018-01-09 12:51:55 INFO  com.thrblock.sweeper.component.SweeperComponent - current flipCount:91
2018-01-09 12:51:55 INFO  com.thrblock.sweeper.component.SweeperComponent - current flipCount:92
2018-01-09 12:51:55 INFO  com.thrblock.sweeper.component.SweeperComponent - current flipCount:93
2018-01-09 12:51:55 INFO  com.thrblock.sweeper.component.SweeperComponent - current flipCount:94
2018-01-09 12:51:55 INFO  com.thrblock.sweeper.component.SweeperComponent - current flipCount:95
2018-01-09 12:51:55 INFO  com.thrblock.sweeper.component.SweeperComponent - current flipCount:96
2018-01-09 12:51:55 INFO  com.thrblock.sweeper.component.SweeperComponent - current flipCount:97
2018-01-09 12:51:55 INFO  com.thrblock.sweeper.component.SweeperComponent - current flipCount:98
2018-01-09 12:51:55 INFO  com.thrblock.sweeper.component.SweeperComponent - current flipCount:99
2018-01-09 12:51:55 INFO  com.thrblock.sweeper.component.SweeperComponent - current flipCount:100
2018-01-09 12:51:55 INFO  com.thrblock.sweeper.component.SweeperComponent - current flipCount:101
2018-01-09 12:51:55 INFO  com.thrblock.sweeper.component.SweeperComponent - current flipCount:102
2018-01-09 12:51:55 INFO  com.thrblock.sweeper.component.SweeperComponent - current flipCount:103
2018-01-09 12:51:55 INFO  com.thrblock.sweeper.component.SweeperComponent - current flipCount:104
2018-01-09 12:51:55 INFO  com.thrblock.sweeper.component.SweeperComponent - current flipCount:105
2018-01-09 12:51:55 INFO  com.thrblock.sweeper.component.SweeperComponent - current flipCount:106
2018-01-09 12:51:55 INFO  com.thrblock.sweeper.component.SweeperComponent - current flipCount:107
2018-01-09 12:51:55 INFO  com.thrblock.sweeper.component.SweeperComponent - current flipCount:108
