2018-01-09 12:59:10 INFO  com.thrblock.sweeper.component.SweeperComponent - current flipCount:190
2018-01-09 12:59:10 INFO  com.thrblock.sweeper.component.SweeperComponent - current flipCount:191
2018-01-09 12:59:10 INFO  com.thrblock.sweeper.component.SweeperComponent - current flipCount:192
2018-01-09 12:59:10 INFO  com.thrblock.sweeper.component.SweeperComponent - current flipCount:193
2018-01-09 12:59:10 INFO  com.thrblock.sweeper.component.SweeperComponent - current flipCount:194
2018-01-09 12:59:10 INFO  com.thrblock.sweeper.component.SweeperComponent - current flipCount:195
2018-01-09 12:59:10 INFO  com.thrblock.sweeper.component.SweeperComponent - current flipCount:196
2018-01-09 12:59:10 INFO  com.thrblock.sweeper.component.SweeperComponent - current flipCount:197
2018-01-09 12:59:10 INFO  com.thrblock.sweeper.component.SweeperComponent - current flipCount:198
2018-01-09 12:59:10 INFO  com.thrblock.sweeper.component.SweeperComponent - current flipCount:199
2018-01-09 12:59:10 INFO  com.thrblock.sweeper.component.SweeperComponent - current flipCount:200
2018-01-09 12:59:10 INFO  com.thrblock.sweeper.component.SweeperComponent - current flipCount:201
2018-01-09 12:59:11 INFO  com.thrblock.sweeper.component.SweeperComponent - current flipCount:202
2018-01-09 12:59:12 INFO  com.thrblock.sweeper.component.SweeperComponent - current flipCount:203
2018-01-09 12:59:13 INFO  com.thrblock.sweeper.component.SweeperComponent - current flipCount:204
2018-01-09 12:59:13 INFO  com.thrblock.sweeper.component.SweeperComponent - current flipCount:205
2018-01-09 12:59:13 INFO  com.thrblock.sweeper.component.SweeperComponent - current flipCount:206
2018-01-09 12:59:13 INFO  com.thrblock.sweeper.component.SweeperComponent - current flipCount:207
2018-01-09 12:59:13 INFO  com.thrblock.sweeper.component.SweeperComponent - current flipCount:208
2018-01-09 12:59:13 INFO  com.thrblock.sweeper.component.SweeperComponent - current flipCount:209
2018-01-09 12:59:13 INFO  com.thrblock.sweeper.component.SweeperComponent - current flipCount:210
2018-01-09 12:59:13 INFO  com.thrblock.sweeper.component.SweeperComponent - current flipCount:211
2018-01-09 12:59:13 INFO  com.thrblock.sweeper.component.SweeperComponent - current flipCount:212
2018-01-09 12:59:13 INFO  com.thrblock.sweeper.component.SweeperComponent - current flipCount:213
2018-01-09 12:59:13 INFO  com.thrblock.sweeper.component.SweeperComponent - current flipCount:214
2018-01-09 12:59:13 INFO  com.thrblock.sweeper.component.SweeperComponent - current flipCount:215
2018-01-09 12:59:13 INFO  com.thrblock.sweeper.component.SweeperComponent - current flipCount:216
2018-01-09 12:59:13 INFO  com.thrblock.sweeper.component.SweeperComponent - current flipCount:217
2018-01-09 12:59:13 INFO  com.thrblock.sweeper.component.SweeperComponent - current flipCount:218
2018-01-09 12:59:13 INFO  com.thrblock.sweeper.component.SweeperComponent - current flipCount:219
2018-01-09 12:59:13 INFO  com.thrblock.sweeper.component.SweeperComponent - current flipCount:220
2018-01-09 12:59:13 INFO  com.thrblock.sweeper.component.SweeperComponent - current flipCount:221
2018-01-09 12:59:13 INFO  com.thrblock.sweeper.component.SweeperComponent - current flipCount:222
2018-01-09 12:59:13 INFO  com.thrblock.sweeper.component.SweeperComponent - current flipCount:223
2018-01-09 12:59:13 INFO  com.thrblock.sweeper.component.SweeperComponent - current flipCount:224
2018-01-09 12:59:13 INFO  com.thrblock.sweeper.component.SweeperComponent - current flipCount:225
2018-01-09 12:59:13 INFO  com.thrblock.sweeper.component.SweeperComponent - current flipCount:226
2018-01-09 12:59:13 INFO  com.thrblock.sweeper.component.SweeperComponent - current flipCount:227
2018-01-09 12:59:13 INFO  com.thrblock.sweeper.component.SweeperComponent - current flipCount:228
2018-01-09 12:59:13 INFO  com.thrblock.sweeper.component.SweeperComponent - current flipCount:229
2018-01-09 12:59:13 INFO  com.thrblock.sweeper.component.SweeperComponent - current flipCount:230
2018-01-09 12:59:13 INFO  com.thrblock.sweeper.component.SweeperComponent - current flipCount:231
2018-01-09 12:59:13 INFO  com.thrblock.sweeper.component.SweeperComponent - current flipCount:232
2018-01-09 12:59:14 INFO  com.thrblock.sweeper.component.SweeperComponent - current flipCount:233
2018-01-09 12:59:14 INFO  com.thrblock.sweeper.component.SweeperComponent - current flipCount:234
2018-01-09 12:59:17 INFO  com.thrblock.sweeper.component.SweeperComponent - current flipCount:235
2018-01-09 12:59:18 INFO  com.thrblock.sweeper.component.SweeperComponent - current flipCount:236
2018-01-09 13:09:30 INFO  com.thrblock.cino.util.SmartConfig - source:frame.smt
2018-01-09 13:09:30 INFO  com.thrblock.cino.util.SmartConfig - OS Mapped:WINDOWS 10,Location:./cino-frame.properties
2018-01-09 13:09:31 INFO  com.thrblock.cino.CinoAnnotationProcessor - processing annotation of beans
2018-01-09 13:09:31 WARN  com.thrblock.cino.gllayer.GLLayerManager - layer not found:0
2018-01-09 13:09:31 INFO  com.thrblock.cino.gllayer.GLLayerManager - layer auto generated:0
2018-01-09 13:09:31 WARN  com.thrblock.cino.gllayer.GLLayerManager - layer not found:1
2018-01-09 13:09:31 INFO  com.thrblock.cino.gllayer.GLLayerManager - layer auto generated:1
2018-01-09 13:09:34 INFO  com.thrblock.cino.frame.AWTFrameFactory - graphics device you are current using:Win32GraphicsDevice[screen=0]
2018-01-09 13:09:34 INFO  com.thrblock.cino.glprocessor.GLEventProcessor - GL init
2018-01-09 13:09:34 INFO  com.thrblock.cino.glprocessor.GLEventProcessor - The Renderer you are current using:GeForce MX150/PCIe/SSE2
2018-01-09 13:09:34 INFO  com.thrblock.cino.glprocessor.GLEventProcessor - The Renderer driver version is 4.5.0 NVIDIA 382.64
2018-01-09 13:09:34 INFO  com.thrblock.cino.glprocessor.GLEventProcessor - GL reshape:0,0,300,320
2018-01-09 13:09:36 INFO  com.thrblock.sweeper.component.SweeperComponent - current flipCount:1
2018-01-09 13:09:36 INFO  com.thrblock.sweeper.component.SweeperComponent - current flipCount:2
2018-01-09 13:09:36 INFO  com.thrblock.sweeper.component.SweeperComponent - current flipCount:3
2018-01-09 13:09:37 INFO  com.thrblock.sweeper.component.SweeperComponent - current flipCount:4
2018-01-09 13:09:37 INFO  com.thrblock.sweeper.component.SweeperComponent - current flipCount:5
2018-01-09 13:09:37 INFO  com.thrblock.sweeper.component.SweeperComponent - current flipCount:6
2018-01-09 13:09:37 INFO  com.thrblock.sweeper.component.SweeperComponent - current flipCount:7
2018-01-09 13:09:37 INFO  com.thrblock.sweeper.component.SweeperComponent - current flipCount:8
2018-01-09 13:09:37 INFO  com.thrblock.sweeper.component.SweeperComponent - current flipCount:9
2018-01-09 13:09:37 INFO  com.thrblock.sweeper.component.SweeperComponent - current flipCount:10
2018-01-09 13:09:37 INFO  com.thrblock.sweeper.component.SweeperComponent - current flipCount:11
2018-01-09 13:09:37 INFO  com.thrblock.sweeper.component.SweeperComponent - current flipCount:12
2018-01-09 13:09:37 INFO  com.thrblock.sweeper.component.SweeperComponent - current flipCount:13
2018-01-09 13:09:37 INFO  com.thrblock.sweeper.component.SweeperComponent - current flipCount:14
2018-01-09 13:09:37 INFO  com.thrblock.sweeper.component.SweeperComponent - current flipCount:15
2018-01-09 13:09:37 INFO  com.thrblock.sweeper.component.SweeperComponent - current flipCount:16
2018-01-09 13:09:37 INFO  com.thrblock.sweeper.component.SweeperComponent - current flipCount:17
2018-01-09 13:09:37 INFO  com.thrblock.sweeper.component.SweeperComponent - current flipCount:18
2018-01-09 13:09:37 INFO  com.thrblock.sweeper.component.SweeperComponent - current flipCount:19
2018-01-09 13:09:37 INFO  com.thrblock.sweeper.component.SweeperComponent - current flipCount:20
2018-01-09 13:09:37 INFO  com.thrblock.sweeper.component.SweeperComponent - current flipCount:21
2018-01-09 13:09:37 INFO  com.thrblock.sweeper.component.SweeperComponent - current flipCount:22
2018-01-09 13:09:37 INFO  com.thrblock.sweeper.component.SweeperComponent - current flipCount:23
2018-01-09 13:09:37 INFO  com.thrblock.sweeper.component.SweeperComponent - current flipCount:24
2018-01-09 13:09:37 INFO  com.thrblock.sweeper.component.SweeperComponent - current flipCount:25
2018-01-09 13:09:37 INFO  com.thrblock.sweeper.component.SweeperComponent - current flipCount:26
2018-01-09 13:09:37 INFO  com.thrblock.sweeper.component.SweeperComponent - current flipCount:27
2018-01-09 13:09:37 INFO  com.thrblock.sweeper.component.SweeperComponent - current flipCount:28
2018-01-09 13:09:37 INFO  com.thrblock.sweeper.component.SweeperComponent - current flipCount:29
2018-01-09 13:09:37 INFO  com.thrblock.sweeper.component.SweeperComponent - current flipCount:30
2018-01-09 13:09:37 INFO  com.thrblock.sweeper.component.SweeperComponent - current flipCount:31
2018-01-09 13:09:37 INFO  com.thrblock.sweeper.component.SweeperComponent - current flipCount:32
2018-01-09 13:09:37 INFO  com.thrblock.sweeper.component.SweeperComponent - current flipCount:33
2018-01-09 13:09:37 INFO  com.thrblock.sweeper.component.SweeperComponent - current flipCount:34
2018-01-09 13:09:37 INFO  com.thrblock.sweeper.component.SweeperComponent - current flipCount:35
2018-01-09 13:09:37 INFO  com.thrblock.sweeper.component.SweeperComponent - current flipCount:36
2018-01-09 13:09:37 INFO  com.thrblock.sweeper.component.SweeperComponent - current flipCount:37
2018-01-09 13:09:37 INFO  com.thrblock.sweeper.component.SweeperComponent - current flipCount:38
2018-01-09 13:09:37 INFO  com.thrblock.sweeper.component.SweeperComponent - current flipCount:39
2018-01-09 13:09:37 INFO  com.thrblock.sweeper.component.SweeperComponent - current flipCount:40
2018-01-09 13:09:37 INFO  com.thrblock.sweeper.component.SweeperComponent - current flipCount:41
2018-01-09 13:09:37 INFO  com.thrblock.sweeper.component.SweeperComponent - current flipCount:42
2018-01-09 13:09:37 INFO  com.thrblock.sweeper.component.SweeperComponent - current flipCount:43
2018-01-09 13:09:37 INFO  com.thrblock.sweeper.component.SweeperComponent - current flipCount:44
2018-01-09 13:09:37 INFO  com.thrblock.sweeper.component.SweeperComponent - current flipCount:45
2018-01-09 13:09:37 INFO  com.thrblock.sweeper.component.SweeperComponent - current flipCount:46
2018-01-09 13:09:37 INFO  com.thrblock.sweeper.component.SweeperComponent - current flipCount:47
2018-01-09 13:09:37 INFO  com.thrblock.sweeper.component.SweeperComponent - current flipCount:48
2018-01-09 13:09:37 INFO  com.thrblock.sweeper.component.SweeperComponent - current flipCount:49
2018-01-09 13:09:37 INFO  com.thrblock.sweeper.component.SweeperComponent - current flipCount:50
2018-01-09 13:09:37 INFO  com.thrblock.sweeper.component.SweeperComponent - current flipCount:51
2018-01-09 13:09:37 INFO  com.thrblock.sweeper.component.SweeperComponent - current flipCount:52
2018-01-09 13:09:37 INFO  com.thrblock.sweeper.component.SweeperComponent - current flipCount:53
2018-01-09 13:09:37 INFO  com.thrblock.sweeper.component.SweeperComponent - current flipCount:54
2018-01-09 13:09:37 INFO  com.thrblock.sweeper.component.SweeperComponent - current flipCount:55
2018-01-09 13:09:37 INFO  com.thrblock.sweeper.component.SweeperComponent - current flipCount:56
2018-01-09 13:09:37 INFO  com.thrblock.sweeper.component.SweeperComponent - current flipCount:57
2018-01-09 13:09:37 INFO  com.thrblock.sweeper.component.SweeperComponent - current flipCount:58
2018-01-09 13:09:37 INFO  com.thrblock.sweeper.component.SweeperComponent - current flipCount:59
2018-01-09 13:09:37 INFO  com.thrblock.sweeper.component.SweeperComponent - current flipCount:60
2018-01-09 13:09:37 INFO  com.thrblock.sweeper.component.SweeperComponent - current flipCount:61
2018-01-09 13:09:37 INFO  com.thrblock.sweeper.component.SweeperComponent - current flipCount:62
2018-01-09 13:09:37 INFO  com.thrblock.sweeper.component.SweeperComponent - current flipCount:63
2018-01-09 13:09:37 INFO  com.thrblock.sweeper.component.SweeperComponent - current flipCount:64
2018-01-09 13:09:37 INFO  com.thrblock.sweeper.component.SweeperComponent - current flipCount:65
2018-01-09 13:09:37 INFO  com.thrblock.sweeper.component.SweeperComponent - current flipCount:66
2018-01-09 13:09:37 INFO  com.thrblock.sweeper.component.SweeperComponent - current flipCount:67
2018-01-09 13:09:37 INFO  com.thrblock.sweeper.component.SweeperComponent - current flipCount:68
2018-01-09 13:09:37 INFO  com.thrblock.sweeper.component.SweeperComponent - current flipCount:69
2018-01-09 13:09:37 INFO  com.thrblock.sweeper.component.SweeperComponent - current flipCount:70
2018-01-09 13:09:37 INFO  com.thrblock.sweeper.component.SweeperComponent - current flipCount:71
2018-01-09 13:09:37 INFO  com.thrblock.sweeper.component.SweeperComponent - current flipCount:72
2018-01-09 13:09:37 INFO  com.thrblock.sweeper.component.SweeperComponent - current flipCount:73
2018-01-09 13:09:37 INFO  com.thrblock.sweeper.component.SweeperComponent - current flipCount:74
2018-01-09 13:09:39 INFO  com.thrblock.sweeper.component.SweeperComponent - current flipCount:75
2018-01-09 13:09:39 INFO  com.thrblock.sweeper.component.SweeperComponent - current flipCount:76
2018-01-09 13:14:36 INFO  com.thrblock.cino.util.SmartConfig - source:frame.smt
2018-01-09 13:14:36 INFO  com.thrblock.cino.util.SmartConfig - OS Mapped:WINDOWS 10,Location:./cino-frame.properties
2018-01-09 13:14:37 INFO  com.thrblock.cino.CinoAnnotationProcessor - processing annotation of beans
2018-01-09 13:14:37 WARN  com.thrblock.cino.gllayer.GLLayerManager - layer not found:0
2018-01-09 13:14:37 INFO  com.thrblock.cino.gllayer.GLLayerManager - layer auto generated:0
2018-01-09 13:14:37 WARN  com.thrblock.cino.gllayer.GLLayerManager - layer not found:1
2018-01-09 13:14:37 INFO  com.thrblock.cino.gllayer.GLLayerManager - layer auto generated:1
2018-01-09 13:14:40 INFO  com.thrblock.cino.frame.AWTFrameFactory - graphics device you are current using:Win32GraphicsDevice[screen=0]
2018-01-09 13:14:40 INFO  com.thrblock.cino.glprocessor.GLEventProcessor - GL init
2018-01-09 13:14:40 INFO  com.thrblock.cino.glprocessor.GLEventProcessor - The Renderer you are current using:GeForce MX150/PCIe/SSE2
2018-01-09 13:14:40 INFO  com.thrblock.cino.glprocessor.GLEventProcessor - The Renderer driver version is 4.5.0 NVIDIA 382.64
2018-01-09 13:14:40 INFO  com.thrblock.cino.glprocessor.GLEventProcessor - GL reshape:0,0,300,320
2018-01-09 13:16:46 INFO  com.thrblock.cino.util.SmartConfig - source:frame.smt
2018-01-09 13:16:46 INFO  com.thrblock.cino.util.SmartConfig - OS Mapped:WINDOWS 10,Location:./cino-frame.properties
2018-01-09 13:16:47 INFO  com.thrblock.cino.CinoAnnotationProcessor - processing annotation of beans
2018-01-09 13:16:47 WARN  com.thrblock.cino.gllayer.GLLayerManager - layer not found:0
2018-01-09 13:16:47 INFO  com.thrblock.cino.gllayer.GLLayerManager - layer auto generated:0
2018-01-09 13:16:47 WARN  com.thrblock.cino.gllayer.GLLayerManager - layer not found:1
2018-01-09 13:16:47 INFO  com.thrblock.cino.gllayer.GLLayerManager - layer auto generated:1
2018-01-09 13:16:50 INFO  com.thrblock.cino.frame.AWTFrameFactory - graphics device you are current using:Win32GraphicsDevice[screen=0]
2018-01-09 13:16:50 INFO  com.thrblock.cino.glprocessor.GLEventProcessor - GL init
2018-01-09 13:16:50 INFO  com.thrblock.cino.glprocessor.GLEventProcessor - The Renderer you are current using:GeForce MX150/PCIe/SSE2
2018-01-09 13:16:50 INFO  com.thrblock.cino.glprocessor.GLEventProcessor - The Renderer driver version is 4.5.0 NVIDIA 382.64
2018-01-09 13:16:50 INFO  com.thrblock.cino.glprocessor.GLEventProcessor - GL reshape:0,0,300,320
2018-01-09 13:25:45 INFO  com.thrblock.cino.glprocessor.GLEventProcessor - GL dispose
2018-01-09 13:29:46 INFO  com.thrblock.cino.util.SmartConfig - source:frame.smt
2018-01-09 13:29:46 INFO  com.thrblock.cino.util.SmartConfig - OS Mapped:WINDOWS 10,Location:./cino-frame.properties
2018-01-09 13:29:46 INFO  com.thrblock.cino.CinoAnnotationProcessor - processing annotation of beans
2018-01-09 13:29:46 WARN  com.thrblock.cino.gllayer.GLLayerManager - layer not found:0
2018-01-09 13:29:46 INFO  com.thrblock.cino.gllayer.GLLayerManager - layer auto generated:0
2018-01-09 13:29:46 WARN  com.thrblock.cino.gllayer.GLLayerManager - layer not found:1
2018-01-09 13:29:46 INFO  com.thrblock.cino.gllayer.GLLayerManager - layer auto generated:1
2018-01-09 13:29:49 INFO  com.thrblock.cino.frame.AWTFrameFactory - graphics device you are current using:Win32GraphicsDevice[screen=0]
2018-01-09 13:29:49 INFO  com.thrblock.cino.glprocessor.GLEventProcessor - GL init
2018-01-09 13:29:49 INFO  com.thrblock.cino.glprocessor.GLEventProcessor - The Renderer you are current using:GeForce MX150/PCIe/SSE2
2018-01-09 13:29:49 INFO  com.thrblock.cino.glprocessor.GLEventProcessor - The Renderer driver version is 4.5.0 NVIDIA 382.64
2018-01-09 13:29:49 INFO  com.thrblock.cino.glprocessor.GLEventProcessor - GL reshape:0,0,300,320
2018-01-09 13:32:47 INFO  com.thrblock.cino.util.SmartConfig - source:frame.smt
2018-01-09 13:32:47 INFO  com.thrblock.cino.util.SmartConfig - OS Mapped:WINDOWS 10,Location:./cino-frame.properties
2018-01-09 13:32:47 INFO  com.thrblock.cino.CinoAnnotationProcessor - processing annotation of beans
2018-01-09 13:32:47 WARN  com.thrblock.cino.gllayer.GLLayerManager - layer not found:0
2018-01-09 13:32:47 INFO  com.thrblock.cino.gllayer.GLLayerManager - layer auto generated:0
2018-01-09 13:32:48 WARN  com.thrblock.cino.gllayer.GLLayerManager - layer not found:1
2018-01-09 13:32:48 INFO  com.thrblock.cino.gllayer.GLLayerManager - layer auto generated:1
2018-01-09 13:32:50 INFO  com.thrblock.cino.frame.AWTFrameFactory - graphics device you are current using:Win32GraphicsDevice[screen=0]
2018-01-09 13:32:51 INFO  com.thrblock.cino.glprocessor.GLEventProcessor - GL init
2018-01-09 13:32:51 INFO  com.thrblock.cino.glprocessor.GLEventProcessor - The Renderer you are current using:GeForce MX150/PCIe/SSE2
2018-01-09 13:32:51 INFO  com.thrblock.cino.glprocessor.GLEventProcessor - The Renderer driver version is 4.5.0 NVIDIA 382.64
2018-01-09 13:32:51 INFO  com.thrblock.cino.glprocessor.GLEventProcessor - GL reshape:0,0,300,320
2018-01-09 14:00:17 INFO  com.thrblock.cino.util.SmartConfig - source:frame.smt
2018-01-09 14:00:17 INFO  com.thrblock.cino.util.SmartConfig - OS Mapped:WINDOWS 10,Location:./cino-frame.properties
2018-01-09 14:00:18 INFO  com.thrblock.cino.CinoAnnotationProcessor - processing annotation of beans
2018-01-09 14:00:18 WARN  com.thrblock.cino.gllayer.GLLayerManager - layer not found:0
2018-01-09 14:00:18 INFO  com.thrblock.cino.gllayer.GLLayerManager - layer auto generated:0
2018-01-09 14:00:18 WARN  com.thrblock.cino.gllayer.GLLayerManager - layer not found:1
2018-01-09 14:00:18 INFO  com.thrblock.cino.gllayer.GLLayerManager - layer auto generated:1
2018-01-09 14:00:21 INFO  com.thrblock.cino.frame.AWTFrameFactory - graphics device you are current using:Win32GraphicsDevice[screen=0]
2018-01-09 14:00:21 INFO  com.thrblock.cino.glprocessor.GLEventProcessor - GL init
2018-01-09 14:00:21 INFO  com.thrblock.cino.glprocessor.GLEventProcessor - The Renderer you are current using:GeForce MX150/PCIe/SSE2
2018-01-09 14:00:21 INFO  com.thrblock.cino.glprocessor.GLEventProcessor - The Renderer driver version is 4.5.0 NVIDIA 382.64
2018-01-09 14:00:21 INFO  com.thrblock.cino.glprocessor.GLEventProcessor - GL reshape:0,0,300,320
2018-01-09 14:01:29 INFO  com.thrblock.cino.util.SmartConfig - source:frame.smt
2018-01-09 14:01:29 INFO  com.thrblock.cino.util.SmartConfig - OS Mapped:WINDOWS 10,Location:./cino-frame.properties
2018-01-09 14:01:30 INFO  com.thrblock.cino.CinoAnnotationProcessor - processing annotation of beans
2018-01-09 14:01:30 WARN  com.thrblock.cino.gllayer.GLLayerManager - layer not found:0
2018-01-09 14:01:30 INFO  com.thrblock.cino.gllayer.GLLayerManager - layer auto generated:0
2018-01-09 14:01:30 WARN  com.thrblock.cino.gllayer.GLLayerManager - layer not found:1
2018-01-09 14:01:30 INFO  com.thrblock.cino.gllayer.GLLayerManager - layer auto generated:1
2018-01-09 14:01:33 INFO  com.thrblock.cino.frame.AWTFrameFactory - graphics device you are current using:Win32GraphicsDevice[screen=0]
2018-01-09 14:01:33 INFO  com.thrblock.cino.glprocessor.GLEventProcessor - GL init
2018-01-09 14:01:33 INFO  com.thrblock.cino.glprocessor.GLEventProcessor - The Renderer you are current using:GeForce MX150/PCIe/SSE2
2018-01-09 14:01:33 INFO  com.thrblock.cino.glprocessor.GLEventProcessor - The Renderer driver version is 4.5.0 NVIDIA 382.64
2018-01-09 14:01:33 INFO  com.thrblock.cino.glprocessor.GLEventProcessor - GL reshape:0,0,300,320
2018-01-09 15:15:55 INFO  com.thrblock.cino.util.SmartConfig - source:frame.smt
2018-01-09 15:15:55 INFO  com.thrblock.cino.util.SmartConfig - OS Mapped:WINDOWS 10,Location:./cino-frame.properties
2018-01-09 15:15:55 INFO  com.thrblock.cino.CinoAnnotationProcessor - processing annotation of beans
2018-01-09 15:15:55 WARN  com.thrblock.cino.gllayer.GLLayerManager - layer not found:0
2018-01-09 15:15:55 INFO  com.thrblock.cino.gllayer.GLLayerManager - layer auto generated:0
2018-01-09 15:15:55 WARN  com.thrblock.cino.gllayer.GLLayerManager - layer not found:1
2018-01-09 15:15:55 INFO  com.thrblock.cino.gllayer.GLLayerManager - layer auto generated:1
2018-01-09 15:15:58 INFO  com.thrblock.cino.frame.AWTFrameFactory - graphics device you are current using:Win32GraphicsDevice[screen=0]
2018-01-09 15:15:58 INFO  com.thrblock.cino.glprocessor.GLEventProcessor - GL init
2018-01-09 15:15:58 INFO  com.thrblock.cino.glprocessor.GLEventProcessor - The Renderer you are current using:GeForce MX150/PCIe/SSE2
2018-01-09 15:15:58 INFO  com.thrblock.cino.glprocessor.GLEventProcessor - The Renderer driver version is 4.5.0 NVIDIA 382.64
2018-01-09 15:15:58 INFO  com.thrblock.cino.glprocessor.GLEventProcessor - GL reshape:0,0,300,320
2018-01-09 15:16:26 INFO  com.thrblock.cino.util.SmartConfig - source:frame.smt
2018-01-09 15:16:26 INFO  com.thrblock.cino.util.SmartConfig - OS Mapped:WINDOWS 10,Location:./cino-frame.properties
2018-01-09 15:16:27 INFO  com.thrblock.cino.CinoAnnotationProcessor - processing annotation of beans
2018-01-09 15:16:27 WARN  com.thrblock.cino.gllayer.GLLayerManager - layer not found:0
2018-01-09 15:16:27 INFO  com.thrblock.cino.gllayer.GLLayerManager - layer auto generated:0
2018-01-09 15:16:27 WARN  com.thrblock.cino.gllayer.GLLayerManager - layer not found:1
2018-01-09 15:16:27 INFO  com.thrblock.cino.gllayer.GLLayerManager - layer auto generated:1
2018-01-09 15:16:30 INFO  com.thrblock.cino.frame.AWTFrameFactory - graphics device you are current using:Win32GraphicsDevice[screen=0]
2018-01-09 15:16:30 INFO  com.thrblock.cino.glprocessor.GLEventProcessor - GL init
2018-01-09 15:16:30 INFO  com.thrblock.cino.glprocessor.GLEventProcessor - The Renderer you are current using:GeForce MX150/PCIe/SSE2
2018-01-09 15:16:30 INFO  com.thrblock.cino.glprocessor.GLEventProcessor - The Renderer driver version is 4.5.0 NVIDIA 382.64
2018-01-09 15:16:30 INFO  com.thrblock.cino.glprocessor.GLEventProcessor - GL reshape:0,0,300,320
2018-01-09 15:16:49 INFO  com.thrblock.cino.util.SmartConfig - source:frame.smt
2018-01-09 15:16:49 INFO  com.thrblock.cino.util.SmartConfig - OS Mapped:WINDOWS 10,Location:./cino-frame.properties
2018-01-09 15:16:49 INFO  com.thrblock.cino.CinoAnnotationProcessor - processing annotation of beans
2018-01-09 15:16:49 WARN  com.thrblock.cino.gllayer.GLLayerManager - layer not found:0
2018-01-09 15:16:49 INFO  com.thrblock.cino.gllayer.GLLayerManager - layer auto generated:0
2018-01-09 15:16:49 WARN  com.thrblock.cino.gllayer.GLLayerManager - layer not found:1
2018-01-09 15:16:49 INFO  com.thrblock.cino.gllayer.GLLayerManager - layer auto generated:1
2018-01-09 15:16:52 INFO  com.thrblock.cino.frame.AWTFrameFactory - graphics device you are current using:Win32GraphicsDevice[screen=0]
2018-01-09 15:16:52 INFO  com.thrblock.cino.glprocessor.GLEventProcessor - GL init
2018-01-09 15:16:52 INFO  com.thrblock.cino.glprocessor.GLEventProcessor - The Renderer you are current using:GeForce MX150/PCIe/SSE2
2018-01-09 15:16:52 INFO  com.thrblock.cino.glprocessor.GLEventProcessor - The Renderer driver version is 4.5.0 NVIDIA 382.64
2018-01-09 15:16:52 INFO  com.thrblock.cino.glprocessor.GLEventProcessor - GL reshape:0,0,300,320
2018-01-09 15:28:31 INFO  com.thrblock.cino.util.SmartConfig - source:frame.smt
2018-01-09 15:28:31 INFO  com.thrblock.cino.util.SmartConfig - OS Mapped:WINDOWS 10,Location:./cino-frame.properties
2018-01-09 15:28:31 INFO  com.thrblock.cino.CinoAnnotationProcessor - processing annotation of beans
2018-01-09 15:28:31 WARN  com.thrblock.cino.gllayer.GLLayerManager - layer not found:0
2018-01-09 15:28:31 INFO  com.thrblock.cino.gllayer.GLLayerManager - layer auto generated:0
2018-01-09 15:28:31 WARN  com.thrblock.cino.gllayer.GLLayerManager - layer not found:1
2018-01-09 15:28:31 INFO  com.thrblock.cino.gllayer.GLLayerManager - layer auto generated:1
2018-01-09 15:28:34 INFO  com.thrblock.cino.frame.AWTFrameFactory - graphics device you are current using:Win32GraphicsDevice[screen=0]
2018-01-09 15:28:34 INFO  com.thrblock.cino.glprocessor.GLEventProcessor - GL init
2018-01-09 15:28:34 INFO  com.thrblock.cino.glprocessor.GLEventProcessor - The Renderer you are current using:GeForce MX150/PCIe/SSE2
2018-01-09 15:28:34 INFO  com.thrblock.cino.glprocessor.GLEventProcessor - The Renderer driver version is 4.5.0 NVIDIA 382.64
2018-01-09 15:28:34 INFO  com.thrblock.cino.glprocessor.GLEventProcessor - GL reshape:0,0,300,320
2018-01-09 15:28:58 INFO  com.thrblock.cino.glprocessor.GLEventProcessor - GL dispose
2018-01-09 15:30:52 INFO  com.thrblock.cino.util.SmartConfig - source:frame.smt
2018-01-09 15:30:52 INFO  com.thrblock.cino.util.SmartConfig - OS Mapped:WINDOWS 10,Location:./cino-frame.properties
2018-01-09 15:30:52 INFO  com.thrblock.cino.CinoAnnotationProcessor - processing annotation of beans
2018-01-09 15:30:52 WARN  com.thrblock.cino.gllayer.GLLayerManager - layer not found:0
2018-01-09 15:30:52 INFO  com.thrblock.cino.gllayer.GLLayerManager - layer auto generated:0
2018-01-09 15:30:52 WARN  com.thrblock.cino.gllayer.GLLayerManager - layer not found:1
2018-01-09 15:30:52 INFO  com.thrblock.cino.gllayer.GLLayerManager - layer auto generated:1
2018-01-09 15:30:55 INFO  com.thrblock.cino.frame.AWTFrameFactory - graphics device you are current using:Win32GraphicsDevice[screen=0]
2018-01-09 15:30:55 INFO  com.thrblock.cino.glprocessor.GLEventProcessor - GL init
2018-01-09 15:30:55 INFO  com.thrblock.cino.glprocessor.GLEventProcessor - The Renderer you are current using:GeForce MX150/PCIe/SSE2
2018-01-09 15:30:55 INFO  com.thrblock.cino.glprocessor.GLEventProcessor - The Renderer driver version is 4.5.0 NVIDIA 382.64
2018-01-09 15:30:55 INFO  com.thrblock.cino.glprocessor.GLEventProcessor - GL reshape:0,0,300,320
2018-01-09 15:38:38 INFO  com.thrblock.cino.glprocessor.GLEventProcessor - GL dispose
2018-01-09 16:03:17 INFO  com.thrblock.cino.util.SmartConfig - source:frame.smt
2018-01-09 16:03:17 INFO  com.thrblock.cino.util.SmartConfig - OS Mapped:WINDOWS 10,Location:./cino-frame.properties
2018-01-09 16:03:18 INFO  com.thrblock.cino.CinoAnnotationProcessor - processing annotation of beans
2018-01-09 16:03:18 WARN  com.thrblock.cino.gllayer.GLLayerManager - layer not found:0
2018-01-09 16:03:18 INFO  com.thrblock.cino.gllayer.GLLayerManager - layer auto generated:0
2018-01-09 16:03:18 WARN  com.thrblock.cino.gllayer.GLLayerManager - layer not found:1
2018-01-09 16:03:18 INFO  com.thrblock.cino.gllayer.GLLayerManager - layer auto generated:1
2018-01-09 16:03:21 INFO  com.thrblock.cino.frame.AWTFrameFactory - graphics device you are current using:Win32GraphicsDevice[screen=0]
2018-01-09 16:03:21 INFO  com.thrblock.cino.glprocessor.GLEventProcessor - GL init
2018-01-09 16:03:21 INFO  com.thrblock.cino.glprocessor.GLEventProcessor - The Renderer you are current using:GeForce MX150/PCIe/SSE2
2018-01-09 16:03:21 INFO  com.thrblock.cino.glprocessor.GLEventProcessor - The Renderer driver version is 4.5.0 NVIDIA 382.64
2018-01-09 16:03:21 INFO  com.thrblock.cino.glprocessor.GLEventProcessor - GL reshape:0,0,300,320
2018-01-09 16:40:08 INFO  com.thrblock.cino.util.SmartConfig - source:frame.smt
2018-01-09 16:40:08 INFO  com.thrblock.cino.util.SmartConfig - OS Mapped:WINDOWS 10,Location:./cino-frame.properties
2018-01-09 16:40:09 INFO  com.thrblock.cino.CinoAnnotationProcessor - processing annotation of beans
2018-01-09 16:40:09 WARN  com.thrblock.cino.gllayer.GLLayerManager - layer not found:0
2018-01-09 16:40:09 INFO  com.thrblock.cino.gllayer.GLLayerManager - layer auto generated:0
2018-01-09 16:40:09 WARN  com.thrblock.cino.gllayer.GLLayerManager - layer not found:1
2018-01-09 16:40:09 INFO  com.thrblock.cino.gllayer.GLLayerManager - layer auto generated:1
2018-01-09 16:40:12 INFO  com.thrblock.cino.frame.AWTFrameFactory - graphics device you are current using:Win32GraphicsDevice[screen=0]
2018-01-09 16:40:12 INFO  com.thrblock.cino.glprocessor.GLEventProcessor - GL init
2018-01-09 16:40:12 INFO  com.thrblock.cino.glprocessor.GLEventProcessor - The Renderer you are current using:GeForce MX150/PCIe/SSE2
2018-01-09 16:40:12 INFO  com.thrblock.cino.glprocessor.GLEventProcessor - The Renderer driver version is 4.5.0 NVIDIA 382.64
2018-01-09 16:40:12 INFO  com.thrblock.cino.glprocessor.GLEventProcessor - GL reshape:0,0,300,320
2018-01-09 16:48:30 INFO  com.thrblock.cino.util.SmartConfig - source:frame.smt
2018-01-09 16:48:30 INFO  com.thrblock.cino.util.SmartConfig - OS Mapped:WINDOWS 10,Location:./cino-frame.properties
2018-01-09 16:48:31 INFO  com.thrblock.cino.CinoAnnotationProcessor - processing annotation of beans
2018-01-09 16:48:31 WARN  com.thrblock.cino.gllayer.GLLayerManager - layer not found:0
2018-01-09 16:48:31 INFO  com.thrblock.cino.gllayer.GLLayerManager - layer auto generated:0
2018-01-09 16:48:31 WARN  com.thrblock.cino.gllayer.GLLayerManager - layer not found:1
2018-01-09 16:48:31 INFO  com.thrblock.cino.gllayer.GLLayerManager - layer auto generated:1
2018-01-09 16:48:34 INFO  com.thrblock.cino.frame.AWTFrameFactory - graphics device you are current using:Win32GraphicsDevice[screen=0]
2018-01-09 16:48:34 INFO  com.thrblock.cino.glprocessor.GLEventProcessor - GL init
2018-01-09 16:48:34 INFO  com.thrblock.cino.glprocessor.GLEventProcessor - The Renderer you are current using:GeForce MX150/PCIe/SSE2
2018-01-09 16:48:34 INFO  com.thrblock.cino.glprocessor.GLEventProcessor - The Renderer driver version is 4.5.0 NVIDIA 382.64
2018-01-09 16:48:34 INFO  com.thrblock.cino.glprocessor.GLEventProcessor - GL reshape:0,0,300,320
2018-01-09 16:50:10 INFO  com.thrblock.cino.util.SmartConfig - source:frame.smt
2018-01-09 16:50:10 INFO  com.thrblock.cino.util.SmartConfig - OS Mapped:WINDOWS 10,Location:./cino-frame.properties
2018-01-09 16:50:10 INFO  com.thrblock.cino.CinoAnnotationProcessor - processing annotation of beans
2018-01-09 16:50:10 WARN  com.thrblock.cino.gllayer.GLLayerManager - layer not found:0
2018-01-09 16:50:10 INFO  com.thrblock.cino.gllayer.GLLayerManager - layer auto generated:0
2018-01-09 16:50:10 WARN  com.thrblock.cino.gllayer.GLLayerManager - layer not found:1
2018-01-09 16:50:10 INFO  com.thrblock.cino.gllayer.GLLayerManager - layer auto generated:1
2018-01-09 16:50:13 INFO  com.thrblock.cino.frame.AWTFrameFactory - graphics device you are current using:Win32GraphicsDevice[screen=0]
2018-01-09 16:50:13 INFO  com.thrblock.cino.glprocessor.GLEventProcessor - GL init
2018-01-09 16:50:13 INFO  com.thrblock.cino.glprocessor.GLEventProcessor - The Renderer you are current using:GeForce MX150/PCIe/SSE2
2018-01-09 16:50:13 INFO  com.thrblock.cino.glprocessor.GLEventProcessor - The Renderer driver version is 4.5.0 NVIDIA 382.64
2018-01-09 16:50:13 INFO  com.thrblock.cino.glprocessor.GLEventProcessor - GL reshape:0,0,300,320
2018-01-09 17:29:43 INFO  com.thrblock.cino.util.SmartConfig - source:frame.smt
2018-01-09 17:29:43 INFO  com.thrblock.cino.util.SmartConfig - OS Mapped:WINDOWS 10,Location:./cino-frame.properties
2018-01-09 17:29:43 INFO  com.thrblock.cino.CinoAnnotationProcessor - processing annotation of beans
2018-01-09 17:29:43 WARN  com.thrblock.cino.gllayer.GLLayerManager - layer not found:0
2018-01-09 17:29:43 INFO  com.thrblock.cino.gllayer.GLLayerManager - layer auto generated:0
2018-01-09 17:29:43 WARN  com.thrblock.cino.gllayer.GLLayerManager - layer not found:1
