2018-01-16 16:54:41 INFO  com.thrblock.cino.glprocessor.GLEventProcessor - GL reshape:0,0,503,320
2018-01-16 16:54:41 INFO  com.thrblock.cino.glprocessor.GLEventProcessor - GL reshape:0,0,502,320
2018-01-16 17:09:24 INFO  com.thrblock.cino.glprocessor.GLEventProcessor - GL dispose
2018-01-17 16:33:45 INFO  com.thrblock.cino.util.SmartConfig - source:frame.smt
2018-01-17 16:33:45 INFO  com.thrblock.cino.util.SmartConfig - OS Mapped:WINDOWS 10,Location:./cino-frame.properties
2018-01-17 16:33:46 INFO  com.thrblock.cino.CinoAnnotationProcessor - processing annotation of beans
2018-01-17 16:33:46 WARN  com.thrblock.cino.gllayer.GLLayerManager - layer not found:0
2018-01-17 16:33:46 INFO  com.thrblock.cino.gllayer.GLLayerManager - layer auto generated:0
2018-01-17 16:33:46 WARN  com.thrblock.cino.gllayer.GLLayerManager - layer not found:1
2018-01-17 16:33:46 INFO  com.thrblock.cino.gllayer.GLLayerManager - layer auto generated:1
2018-01-17 16:33:49 INFO  com.thrblock.cino.frame.AWTFrameFactory - graphics device you are current using:Win32GraphicsDevice[screen=0]
2018-01-17 16:33:49 INFO  com.thrblock.cino.glprocessor.GLEventProcessor - GL init
2018-01-17 16:33:49 INFO  com.thrblock.cino.glprocessor.GLEventProcessor - The Renderer you are current using:GeForce MX150/PCIe/SSE2
2018-01-17 16:33:49 INFO  com.thrblock.cino.glprocessor.GLEventProcessor - The Renderer driver version is 4.5.0 NVIDIA 382.64
2018-01-17 16:33:49 INFO  com.thrblock.cino.glprocessor.GLEventProcessor - GL reshape:0,0,300,320
2018-01-17 16:33:52 INFO  com.thrblock.cino.glprocessor.GLEventProcessor - GL reshape:0,0,1304,745
2018-01-17 16:41:11 INFO  com.thrblock.cino.glprocessor.GLEventProcessor - GL reshape:0,0,300,320
2018-01-17 16:41:12 INFO  com.thrblock.cino.glprocessor.GLEventProcessor - GL reshape:0,0,302,320
2018-01-17 16:41:12 INFO  com.thrblock.cino.glprocessor.GLEventProcessor - GL reshape:0,0,306,320
2018-01-17 16:41:12 INFO  com.thrblock.cino.glprocessor.GLEventProcessor - GL reshape:0,0,315,320
2018-01-17 16:41:12 INFO  com.thrblock.cino.glprocessor.GLEventProcessor - GL reshape:0,0,323,320
2018-01-17 16:41:12 INFO  com.thrblock.cino.glprocessor.GLEventProcessor - GL reshape:0,0,335,320
2018-01-17 16:41:12 INFO  com.thrblock.cino.glprocessor.GLEventProcessor - GL reshape:0,0,356,320
2018-01-17 16:41:12 INFO  com.thrblock.cino.glprocessor.GLEventProcessor - GL reshape:0,0,380,320
2018-01-17 16:41:12 INFO  com.thrblock.cino.glprocessor.GLEventProcessor - GL reshape:0,0,400,320
2018-01-17 16:41:12 INFO  com.thrblock.cino.glprocessor.GLEventProcessor - GL reshape:0,0,414,320
2018-01-17 16:41:12 INFO  com.thrblock.cino.glprocessor.GLEventProcessor - GL reshape:0,0,429,320
2018-01-17 16:41:12 INFO  com.thrblock.cino.glprocessor.GLEventProcessor - GL reshape:0,0,439,320
2018-01-17 16:41:12 INFO  com.thrblock.cino.glprocessor.GLEventProcessor - GL reshape:0,0,447,320
2018-01-17 16:41:12 INFO  com.thrblock.cino.glprocessor.GLEventProcessor - GL reshape:0,0,454,320
2018-01-17 16:41:12 INFO  com.thrblock.cino.glprocessor.GLEventProcessor - GL reshape:0,0,458,320
2018-01-17 16:41:12 INFO  com.thrblock.cino.glprocessor.GLEventProcessor - GL reshape:0,0,462,320
2018-01-17 16:41:12 INFO  com.thrblock.cino.glprocessor.GLEventProcessor - GL reshape:0,0,467,320
2018-01-17 16:41:12 INFO  com.thrblock.cino.glprocessor.GLEventProcessor - GL reshape:0,0,469,320
2018-01-17 16:41:12 INFO  com.thrblock.cino.glprocessor.GLEventProcessor - GL reshape:0,0,472,320
2018-01-17 16:41:12 INFO  com.thrblock.cino.glprocessor.GLEventProcessor - GL reshape:0,0,478,320
2018-01-17 16:41:12 INFO  com.thrblock.cino.glprocessor.GLEventProcessor - GL reshape:0,0,481,320
2018-01-17 16:41:12 INFO  com.thrblock.cino.glprocessor.GLEventProcessor - GL reshape:0,0,485,320
2018-01-17 16:41:12 INFO  com.thrblock.cino.glprocessor.GLEventProcessor - GL reshape:0,0,489,320
2018-01-17 16:41:12 INFO  com.thrblock.cino.glprocessor.GLEventProcessor - GL reshape:0,0,491,320
2018-01-17 16:41:12 INFO  com.thrblock.cino.glprocessor.GLEventProcessor - GL reshape:0,0,493,320
2018-01-17 16:41:12 INFO  com.thrblock.cino.glprocessor.GLEventProcessor - GL reshape:0,0,494,320
2018-01-17 16:41:12 INFO  com.thrblock.cino.glprocessor.GLEventProcessor - GL reshape:0,0,495,320
2018-01-17 16:41:12 INFO  com.thrblock.cino.glprocessor.GLEventProcessor - GL reshape:0,0,497,320
2018-01-17 16:41:12 INFO  com.thrblock.cino.glprocessor.GLEventProcessor - GL reshape:0,0,498,320
2018-01-17 16:41:12 INFO  com.thrblock.cino.glprocessor.GLEventProcessor - GL reshape:0,0,499,320
2018-01-17 16:41:12 INFO  com.thrblock.cino.glprocessor.GLEventProcessor - GL reshape:0,0,500,320
2018-01-17 16:41:12 INFO  com.thrblock.cino.glprocessor.GLEventProcessor - GL reshape:0,0,502,320
2018-01-17 16:41:12 INFO  com.thrblock.cino.glprocessor.GLEventProcessor - GL reshape:0,0,504,320
2018-01-17 16:41:12 INFO  com.thrblock.cino.glprocessor.GLEventProcessor - GL reshape:0,0,506,320
2018-01-17 16:41:12 INFO  com.thrblock.cino.glprocessor.GLEventProcessor - GL reshape:0,0,509,320
2018-01-17 16:41:12 INFO  com.thrblock.cino.glprocessor.GLEventProcessor - GL reshape:0,0,513,320
2018-01-17 16:41:12 INFO  com.thrblock.cino.glprocessor.GLEventProcessor - GL reshape:0,0,515,320
2018-01-17 16:41:12 INFO  com.thrblock.cino.glprocessor.GLEventProcessor - GL reshape:0,0,518,320
2018-01-17 16:41:12 INFO  com.thrblock.cino.glprocessor.GLEventProcessor - GL reshape:0,0,520,320
2018-01-17 16:41:12 INFO  com.thrblock.cino.glprocessor.GLEventProcessor - GL reshape:0,0,521,320
2018-01-17 16:41:12 INFO  com.thrblock.cino.glprocessor.GLEventProcessor - GL reshape:0,0,523,320
2018-01-17 16:41:12 INFO  com.thrblock.cino.glprocessor.GLEventProcessor - GL reshape:0,0,524,320
2018-01-17 16:41:12 INFO  com.thrblock.cino.glprocessor.GLEventProcessor - GL reshape:0,0,525,320
2018-01-17 16:41:12 INFO  com.thrblock.cino.glprocessor.GLEventProcessor - GL reshape:0,0,526,320
2018-01-17 16:41:12 INFO  com.thrblock.cino.glprocessor.GLEventProcessor - GL reshape:0,0,527,320
2018-01-17 16:41:12 INFO  com.thrblock.cino.glprocessor.GLEventProcessor - GL reshape:0,0,529,320
2018-01-17 16:41:12 INFO  com.thrblock.cino.glprocessor.GLEventProcessor - GL reshape:0,0,530,320
2018-01-17 16:41:12 INFO  com.thrblock.cino.glprocessor.GLEventProcessor - GL reshape:0,0,531,320
2018-01-17 16:41:13 INFO  com.thrblock.cino.glprocessor.GLEventProcessor - GL reshape:0,0,529,320
2018-01-17 16:41:13 INFO  com.thrblock.cino.glprocessor.GLEventProcessor - GL reshape:0,0,527,320
2018-01-17 16:41:13 INFO  com.thrblock.cino.glprocessor.GLEventProcessor - GL reshape:0,0,526,320
2018-01-17 16:41:13 INFO  com.thrblock.cino.glprocessor.GLEventProcessor - GL reshape:0,0,525,320
2018-01-17 16:41:13 INFO  com.thrblock.cino.glprocessor.GLEventProcessor - GL reshape:0,0,524,320
2018-01-17 16:41:13 INFO  com.thrblock.cino.glprocessor.GLEventProcessor - GL reshape:0,0,520,320
2018-01-17 16:41:13 INFO  com.thrblock.cino.glprocessor.GLEventProcessor - GL reshape:0,0,519,320
2018-01-17 16:41:13 INFO  com.thrblock.cino.glprocessor.GLEventProcessor - GL reshape:0,0,518,320
2018-01-17 16:41:13 INFO  com.thrblock.cino.glprocessor.GLEventProcessor - GL reshape:0,0,517,320
2018-01-17 16:41:13 INFO  com.thrblock.cino.glprocessor.GLEventProcessor - GL reshape:0,0,516,320
2018-01-17 16:41:13 INFO  com.thrblock.cino.glprocessor.GLEventProcessor - GL reshape:0,0,515,320
2018-01-17 16:41:13 INFO  com.thrblock.cino.glprocessor.GLEventProcessor - GL reshape:0,0,514,320
2018-01-17 16:41:13 INFO  com.thrblock.cino.glprocessor.GLEventProcessor - GL reshape:0,0,513,320
2018-01-17 16:41:13 INFO  com.thrblock.cino.glprocessor.GLEventProcessor - GL reshape:0,0,512,320
2018-01-17 16:41:13 INFO  com.thrblock.cino.glprocessor.GLEventProcessor - GL reshape:0,0,511,320
2018-01-17 16:41:13 INFO  com.thrblock.cino.glprocessor.GLEventProcessor - GL reshape:0,0,510,320
2018-01-17 16:41:13 INFO  com.thrblock.cino.glprocessor.GLEventProcessor - GL reshape:0,0,509,320
2018-01-17 16:41:14 INFO  com.thrblock.cino.glprocessor.GLEventProcessor - GL reshape:0,0,507,320
2018-01-17 16:41:14 INFO  com.thrblock.cino.glprocessor.GLEventProcessor - GL reshape:0,0,506,320
2018-01-17 16:41:14 INFO  com.thrblock.cino.glprocessor.GLEventProcessor - GL reshape:0,0,504,320
2018-01-17 16:41:14 INFO  com.thrblock.cino.glprocessor.GLEventProcessor - GL reshape:0,0,503,320
2018-01-17 16:41:14 INFO  com.thrblock.cino.glprocessor.GLEventProcessor - GL reshape:0,0,502,320
2018-01-17 16:41:14 INFO  com.thrblock.cino.glprocessor.GLEventProcessor - GL reshape:0,0,501,320
2018-01-17 16:41:14 INFO  com.thrblock.cino.glprocessor.GLEventProcessor - GL reshape:0,0,498,320
2018-01-17 16:41:15 INFO  com.thrblock.cino.glprocessor.GLEventProcessor - GL reshape:0,0,500,320
2018-01-17 16:41:15 INFO  com.thrblock.cino.glprocessor.GLEventProcessor - GL reshape:0,0,502,320
2018-01-17 16:45:43 INFO  com.thrblock.cino.glprocessor.GLEventProcessor - GL dispose
2018-01-17 17:49:59 INFO  com.thrblock.cino.util.SmartConfig - source:frame.smt
2018-01-17 17:49:59 INFO  com.thrblock.cino.util.SmartConfig - OS Mapped:WINDOWS 10,Location:./cino-frame.properties
2018-01-17 17:49:59 INFO  com.thrblock.cino.CinoAnnotationProcessor - processing annotation of beans
2018-01-17 17:49:59 WARN  com.thrblock.cino.gllayer.GLLayerManager - layer not found:0
2018-01-17 17:49:59 INFO  com.thrblock.cino.gllayer.GLLayerManager - layer auto generated:0
2018-01-17 17:49:59 WARN  com.thrblock.cino.gllayer.GLLayerManager - layer not found:1
2018-01-17 17:49:59 INFO  com.thrblock.cino.gllayer.GLLayerManager - layer auto generated:1
2018-01-17 17:50:02 INFO  com.thrblock.cino.frame.AWTFrameFactory - graphics device you are current using:Win32GraphicsDevice[screen=0]
2018-01-17 17:50:02 INFO  com.thrblock.cino.glprocessor.GLEventProcessor - GL init
2018-01-17 17:50:02 INFO  com.thrblock.cino.glprocessor.GLEventProcessor - The Renderer you are current using:GeForce MX150/PCIe/SSE2
2018-01-17 17:50:02 INFO  com.thrblock.cino.glprocessor.GLEventProcessor - The Renderer driver version is 4.5.0 NVIDIA 382.64
2018-01-17 17:50:02 INFO  com.thrblock.cino.glprocessor.GLEventProcessor - GL reshape:0,0,300,320
2018-01-17 17:50:04 INFO  com.thrblock.cino.glprocessor.GLEventProcessor - GL reshape:0,0,302,320
2018-01-17 17:50:04 INFO  com.thrblock.cino.glprocessor.GLEventProcessor - GL reshape:0,0,304,320
2018-01-17 17:50:04 INFO  com.thrblock.cino.glprocessor.GLEventProcessor - GL reshape:0,0,312,320
2018-01-17 17:50:04 INFO  com.thrblock.cino.glprocessor.GLEventProcessor - GL reshape:0,0,318,320
2018-01-17 17:50:04 INFO  com.thrblock.cino.glprocessor.GLEventProcessor - GL reshape:0,0,325,320
2018-01-17 17:50:04 INFO  com.thrblock.cino.glprocessor.GLEventProcessor - GL reshape:0,0,334,320
2018-01-17 17:50:04 INFO  com.thrblock.cino.glprocessor.GLEventProcessor - GL reshape:0,0,342,320
2018-01-17 17:50:04 INFO  com.thrblock.cino.glprocessor.GLEventProcessor - GL reshape:0,0,351,320
2018-01-17 17:50:04 INFO  com.thrblock.cino.glprocessor.GLEventProcessor - GL reshape:0,0,363,320
2018-01-17 17:50:04 INFO  com.thrblock.cino.glprocessor.GLEventProcessor - GL reshape:0,0,373,320
2018-01-17 17:50:04 INFO  com.thrblock.cino.glprocessor.GLEventProcessor - GL reshape:0,0,390,320
2018-01-17 17:50:04 INFO  com.thrblock.cino.glprocessor.GLEventProcessor - GL reshape:0,0,402,320
2018-01-17 17:50:04 INFO  com.thrblock.cino.glprocessor.GLEventProcessor - GL reshape:0,0,424,320
2018-01-17 17:50:04 INFO  com.thrblock.cino.glprocessor.GLEventProcessor - GL reshape:0,0,443,320
2018-01-17 17:50:04 INFO  com.thrblock.cino.glprocessor.GLEventProcessor - GL reshape:0,0,454,320
2018-01-17 17:50:04 INFO  com.thrblock.cino.glprocessor.GLEventProcessor - GL reshape:0,0,457,320
2018-01-17 17:50:04 INFO  com.thrblock.cino.glprocessor.GLEventProcessor - GL reshape:0,0,458,320
2018-01-17 17:50:04 INFO  com.thrblock.cino.glprocessor.GLEventProcessor - GL reshape:0,0,460,320
2018-01-17 17:50:04 INFO  com.thrblock.cino.glprocessor.GLEventProcessor - GL reshape:0,0,464,320
2018-01-17 17:50:04 INFO  com.thrblock.cino.glprocessor.GLEventProcessor - GL reshape:0,0,472,320
2018-01-17 17:50:04 INFO  com.thrblock.cino.glprocessor.GLEventProcessor - GL reshape:0,0,476,320
2018-01-17 17:50:04 INFO  com.thrblock.cino.glprocessor.GLEventProcessor - GL reshape:0,0,482,320
2018-01-17 17:50:04 INFO  com.thrblock.cino.glprocessor.GLEventProcessor - GL reshape:0,0,487,320
2018-01-17 17:50:04 INFO  com.thrblock.cino.glprocessor.GLEventProcessor - GL reshape:0,0,494,320
2018-01-17 17:50:04 INFO  com.thrblock.cino.glprocessor.GLEventProcessor - GL reshape:0,0,518,320
2018-01-17 17:50:04 INFO  com.thrblock.cino.glprocessor.GLEventProcessor - GL reshape:0,0,525,320
2018-01-17 17:50:04 INFO  com.thrblock.cino.glprocessor.GLEventProcessor - GL reshape:0,0,530,320
2018-01-17 17:50:04 INFO  com.thrblock.cino.glprocessor.GLEventProcessor - GL reshape:0,0,532,320
2018-01-17 17:50:04 INFO  com.thrblock.cino.glprocessor.GLEventProcessor - GL reshape:0,0,533,320
2018-01-17 17:50:04 INFO  com.thrblock.cino.glprocessor.GLEventProcessor - GL reshape:0,0,535,320
2018-01-17 17:50:04 INFO  com.thrblock.cino.glprocessor.GLEventProcessor - GL reshape:0,0,537,320
2018-01-17 17:50:04 INFO  com.thrblock.cino.glprocessor.GLEventProcessor - GL reshape:0,0,539,320
2018-01-17 17:50:04 INFO  com.thrblock.cino.glprocessor.GLEventProcessor - GL reshape:0,0,540,320
2018-01-17 17:50:04 INFO  com.thrblock.cino.glprocessor.GLEventProcessor - GL reshape:0,0,541,320
2018-01-17 17:50:04 INFO  com.thrblock.cino.glprocessor.GLEventProcessor - GL reshape:0,0,543,320
2018-01-17 17:50:04 INFO  com.thrblock.cino.glprocessor.GLEventProcessor - GL reshape:0,0,544,320
2018-01-17 17:50:04 INFO  com.thrblock.cino.glprocessor.GLEventProcessor - GL reshape:0,0,545,320
2018-01-17 17:50:04 INFO  com.thrblock.cino.glprocessor.GLEventProcessor - GL reshape:0,0,546,320
2018-01-17 17:50:04 INFO  com.thrblock.cino.glprocessor.GLEventProcessor - GL reshape:0,0,547,320
2018-01-17 17:50:04 INFO  com.thrblock.cino.glprocessor.GLEventProcessor - GL reshape:0,0,549,320
2018-01-17 17:50:05 INFO  com.thrblock.cino.glprocessor.GLEventProcessor - GL reshape:0,0,548,320
2018-01-17 17:50:05 INFO  com.thrblock.cino.glprocessor.GLEventProcessor - GL reshape:0,0,546,320
2018-01-17 17:50:05 INFO  com.thrblock.cino.glprocessor.GLEventProcessor - GL reshape:0,0,544,320
2018-01-17 17:50:05 INFO  com.thrblock.cino.glprocessor.GLEventProcessor - GL reshape:0,0,542,320
2018-01-17 17:50:05 INFO  com.thrblock.cino.glprocessor.GLEventProcessor - GL reshape:0,0,539,320
2018-01-17 17:50:05 INFO  com.thrblock.cino.glprocessor.GLEventProcessor - GL reshape:0,0,538,320
2018-01-17 17:50:05 INFO  com.thrblock.cino.glprocessor.GLEventProcessor - GL reshape:0,0,537,320
2018-01-17 17:50:05 INFO  com.thrblock.cino.glprocessor.GLEventProcessor - GL reshape:0,0,536,320
2018-01-17 17:50:05 INFO  com.thrblock.cino.glprocessor.GLEventProcessor - GL reshape:0,0,534,320
2018-01-17 17:50:05 INFO  com.thrblock.cino.glprocessor.GLEventProcessor - GL reshape:0,0,533,320
2018-01-17 17:50:05 INFO  com.thrblock.cino.glprocessor.GLEventProcessor - GL reshape:0,0,530,320
2018-01-17 17:50:05 INFO  com.thrblock.cino.glprocessor.GLEventProcessor - GL reshape:0,0,528,320
2018-01-17 17:50:05 INFO  com.thrblock.cino.glprocessor.GLEventProcessor - GL reshape:0,0,527,320
2018-01-17 17:50:05 INFO  com.thrblock.cino.glprocessor.GLEventProcessor - GL reshape:0,0,525,320
2018-01-17 17:50:05 INFO  com.thrblock.cino.glprocessor.GLEventProcessor - GL reshape:0,0,524,320
2018-01-17 17:50:05 INFO  com.thrblock.cino.glprocessor.GLEventProcessor - GL reshape:0,0,522,320
2018-01-17 17:50:05 INFO  com.thrblock.cino.glprocessor.GLEventProcessor - GL reshape:0,0,521,320
2018-01-17 17:50:05 INFO  com.thrblock.cino.glprocessor.GLEventProcessor - GL reshape:0,0,519,320
2018-01-17 17:50:05 INFO  com.thrblock.cino.glprocessor.GLEventProcessor - GL reshape:0,0,517,320
2018-01-17 17:50:05 INFO  com.thrblock.cino.glprocessor.GLEventProcessor - GL reshape:0,0,516,320
2018-01-17 17:50:05 INFO  com.thrblock.cino.glprocessor.GLEventProcessor - GL reshape:0,0,515,320
2018-01-17 17:50:05 INFO  com.thrblock.cino.glprocessor.GLEventProcessor - GL reshape:0,0,513,320
2018-01-17 17:50:05 INFO  com.thrblock.cino.glprocessor.GLEventProcessor - GL reshape:0,0,512,320
2018-01-17 17:50:05 INFO  com.thrblock.cino.glprocessor.GLEventProcessor - GL reshape:0,0,511,320
2018-01-17 17:50:05 INFO  com.thrblock.cino.glprocessor.GLEventProcessor - GL reshape:0,0,510,320
2018-01-17 17:50:05 INFO  com.thrblock.cino.glprocessor.GLEventProcessor - GL reshape:0,0,509,320
2018-01-17 17:50:06 INFO  com.thrblock.cino.glprocessor.GLEventProcessor - GL reshape:0,0,508,320
2018-01-17 17:50:06 INFO  com.thrblock.cino.glprocessor.GLEventProcessor - GL reshape:0,0,507,320
2018-01-17 17:50:06 INFO  com.thrblock.cino.glprocessor.GLEventProcessor - GL reshape:0,0,506,320
2018-01-17 17:50:06 INFO  com.thrblock.cino.glprocessor.GLEventProcessor - GL reshape:0,0,505,320
2018-01-17 17:50:06 INFO  com.thrblock.cino.glprocessor.GLEventProcessor - GL reshape:0,0,504,320
2018-01-17 18:05:20 INFO  com.thrblock.cino.glprocessor.GLEventProcessor - GL reshape:0,0,504,321
2018-01-17 18:05:20 INFO  com.thrblock.cino.glprocessor.GLEventProcessor - GL reshape:0,0,504,323
2018-01-17 18:05:20 INFO  com.thrblock.cino.glprocessor.GLEventProcessor - GL reshape:0,0,504,324
2018-01-17 18:18:07 INFO  com.thrblock.cino.glprocessor.GLEventProcessor - GL reshape:0,0,504,325
2018-01-17 18:18:07 INFO  com.thrblock.cino.glprocessor.GLEventProcessor - GL reshape:0,0,505,325
2018-01-17 18:18:08 INFO  com.thrblock.cino.glprocessor.GLEventProcessor - GL reshape:0,0,506,325
2018-01-17 18:18:08 INFO  com.thrblock.cino.glprocessor.GLEventProcessor - GL reshape:0,0,508,326
2018-01-17 18:18:08 INFO  com.thrblock.cino.glprocessor.GLEventProcessor - GL reshape:0,0,509,326
2018-01-17 18:18:08 INFO  com.thrblock.cino.glprocessor.GLEventProcessor - GL reshape:0,0,512,326
2018-01-17 18:18:08 INFO  com.thrblock.cino.glprocessor.GLEventProcessor - GL reshape:0,0,514,327
2018-01-17 18:18:08 INFO  com.thrblock.cino.glprocessor.GLEventProcessor - GL reshape:0,0,515,329
2018-01-17 18:18:08 INFO  com.thrblock.cino.glprocessor.GLEventProcessor - GL reshape:0,0,516,329
2018-01-17 18:18:08 INFO  com.thrblock.cino.glprocessor.GLEventProcessor - GL reshape:0,0,519,329
2018-01-17 18:18:08 INFO  com.thrblock.cino.glprocessor.GLEventProcessor - GL reshape:0,0,519,330
2018-01-17 18:18:08 INFO  com.thrblock.cino.glprocessor.GLEventProcessor - GL reshape:0,0,520,330
2018-01-17 18:18:08 INFO  com.thrblock.cino.glprocessor.GLEventProcessor - GL reshape:0,0,522,330
2018-01-17 18:18:08 INFO  com.thrblock.cino.glprocessor.GLEventProcessor - GL reshape:0,0,523,330
2018-01-17 18:18:08 INFO  com.thrblock.cino.glprocessor.GLEventProcessor - GL reshape:0,0,525,330
2018-01-17 18:18:08 INFO  com.thrblock.cino.glprocessor.GLEventProcessor - GL reshape:0,0,525,331
2018-01-17 18:18:08 INFO  com.thrblock.cino.glprocessor.GLEventProcessor - GL reshape:0,0,526,331
2018-01-17 18:18:08 INFO  com.thrblock.cino.glprocessor.GLEventProcessor - GL reshape:0,0,529,332
2018-01-17 18:18:08 INFO  com.thrblock.cino.glprocessor.GLEventProcessor - GL reshape:0,0,531,333
2018-01-17 18:18:08 INFO  com.thrblock.cino.glprocessor.GLEventProcessor - GL reshape:0,0,532,333
2018-01-17 18:18:08 INFO  com.thrblock.cino.glprocessor.GLEventProcessor - GL reshape:0,0,532,334
2018-01-17 18:18:08 INFO  com.thrblock.cino.glprocessor.GLEventProcessor - GL reshape:0,0,532,335
2018-01-17 18:18:08 INFO  com.thrblock.cino.glprocessor.GLEventProcessor - GL reshape:0,0,532,336
2018-01-17 18:18:08 INFO  com.thrblock.cino.glprocessor.GLEventProcessor - GL reshape:0,0,532,337
2018-01-17 18:18:08 INFO  com.thrblock.cino.glprocessor.GLEventProcessor - GL reshape:0,0,532,338
2018-01-17 18:18:08 INFO  com.thrblock.cino.glprocessor.GLEventProcessor - GL reshape:0,0,532,340
2018-01-17 18:18:08 INFO  com.thrblock.cino.glprocessor.GLEventProcessor - GL reshape:0,0,531,340
2018-01-17 18:18:08 INFO  com.thrblock.cino.glprocessor.GLEventProcessor - GL reshape:0,0,531,341
2018-01-17 18:18:08 INFO  com.thrblock.cino.glprocessor.GLEventProcessor - GL reshape:0,0,531,342
2018-01-17 18:18:08 INFO  com.thrblock.cino.glprocessor.GLEventProcessor - GL reshape:0,0,531,343
2018-01-17 18:18:08 INFO  com.thrblock.cino.glprocessor.GLEventProcessor - GL reshape:0,0,530,343
2018-01-17 18:18:08 INFO  com.thrblock.cino.glprocessor.GLEventProcessor - GL reshape:0,0,530,344
2018-01-17 18:18:08 INFO  com.thrblock.cino.glprocessor.GLEventProcessor - GL reshape:0,0,530,345
2018-01-17 18:18:08 INFO  com.thrblock.cino.glprocessor.GLEventProcessor - GL reshape:0,0,530,346
2018-01-17 18:18:08 INFO  com.thrblock.cino.glprocessor.GLEventProcessor - GL reshape:0,0,530,347
2018-01-17 18:18:08 INFO  com.thrblock.cino.glprocessor.GLEventProcessor - GL reshape:0,0,529,348
2018-01-17 18:18:08 INFO  com.thrblock.cino.glprocessor.GLEventProcessor - GL reshape:0,0,529,350
2018-01-17 18:18:08 INFO  com.thrblock.cino.glprocessor.GLEventProcessor - GL reshape:0,0,529,351
2018-01-17 18:18:09 INFO  com.thrblock.cino.glprocessor.GLEventProcessor - GL reshape:0,0,529,353
2018-01-17 18:18:09 INFO  com.thrblock.cino.glprocessor.GLEventProcessor - GL reshape:0,0,529,354
2018-01-17 18:27:23 INFO  com.thrblock.cino.glprocessor.GLEventProcessor - GL dispose
2018-01-19 11:56:19 INFO  com.thrblock.cino.util.SmartConfig - source:frame.smt
2018-01-19 11:56:19 INFO  com.thrblock.cino.util.SmartConfig - OS Mapped:WINDOWS 10,Location:./cino-frame.properties
2018-01-19 11:56:19 INFO  com.thrblock.cino.CinoAnnotationProcessor - processing annotation of beans
2018-01-19 11:56:19 WARN  com.thrblock.cino.gllayer.GLLayerManager - layer not found:0
2018-01-19 11:56:19 INFO  com.thrblock.cino.gllayer.GLLayerManager - layer auto generated:0
2018-01-19 11:56:19 WARN  com.thrblock.cino.gllayer.GLLayerManager - layer not found:1
2018-01-19 11:56:19 INFO  com.thrblock.cino.gllayer.GLLayerManager - layer auto generated:1
2018-01-19 11:56:22 INFO  com.thrblock.cino.frame.AWTFrameFactory - graphics device you are current using:Win32GraphicsDevice[screen=0]
2018-01-19 11:56:22 INFO  com.thrblock.cino.glprocessor.GLEventProcessor - GL init
2018-01-19 11:56:22 INFO  com.thrblock.cino.glprocessor.GLEventProcessor - The Renderer you are current using:GeForce MX150/PCIe/SSE2
2018-01-19 11:56:22 INFO  com.thrblock.cino.glprocessor.GLEventProcessor - The Renderer driver version is 4.5.0 NVIDIA 382.64
2018-01-19 11:56:22 INFO  com.thrblock.cino.glprocessor.GLEventProcessor - GL reshape:0,0,300,320
2018-01-19 11:56:27 INFO  com.thrblock.cino.glprocessor.GLEventProcessor - GL reshape:0,0,304,320
2018-01-19 11:56:27 INFO  com.thrblock.cino.glprocessor.GLEventProcessor - GL reshape:0,0,311,320
2018-01-19 11:56:27 INFO  com.thrblock.cino.glprocessor.GLEventProcessor - GL reshape:0,0,318,320
2018-01-19 11:56:27 INFO  com.thrblock.cino.glprocessor.GLEventProcessor - GL reshape:0,0,335,320
2018-01-19 11:56:27 INFO  com.thrblock.cino.glprocessor.GLEventProcessor - GL reshape:0,0,351,320
2018-01-19 11:56:27 INFO  com.thrblock.cino.glprocessor.GLEventProcessor - GL reshape:0,0,361,320
2018-01-19 11:56:27 INFO  com.thrblock.cino.glprocessor.GLEventProcessor - GL reshape:0,0,366,320
2018-01-19 11:56:27 INFO  com.thrblock.cino.glprocessor.GLEventProcessor - GL reshape:0,0,369,320
2018-01-19 11:56:27 INFO  com.thrblock.cino.glprocessor.GLEventProcessor - GL reshape:0,0,375,320
2018-01-19 11:56:27 INFO  com.thrblock.cino.glprocessor.GLEventProcessor - GL reshape:0,0,379,320
2018-01-19 11:56:27 INFO  com.thrblock.cino.glprocessor.GLEventProcessor - GL reshape:0,0,380,320
2018-01-19 11:56:27 INFO  com.thrblock.cino.glprocessor.GLEventProcessor - GL reshape:0,0,384,320
2018-01-19 11:56:27 INFO  com.thrblock.cino.glprocessor.GLEventProcessor - GL reshape:0,0,386,320
2018-01-19 11:56:27 INFO  com.thrblock.cino.glprocessor.GLEventProcessor - GL reshape:0,0,388,320
2018-01-19 11:56:27 INFO  com.thrblock.cino.glprocessor.GLEventProcessor - GL reshape:0,0,390,320
2018-01-19 11:56:27 INFO  com.thrblock.cino.glprocessor.GLEventProcessor - GL reshape:0,0,392,320
2018-01-19 11:56:27 INFO  com.thrblock.cino.glprocessor.GLEventProcessor - GL reshape:0,0,397,320
2018-01-19 11:56:27 INFO  com.thrblock.cino.glprocessor.GLEventProcessor - GL reshape:0,0,398,320
2018-01-19 11:56:27 INFO  com.thrblock.cino.glprocessor.GLEventProcessor - GL reshape:0,0,401,320
2018-01-19 11:56:27 INFO  com.thrblock.cino.glprocessor.GLEventProcessor - GL reshape:0,0,405,320
2018-01-19 11:56:27 INFO  com.thrblock.cino.glprocessor.GLEventProcessor - GL reshape:0,0,411,320
2018-01-19 11:56:27 INFO  com.thrblock.cino.glprocessor.GLEventProcessor - GL reshape:0,0,413,320
2018-01-19 11:56:27 INFO  com.thrblock.cino.glprocessor.GLEventProcessor - GL reshape:0,0,416,320
2018-01-19 11:56:27 INFO  com.thrblock.cino.glprocessor.GLEventProcessor - GL reshape:0,0,421,320
2018-01-19 11:56:27 INFO  com.thrblock.cino.glprocessor.GLEventProcessor - GL reshape:0,0,424,320
2018-01-19 11:56:27 INFO  com.thrblock.cino.glprocessor.GLEventProcessor - GL reshape:0,0,425,320
2018-01-19 11:56:27 INFO  com.thrblock.cino.glprocessor.GLEventProcessor - GL reshape:0,0,427,320
2018-01-19 11:56:27 INFO  com.thrblock.cino.glprocessor.GLEventProcessor - GL reshape:0,0,429,320
2018-01-19 11:56:27 INFO  com.thrblock.cino.glprocessor.GLEventProcessor - GL reshape:0,0,431,320
2018-01-19 11:56:27 INFO  com.thrblock.cino.glprocessor.GLEventProcessor - GL reshape:0,0,433,320
2018-01-19 11:56:27 INFO  com.thrblock.cino.glprocessor.GLEventProcessor - GL reshape:0,0,435,320
2018-01-19 11:56:27 INFO  com.thrblock.cino.glprocessor.GLEventProcessor - GL reshape:0,0,437,320
2018-01-19 11:56:27 INFO  com.thrblock.cino.glprocessor.GLEventProcessor - GL reshape:0,0,438,320
2018-01-19 11:56:27 INFO  com.thrblock.cino.glprocessor.GLEventProcessor - GL reshape:0,0,440,320
2018-01-19 11:56:27 INFO  com.thrblock.cino.glprocessor.GLEventProcessor - GL reshape:0,0,441,320
2018-01-19 11:56:27 INFO  com.thrblock.cino.glprocessor.GLEventProcessor - GL reshape:0,0,443,320
2018-01-19 11:56:27 INFO  com.thrblock.cino.glprocessor.GLEventProcessor - GL reshape:0,0,444,320
2018-01-19 11:56:27 INFO  com.thrblock.cino.glprocessor.GLEventProcessor - GL reshape:0,0,446,320
2018-01-19 11:56:27 INFO  com.thrblock.cino.glprocessor.GLEventProcessor - GL reshape:0,0,447,320
2018-01-19 11:56:27 INFO  com.thrblock.cino.glprocessor.GLEventProcessor - GL reshape:0,0,450,320
2018-01-19 11:56:27 INFO  com.thrblock.cino.glprocessor.GLEventProcessor - GL reshape:0,0,452,320
2018-01-19 11:56:27 INFO  com.thrblock.cino.glprocessor.GLEventProcessor - GL reshape:0,0,454,320
2018-01-19 11:56:27 INFO  com.thrblock.cino.glprocessor.GLEventProcessor - GL reshape:0,0,457,320
2018-01-19 11:56:27 INFO  com.thrblock.cino.glprocessor.GLEventProcessor - GL reshape:0,0,459,320
2018-01-19 11:56:27 INFO  com.thrblock.cino.glprocessor.GLEventProcessor - GL reshape:0,0,460,320
2018-01-19 11:56:27 INFO  com.thrblock.cino.glprocessor.GLEventProcessor - GL reshape:0,0,462,320
2018-01-19 11:56:27 INFO  com.thrblock.cino.glprocessor.GLEventProcessor - GL reshape:0,0,463,320
2018-01-19 11:56:27 INFO  com.thrblock.cino.glprocessor.GLEventProcessor - GL reshape:0,0,465,320
2018-01-19 11:56:27 INFO  com.thrblock.cino.glprocessor.GLEventProcessor - GL reshape:0,0,469,320
2018-01-19 11:56:27 INFO  com.thrblock.cino.glprocessor.GLEventProcessor - GL reshape:0,0,476,320
2018-01-19 11:56:27 INFO  com.thrblock.cino.glprocessor.GLEventProcessor - GL reshape:0,0,483,320
2018-01-19 11:56:27 INFO  com.thrblock.cino.glprocessor.GLEventProcessor - GL reshape:0,0,485,320
2018-01-19 11:56:27 INFO  com.thrblock.cino.glprocessor.GLEventProcessor - GL reshape:0,0,488,320
2018-01-19 11:56:27 INFO  com.thrblock.cino.glprocessor.GLEventProcessor - GL reshape:0,0,490,320
2018-01-19 11:56:27 INFO  com.thrblock.cino.glprocessor.GLEventProcessor - GL reshape:0,0,491,320
2018-01-19 11:56:27 INFO  com.thrblock.cino.glprocessor.GLEventProcessor - GL reshape:0,0,492,320
2018-01-19 11:56:27 INFO  com.thrblock.cino.glprocessor.GLEventProcessor - GL reshape:0,0,493,320
2018-01-19 11:56:27 INFO  com.thrblock.cino.glprocessor.GLEventProcessor - GL reshape:0,0,494,320
2018-01-19 11:56:27 INFO  com.thrblock.cino.glprocessor.GLEventProcessor - GL reshape:0,0,495,320
2018-01-19 11:56:27 INFO  com.thrblock.cino.glprocessor.GLEventProcessor - GL reshape:0,0,497,320
2018-01-19 11:56:27 INFO  com.thrblock.cino.glprocessor.GLEventProcessor - GL reshape:0,0,498,320
2018-01-19 11:56:28 INFO  com.thrblock.cino.glprocessor.GLEventProcessor - GL reshape:0,0,500,320
2018-01-19 11:56:28 INFO  com.thrblock.cino.glprocessor.GLEventProcessor - GL reshape:0,0,502,320
2018-01-19 11:56:28 INFO  com.thrblock.cino.glprocessor.GLEventProcessor - GL reshape:0,0,504,320
2018-01-19 11:56:28 INFO  com.thrblock.cino.glprocessor.GLEventProcessor - GL reshape:0,0,507,320
2018-01-19 11:56:28 INFO  com.thrblock.cino.glprocessor.GLEventProcessor - GL reshape:0,0,509,320
2018-01-19 11:56:28 INFO  com.thrblock.cino.glprocessor.GLEventProcessor - GL reshape:0,0,510,320
2018-01-19 11:56:28 INFO  com.thrblock.cino.glprocessor.GLEventProcessor - GL reshape:0,0,511,320
2018-01-19 11:56:28 INFO  com.thrblock.cino.glprocessor.GLEventProcessor - GL reshape:0,0,512,320
2018-01-19 11:56:28 INFO  com.thrblock.cino.glprocessor.GLEventProcessor - GL reshape:0,0,510,320
2018-01-19 11:56:28 INFO  com.thrblock.cino.glprocessor.GLEventProcessor - GL reshape:0,0,509,320
2018-01-19 11:56:28 INFO  com.thrblock.cino.glprocessor.GLEventProcessor - GL reshape:0,0,508,320
2018-01-19 11:56:28 INFO  com.thrblock.cino.glprocessor.GLEventProcessor - GL reshape:0,0,507,320
2018-01-19 11:56:29 INFO  com.thrblock.cino.glprocessor.GLEventProcessor - GL reshape:0,0,506,320
2018-01-19 12:19:08 INFO  com.thrblock.cino.glprocessor.GLEventProcessor - GL dispose
2018-01-23 16:45:43 INFO  com.thrblock.cino.util.SmartConfig - source:frame.smt
2018-01-23 16:45:43 INFO  com.thrblock.cino.util.SmartConfig - OS Mapped:WINDOWS 10,Location:./cino-frame.properties
2018-01-23 16:45:44 INFO  com.thrblock.cino.CinoAnnotationProcessor - processing annotation of beans
2018-01-23 16:45:44 WARN  com.thrblock.cino.gllayer.GLLayerManager - layer not found:0
2018-01-23 16:45:44 INFO  com.thrblock.cino.gllayer.GLLayerManager - layer auto generated:0
2018-01-23 16:45:44 WARN  com.thrblock.cino.gllayer.GLLayerManager - layer not found:1
2018-01-23 16:45:44 INFO  com.thrblock.cino.gllayer.GLLayerManager - layer auto generated:1
2018-01-23 16:45:47 INFO  com.thrblock.cino.frame.AWTFrameFactory - graphics device you are current using:Win32GraphicsDevice[screen=0]
2018-01-23 16:45:47 INFO  com.thrblock.cino.glprocessor.GLEventProcessor - GL init
2018-01-23 16:45:47 INFO  com.thrblock.cino.glprocessor.GLEventProcessor - The Renderer you are current using:GeForce MX150/PCIe/SSE2
2018-01-23 16:45:47 INFO  com.thrblock.cino.glprocessor.GLEventProcessor - The Renderer driver version is 4.5.0 NVIDIA 382.64
2018-01-23 16:45:47 INFO  com.thrblock.cino.glprocessor.GLEventProcessor - GL reshape:0,0,300,320
2018-01-23 16:45:48 INFO  com.thrblock.cino.glprocessor.GLEventProcessor - GL reshape:0,0,302,320
2018-01-23 16:45:48 INFO  com.thrblock.cino.glprocessor.GLEventProcessor - GL reshape:0,0,305,320
2018-01-23 16:45:48 INFO  com.thrblock.cino.glprocessor.GLEventProcessor - GL reshape:0,0,312,320
2018-01-23 16:45:48 INFO  com.thrblock.cino.glprocessor.GLEventProcessor - GL reshape:0,0,319,320
2018-01-23 16:45:48 INFO  com.thrblock.cino.glprocessor.GLEventProcessor - GL reshape:0,0,325,320
2018-01-23 16:45:48 INFO  com.thrblock.cino.glprocessor.GLEventProcessor - GL reshape:0,0,332,320
2018-01-23 16:45:48 INFO  com.thrblock.cino.glprocessor.GLEventProcessor - GL reshape:0,0,339,320
2018-01-23 16:45:48 INFO  com.thrblock.cino.glprocessor.GLEventProcessor - GL reshape:0,0,348,320
2018-01-23 16:45:48 INFO  com.thrblock.cino.glprocessor.GLEventProcessor - GL reshape:0,0,361,320
2018-01-23 16:45:48 INFO  com.thrblock.cino.glprocessor.GLEventProcessor - GL reshape:0,0,384,320
2018-01-23 16:45:48 INFO  com.thrblock.cino.glprocessor.GLEventProcessor - GL reshape:0,0,407,320
2018-01-23 16:45:48 INFO  com.thrblock.cino.glprocessor.GLEventProcessor - GL reshape:0,0,435,320
2018-01-23 16:45:48 INFO  com.thrblock.cino.glprocessor.GLEventProcessor - GL reshape:0,0,448,320
