2018-01-09 12:55:35 INFO  com.thrblock.sweeper.component.SweeperComponent - current flipCount:84
2018-01-09 12:55:35 INFO  com.thrblock.sweeper.component.SweeperComponent - current flipCount:85
2018-01-09 12:55:35 INFO  com.thrblock.sweeper.component.SweeperComponent - current flipCount:86
2018-01-09 12:55:35 INFO  com.thrblock.sweeper.component.SweeperComponent - current flipCount:87
2018-01-09 12:55:35 INFO  com.thrblock.sweeper.component.SweeperComponent - current flipCount:88
2018-01-09 12:55:35 INFO  com.thrblock.sweeper.component.SweeperComponent - current flipCount:89
2018-01-09 12:55:35 INFO  com.thrblock.sweeper.component.SweeperComponent - current flipCount:90
2018-01-09 12:55:35 INFO  com.thrblock.sweeper.component.SweeperComponent - current flipCount:91
2018-01-09 12:55:35 INFO  com.thrblock.sweeper.component.SweeperComponent - current flipCount:92
2018-01-09 12:55:35 INFO  com.thrblock.sweeper.component.SweeperComponent - current flipCount:93
2018-01-09 12:55:35 INFO  com.thrblock.sweeper.component.SweeperComponent - current flipCount:94
2018-01-09 12:55:35 INFO  com.thrblock.sweeper.component.SweeperComponent - current flipCount:95
2018-01-09 12:55:35 INFO  com.thrblock.sweeper.component.SweeperComponent - current flipCount:96
2018-01-09 12:55:35 INFO  com.thrblock.sweeper.component.SweeperComponent - current flipCount:97
2018-01-09 12:55:35 INFO  com.thrblock.sweeper.component.SweeperComponent - current flipCount:98
2018-01-09 12:55:35 INFO  com.thrblock.sweeper.component.SweeperComponent - current flipCount:99
2018-01-09 12:55:35 INFO  com.thrblock.sweeper.component.SweeperComponent - current flipCount:100
2018-01-09 12:55:35 INFO  com.thrblock.sweeper.component.SweeperComponent - current flipCount:101
2018-01-09 12:55:35 INFO  com.thrblock.sweeper.component.SweeperComponent - current flipCount:102
2018-01-09 12:55:35 INFO  com.thrblock.sweeper.component.SweeperComponent - current flipCount:103
2018-01-09 12:55:35 INFO  com.thrblock.sweeper.component.SweeperComponent - current flipCount:104
2018-01-09 12:55:35 INFO  com.thrblock.sweeper.component.SweeperComponent - current flipCount:105
2018-01-09 12:55:35 INFO  com.thrblock.sweeper.component.SweeperComponent - current flipCount:106
2018-01-09 12:55:35 INFO  com.thrblock.sweeper.component.SweeperComponent - current flipCount:107
2018-01-09 12:55:35 INFO  com.thrblock.sweeper.component.SweeperComponent - current flipCount:108
2018-01-09 12:55:35 INFO  com.thrblock.sweeper.component.SweeperComponent - current flipCount:109
2018-01-09 12:55:35 INFO  com.thrblock.sweeper.component.SweeperComponent - current flipCount:110
2018-01-09 12:55:35 INFO  com.thrblock.sweeper.component.SweeperComponent - current flipCount:111
2018-01-09 12:55:35 INFO  com.thrblock.sweeper.component.SweeperComponent - current flipCount:112
2018-01-09 12:55:35 INFO  com.thrblock.sweeper.component.SweeperComponent - current flipCount:113
2018-01-09 12:55:35 INFO  com.thrblock.sweeper.component.SweeperComponent - current flipCount:114
2018-01-09 12:55:35 INFO  com.thrblock.sweeper.component.SweeperComponent - current flipCount:115
2018-01-09 12:55:35 INFO  com.thrblock.sweeper.component.SweeperComponent - current flipCount:116
2018-01-09 12:55:35 INFO  com.thrblock.sweeper.component.SweeperComponent - current flipCount:117
2018-01-09 12:55:35 INFO  com.thrblock.sweeper.component.SweeperComponent - current flipCount:118
2018-01-09 12:55:35 INFO  com.thrblock.sweeper.component.SweeperComponent - current flipCount:119
2018-01-09 12:55:35 INFO  com.thrblock.sweeper.component.SweeperComponent - current flipCount:120
2018-01-09 12:55:35 INFO  com.thrblock.sweeper.component.SweeperComponent - current flipCount:121
2018-01-09 12:55:35 INFO  com.thrblock.sweeper.component.SweeperComponent - current flipCount:122
2018-01-09 12:55:35 INFO  com.thrblock.sweeper.component.SweeperComponent - current flipCount:123
2018-01-09 12:55:35 INFO  com.thrblock.sweeper.component.SweeperComponent - current flipCount:124
2018-01-09 12:55:35 INFO  com.thrblock.sweeper.component.SweeperComponent - current flipCount:125
2018-01-09 12:55:35 INFO  com.thrblock.sweeper.component.SweeperComponent - current flipCount:126
2018-01-09 12:55:35 INFO  com.thrblock.sweeper.component.SweeperComponent - current flipCount:127
2018-01-09 12:55:35 INFO  com.thrblock.sweeper.component.SweeperComponent - current flipCount:128
2018-01-09 12:55:35 INFO  com.thrblock.sweeper.component.SweeperComponent - current flipCount:129
2018-01-09 12:55:35 INFO  com.thrblock.sweeper.component.SweeperComponent - current flipCount:130
2018-01-09 12:55:35 INFO  com.thrblock.sweeper.component.SweeperComponent - current flipCount:131
2018-01-09 12:55:35 INFO  com.thrblock.sweeper.component.SweeperComponent - current flipCount:132
2018-01-09 12:55:35 INFO  com.thrblock.sweeper.component.SweeperComponent - current flipCount:133
2018-01-09 12:55:35 INFO  com.thrblock.sweeper.component.SweeperComponent - current flipCount:134
2018-01-09 12:55:35 INFO  com.thrblock.sweeper.component.SweeperComponent - current flipCount:135
2018-01-09 12:55:35 INFO  com.thrblock.sweeper.component.SweeperComponent - current flipCount:136
2018-01-09 12:55:35 INFO  com.thrblock.sweeper.component.SweeperComponent - current flipCount:137
2018-01-09 12:55:35 INFO  com.thrblock.sweeper.component.SweeperComponent - current flipCount:138
2018-01-09 12:55:35 INFO  com.thrblock.sweeper.component.SweeperComponent - current flipCount:139
2018-01-09 12:55:35 INFO  com.thrblock.sweeper.component.SweeperComponent - current flipCount:140
2018-01-09 12:55:35 INFO  com.thrblock.sweeper.component.SweeperComponent - current flipCount:141
2018-01-09 12:55:35 INFO  com.thrblock.sweeper.component.SweeperComponent - current flipCount:142
2018-01-09 12:55:35 INFO  com.thrblock.sweeper.component.SweeperComponent - current flipCount:143
2018-01-09 12:55:35 INFO  com.thrblock.sweeper.component.SweeperComponent - current flipCount:144
2018-01-09 12:55:35 INFO  com.thrblock.sweeper.component.SweeperComponent - current flipCount:145
2018-01-09 12:55:35 INFO  com.thrblock.sweeper.component.SweeperComponent - current flipCount:146
2018-01-09 12:55:35 INFO  com.thrblock.sweeper.component.SweeperComponent - current flipCount:147
2018-01-09 12:55:35 INFO  com.thrblock.sweeper.component.SweeperComponent - current flipCount:148
2018-01-09 12:55:35 INFO  com.thrblock.sweeper.component.SweeperComponent - current flipCount:149
2018-01-09 12:55:35 INFO  com.thrblock.sweeper.component.SweeperComponent - current flipCount:150
2018-01-09 12:55:35 INFO  com.thrblock.sweeper.component.SweeperComponent - current flipCount:151
2018-01-09 12:55:35 INFO  com.thrblock.sweeper.component.SweeperComponent - current flipCount:152
2018-01-09 12:55:35 INFO  com.thrblock.sweeper.component.SweeperComponent - current flipCount:153
2018-01-09 12:55:35 INFO  com.thrblock.sweeper.component.SweeperComponent - current flipCount:154
2018-01-09 12:55:35 INFO  com.thrblock.sweeper.component.SweeperComponent - current flipCount:155
2018-01-09 12:55:35 INFO  com.thrblock.sweeper.component.SweeperComponent - current flipCount:156
2018-01-09 12:55:35 INFO  com.thrblock.sweeper.component.SweeperComponent - current flipCount:157
2018-01-09 12:55:35 INFO  com.thrblock.sweeper.component.SweeperComponent - current flipCount:158
2018-01-09 12:55:35 INFO  com.thrblock.sweeper.component.SweeperComponent - current flipCount:159
2018-01-09 12:55:35 INFO  com.thrblock.sweeper.component.SweeperComponent - current flipCount:160
2018-01-09 12:55:35 INFO  com.thrblock.sweeper.component.SweeperComponent - current flipCount:161
2018-01-09 12:55:35 INFO  com.thrblock.sweeper.component.SweeperComponent - current flipCount:162
2018-01-09 12:55:35 INFO  com.thrblock.sweeper.component.SweeperComponent - current flipCount:163
2018-01-09 12:55:35 INFO  com.thrblock.sweeper.component.SweeperComponent - current flipCount:164
2018-01-09 12:55:35 INFO  com.thrblock.sweeper.component.SweeperComponent - current flipCount:165
2018-01-09 12:55:35 INFO  com.thrblock.sweeper.component.SweeperComponent - current flipCount:166
2018-01-09 12:55:35 INFO  com.thrblock.sweeper.component.SweeperComponent - current flipCount:167
2018-01-09 12:55:35 INFO  com.thrblock.sweeper.component.SweeperComponent - current flipCount:168
2018-01-09 12:55:35 INFO  com.thrblock.sweeper.component.SweeperComponent - current flipCount:169
2018-01-09 12:55:35 INFO  com.thrblock.sweeper.component.SweeperComponent - current flipCount:170
2018-01-09 12:55:35 INFO  com.thrblock.sweeper.component.SweeperComponent - current flipCount:171
2018-01-09 12:55:35 INFO  com.thrblock.sweeper.component.SweeperComponent - current flipCount:172
2018-01-09 12:55:35 INFO  com.thrblock.sweeper.component.SweeperComponent - current flipCount:173
2018-01-09 12:55:35 INFO  com.thrblock.sweeper.component.SweeperComponent - current flipCount:174
2018-01-09 12:55:35 INFO  com.thrblock.sweeper.component.SweeperComponent - current flipCount:175
2018-01-09 12:55:35 INFO  com.thrblock.sweeper.component.SweeperComponent - current flipCount:176
2018-01-09 12:55:35 INFO  com.thrblock.sweeper.component.SweeperComponent - current flipCount:177
2018-01-09 12:55:35 INFO  com.thrblock.sweeper.component.SweeperComponent - current flipCount:178
2018-01-09 12:55:35 INFO  com.thrblock.sweeper.component.SweeperComponent - current flipCount:179
2018-01-09 12:55:35 INFO  com.thrblock.sweeper.component.SweeperComponent - current flipCount:180
2018-01-09 12:55:35 INFO  com.thrblock.sweeper.component.SweeperComponent - current flipCount:181
2018-01-09 12:55:35 INFO  com.thrblock.sweeper.component.SweeperComponent - current flipCount:182
2018-01-09 12:55:35 INFO  com.thrblock.sweeper.component.SweeperComponent - current flipCount:183
2018-01-09 12:55:35 INFO  com.thrblock.sweeper.component.SweeperComponent - current flipCount:184
2018-01-09 12:55:35 INFO  com.thrblock.sweeper.component.SweeperComponent - current flipCount:185
2018-01-09 12:55:35 INFO  com.thrblock.sweeper.component.SweeperComponent - current flipCount:186
2018-01-09 12:55:35 INFO  com.thrblock.sweeper.component.SweeperComponent - current flipCount:187
2018-01-09 12:55:35 INFO  com.thrblock.sweeper.component.SweeperComponent - current flipCount:188
2018-01-09 12:55:35 INFO  com.thrblock.sweeper.component.SweeperComponent - current flipCount:189
2018-01-09 12:55:35 INFO  com.thrblock.sweeper.component.SweeperComponent - current flipCount:190
2018-01-09 12:55:35 INFO  com.thrblock.sweeper.component.SweeperComponent - current flipCount:191
2018-01-09 12:55:35 INFO  com.thrblock.sweeper.component.SweeperComponent - current flipCount:192
2018-01-09 12:55:35 INFO  com.thrblock.sweeper.component.SweeperComponent - current flipCount:193
2018-01-09 12:55:35 INFO  com.thrblock.sweeper.component.SweeperComponent - current flipCount:194
2018-01-09 12:55:35 INFO  com.thrblock.sweeper.component.SweeperComponent - current flipCount:195
2018-01-09 12:55:35 INFO  com.thrblock.sweeper.component.SweeperComponent - current flipCount:196
2018-01-09 12:55:35 INFO  com.thrblock.sweeper.component.SweeperComponent - current flipCount:197
2018-01-09 12:55:35 INFO  com.thrblock.sweeper.component.SweeperComponent - current flipCount:198
2018-01-09 12:55:35 INFO  com.thrblock.sweeper.component.SweeperComponent - current flipCount:199
2018-01-09 12:55:35 INFO  com.thrblock.sweeper.component.SweeperComponent - current flipCount:200
2018-01-09 12:55:35 INFO  com.thrblock.sweeper.component.SweeperComponent - current flipCount:201
2018-01-09 12:55:35 INFO  com.thrblock.sweeper.component.SweeperComponent - current flipCount:202
2018-01-09 12:55:35 INFO  com.thrblock.sweeper.component.SweeperComponent - current flipCount:203
2018-01-09 12:55:35 INFO  com.thrblock.sweeper.component.SweeperComponent - current flipCount:204
2018-01-09 12:55:35 INFO  com.thrblock.sweeper.component.SweeperComponent - current flipCount:205
2018-01-09 12:55:35 INFO  com.thrblock.sweeper.component.SweeperComponent - current flipCount:206
2018-01-09 12:55:35 INFO  com.thrblock.sweeper.component.SweeperComponent - current flipCount:207
2018-01-09 12:55:35 INFO  com.thrblock.sweeper.component.SweeperComponent - current flipCount:208
2018-01-09 12:55:35 INFO  com.thrblock.sweeper.component.SweeperComponent - current flipCount:209
2018-01-09 12:55:35 INFO  com.thrblock.sweeper.component.SweeperComponent - current flipCount:210
2018-01-09 12:55:35 INFO  com.thrblock.sweeper.component.SweeperComponent - current flipCount:211
2018-01-09 12:55:35 INFO  com.thrblock.sweeper.component.SweeperComponent - current flipCount:212
2018-01-09 12:55:35 INFO  com.thrblock.sweeper.component.SweeperComponent - current flipCount:213
2018-01-09 12:55:35 INFO  com.thrblock.sweeper.component.SweeperComponent - current flipCount:214
2018-01-09 12:58:50 INFO  com.thrblock.cino.util.SmartConfig - source:frame.smt
2018-01-09 12:58:50 INFO  com.thrblock.cino.util.SmartConfig - OS Mapped:WINDOWS 10,Location:./cino-frame.properties
2018-01-09 12:58:51 INFO  com.thrblock.cino.CinoAnnotationProcessor - processing annotation of beans
2018-01-09 12:58:51 WARN  com.thrblock.cino.gllayer.GLLayerManager - layer not found:0
2018-01-09 12:58:51 INFO  com.thrblock.cino.gllayer.GLLayerManager - layer auto generated:0
2018-01-09 12:58:51 WARN  com.thrblock.cino.gllayer.GLLayerManager - layer not found:1
2018-01-09 12:58:51 INFO  com.thrblock.cino.gllayer.GLLayerManager - layer auto generated:1
2018-01-09 12:58:54 INFO  com.thrblock.cino.frame.AWTFrameFactory - graphics device you are current using:Win32GraphicsDevice[screen=0]
2018-01-09 12:58:54 INFO  com.thrblock.cino.glprocessor.GLEventProcessor - GL init
2018-01-09 12:58:54 INFO  com.thrblock.cino.glprocessor.GLEventProcessor - The Renderer you are current using:GeForce MX150/PCIe/SSE2
2018-01-09 12:58:54 INFO  com.thrblock.cino.glprocessor.GLEventProcessor - The Renderer driver version is 4.5.0 NVIDIA 382.64
2018-01-09 12:58:54 INFO  com.thrblock.cino.glprocessor.GLEventProcessor - GL reshape:0,0,300,320
2018-01-09 12:58:55 INFO  com.thrblock.sweeper.component.SweeperComponent - current flipCount:1
2018-01-09 12:58:55 INFO  com.thrblock.sweeper.component.SweeperComponent - current flipCount:2
2018-01-09 12:58:55 INFO  com.thrblock.sweeper.component.SweeperComponent - current flipCount:3
2018-01-09 12:58:55 INFO  com.thrblock.sweeper.component.SweeperComponent - current flipCount:4
2018-01-09 12:58:55 INFO  com.thrblock.sweeper.component.SweeperComponent - current flipCount:5
2018-01-09 12:58:55 INFO  com.thrblock.sweeper.component.SweeperComponent - current flipCount:6
2018-01-09 12:58:55 INFO  com.thrblock.sweeper.component.SweeperComponent - current flipCount:7
2018-01-09 12:58:55 INFO  com.thrblock.sweeper.component.SweeperComponent - current flipCount:8
2018-01-09 12:58:55 INFO  com.thrblock.sweeper.component.SweeperComponent - current flipCount:9
2018-01-09 12:58:55 INFO  com.thrblock.sweeper.component.SweeperComponent - current flipCount:10
2018-01-09 12:58:55 INFO  com.thrblock.sweeper.component.SweeperComponent - current flipCount:11
2018-01-09 12:58:55 INFO  com.thrblock.sweeper.component.SweeperComponent - current flipCount:12
2018-01-09 12:58:55 INFO  com.thrblock.sweeper.component.SweeperComponent - current flipCount:13
2018-01-09 12:58:55 INFO  com.thrblock.sweeper.component.SweeperComponent - current flipCount:14
2018-01-09 12:58:55 INFO  com.thrblock.sweeper.component.SweeperComponent - current flipCount:15
2018-01-09 12:58:55 INFO  com.thrblock.sweeper.component.SweeperComponent - current flipCount:16
2018-01-09 12:58:55 INFO  com.thrblock.sweeper.component.SweeperComponent - current flipCount:17
2018-01-09 12:58:55 INFO  com.thrblock.sweeper.component.SweeperComponent - current flipCount:18
2018-01-09 12:58:55 INFO  com.thrblock.sweeper.component.SweeperComponent - current flipCount:19
2018-01-09 12:58:55 INFO  com.thrblock.sweeper.component.SweeperComponent - current flipCount:20
2018-01-09 12:58:55 INFO  com.thrblock.sweeper.component.SweeperComponent - current flipCount:21
2018-01-09 12:58:55 INFO  com.thrblock.sweeper.component.SweeperComponent - current flipCount:22
2018-01-09 12:58:55 INFO  com.thrblock.sweeper.component.SweeperComponent - current flipCount:23
2018-01-09 12:58:55 INFO  com.thrblock.sweeper.component.SweeperComponent - current flipCount:24
2018-01-09 12:58:55 INFO  com.thrblock.sweeper.component.SweeperComponent - current flipCount:25
2018-01-09 12:58:55 INFO  com.thrblock.sweeper.component.SweeperComponent - current flipCount:26
2018-01-09 12:58:55 INFO  com.thrblock.sweeper.component.SweeperComponent - current flipCount:27
2018-01-09 12:58:55 INFO  com.thrblock.sweeper.component.SweeperComponent - current flipCount:28
2018-01-09 12:58:55 INFO  com.thrblock.sweeper.component.SweeperComponent - current flipCount:29
2018-01-09 12:58:55 INFO  com.thrblock.sweeper.component.SweeperComponent - current flipCount:30
2018-01-09 12:58:55 INFO  com.thrblock.sweeper.component.SweeperComponent - current flipCount:31
2018-01-09 12:58:55 INFO  com.thrblock.sweeper.component.SweeperComponent - current flipCount:32
2018-01-09 12:58:55 INFO  com.thrblock.sweeper.component.SweeperComponent - current flipCount:33
2018-01-09 12:58:55 INFO  com.thrblock.sweeper.component.SweeperComponent - current flipCount:34
2018-01-09 12:58:55 INFO  com.thrblock.sweeper.component.SweeperComponent - current flipCount:35
2018-01-09 12:58:55 INFO  com.thrblock.sweeper.component.SweeperComponent - current flipCount:36
2018-01-09 12:58:55 INFO  com.thrblock.sweeper.component.SweeperComponent - current flipCount:37
2018-01-09 12:58:55 INFO  com.thrblock.sweeper.component.SweeperComponent - current flipCount:38
2018-01-09 12:58:55 INFO  com.thrblock.sweeper.component.SweeperComponent - current flipCount:39
2018-01-09 12:58:55 INFO  com.thrblock.sweeper.component.SweeperComponent - current flipCount:40
2018-01-09 12:58:55 INFO  com.thrblock.sweeper.component.SweeperComponent - current flipCount:41
2018-01-09 12:58:55 INFO  com.thrblock.sweeper.component.SweeperComponent - current flipCount:42
2018-01-09 12:58:55 INFO  com.thrblock.sweeper.component.SweeperComponent - current flipCount:43
2018-01-09 12:58:55 INFO  com.thrblock.sweeper.component.SweeperComponent - current flipCount:44
2018-01-09 12:58:55 INFO  com.thrblock.sweeper.component.SweeperComponent - current flipCount:45
2018-01-09 12:58:55 INFO  com.thrblock.sweeper.component.SweeperComponent - current flipCount:46
2018-01-09 12:58:55 INFO  com.thrblock.sweeper.component.SweeperComponent - current flipCount:47
2018-01-09 12:58:55 INFO  com.thrblock.sweeper.component.SweeperComponent - current flipCount:48
2018-01-09 12:58:55 INFO  com.thrblock.sweeper.component.SweeperComponent - current flipCount:49
2018-01-09 12:58:55 INFO  com.thrblock.sweeper.component.SweeperComponent - current flipCount:50
2018-01-09 12:58:55 INFO  com.thrblock.sweeper.component.SweeperComponent - current flipCount:51
2018-01-09 12:58:55 INFO  com.thrblock.sweeper.component.SweeperComponent - current flipCount:52
2018-01-09 12:58:55 INFO  com.thrblock.sweeper.component.SweeperComponent - current flipCount:53
2018-01-09 12:58:55 INFO  com.thrblock.sweeper.component.SweeperComponent - current flipCount:54
2018-01-09 12:58:55 INFO  com.thrblock.sweeper.component.SweeperComponent - current flipCount:55
2018-01-09 12:58:55 INFO  com.thrblock.sweeper.component.SweeperComponent - current flipCount:56
2018-01-09 12:58:55 INFO  com.thrblock.sweeper.component.SweeperComponent - current flipCount:57
2018-01-09 12:58:55 INFO  com.thrblock.sweeper.component.SweeperComponent - current flipCount:58
2018-01-09 12:58:55 INFO  com.thrblock.sweeper.component.SweeperComponent - current flipCount:59
2018-01-09 12:58:55 INFO  com.thrblock.sweeper.component.SweeperComponent - current flipCount:60
2018-01-09 12:58:55 INFO  com.thrblock.sweeper.component.SweeperComponent - current flipCount:61
2018-01-09 12:58:55 INFO  com.thrblock.sweeper.component.SweeperComponent - current flipCount:62
2018-01-09 12:58:55 INFO  com.thrblock.sweeper.component.SweeperComponent - current flipCount:63
2018-01-09 12:58:55 INFO  com.thrblock.sweeper.component.SweeperComponent - current flipCount:64
2018-01-09 12:58:55 INFO  com.thrblock.sweeper.component.SweeperComponent - current flipCount:65
2018-01-09 12:58:55 INFO  com.thrblock.sweeper.component.SweeperComponent - current flipCount:66
2018-01-09 12:58:55 INFO  com.thrblock.sweeper.component.SweeperComponent - current flipCount:67
2018-01-09 12:58:55 INFO  com.thrblock.sweeper.component.SweeperComponent - current flipCount:68
2018-01-09 12:58:55 INFO  com.thrblock.sweeper.component.SweeperComponent - current flipCount:69
2018-01-09 12:58:55 INFO  com.thrblock.sweeper.component.SweeperComponent - current flipCount:70
2018-01-09 12:58:55 INFO  com.thrblock.sweeper.component.SweeperComponent - current flipCount:71
2018-01-09 12:58:55 INFO  com.thrblock.sweeper.component.SweeperComponent - current flipCount:72
2018-01-09 12:58:55 INFO  com.thrblock.sweeper.component.SweeperComponent - current flipCount:73
2018-01-09 12:58:55 INFO  com.thrblock.sweeper.component.SweeperComponent - current flipCount:74
2018-01-09 12:58:55 INFO  com.thrblock.sweeper.component.SweeperComponent - current flipCount:75
2018-01-09 12:58:55 INFO  com.thrblock.sweeper.component.SweeperComponent - current flipCount:76
2018-01-09 12:58:55 INFO  com.thrblock.sweeper.component.SweeperComponent - current flipCount:77
2018-01-09 12:58:55 INFO  com.thrblock.sweeper.component.SweeperComponent - current flipCount:78
2018-01-09 12:58:55 INFO  com.thrblock.sweeper.component.SweeperComponent - current flipCount:79
2018-01-09 12:58:55 INFO  com.thrblock.sweeper.component.SweeperComponent - current flipCount:80
2018-01-09 12:58:55 INFO  com.thrblock.sweeper.component.SweeperComponent - current flipCount:81
2018-01-09 12:58:55 INFO  com.thrblock.sweeper.component.SweeperComponent - current flipCount:82
2018-01-09 12:58:55 INFO  com.thrblock.sweeper.component.SweeperComponent - current flipCount:83
2018-01-09 12:58:55 INFO  com.thrblock.sweeper.component.SweeperComponent - current flipCount:84
2018-01-09 12:58:55 INFO  com.thrblock.sweeper.component.SweeperComponent - current flipCount:85
2018-01-09 12:58:55 INFO  com.thrblock.sweeper.component.SweeperComponent - current flipCount:86
2018-01-09 12:58:55 INFO  com.thrblock.sweeper.component.SweeperComponent - current flipCount:87
2018-01-09 12:58:55 INFO  com.thrblock.sweeper.component.SweeperComponent - current flipCount:88
2018-01-09 12:58:55 INFO  com.thrblock.sweeper.component.SweeperComponent - current flipCount:89
2018-01-09 12:58:55 INFO  com.thrblock.sweeper.component.SweeperComponent - current flipCount:90
2018-01-09 12:58:55 INFO  com.thrblock.sweeper.component.SweeperComponent - current flipCount:91
2018-01-09 12:58:55 INFO  com.thrblock.sweeper.component.SweeperComponent - current flipCount:92
2018-01-09 12:58:55 INFO  com.thrblock.sweeper.component.SweeperComponent - current flipCount:93
2018-01-09 12:58:55 INFO  com.thrblock.sweeper.component.SweeperComponent - current flipCount:94
2018-01-09 12:58:55 INFO  com.thrblock.sweeper.component.SweeperComponent - current flipCount:95
2018-01-09 12:58:55 INFO  com.thrblock.sweeper.component.SweeperComponent - current flipCount:96
2018-01-09 12:58:55 INFO  com.thrblock.sweeper.component.SweeperComponent - current flipCount:97
2018-01-09 12:58:55 INFO  com.thrblock.sweeper.component.SweeperComponent - current flipCount:98
2018-01-09 12:58:55 INFO  com.thrblock.sweeper.component.SweeperComponent - current flipCount:99
2018-01-09 12:58:55 INFO  com.thrblock.sweeper.component.SweeperComponent - current flipCount:100
2018-01-09 12:58:55 INFO  com.thrblock.sweeper.component.SweeperComponent - current flipCount:101
2018-01-09 12:58:55 INFO  com.thrblock.sweeper.component.SweeperComponent - current flipCount:102
2018-01-09 12:58:55 INFO  com.thrblock.sweeper.component.SweeperComponent - current flipCount:103
2018-01-09 12:58:55 INFO  com.thrblock.sweeper.component.SweeperComponent - current flipCount:104
2018-01-09 12:58:55 INFO  com.thrblock.sweeper.component.SweeperComponent - current flipCount:105
2018-01-09 12:58:55 INFO  com.thrblock.sweeper.component.SweeperComponent - current flipCount:106
2018-01-09 12:58:55 INFO  com.thrblock.sweeper.component.SweeperComponent - current flipCount:107
2018-01-09 12:58:55 INFO  com.thrblock.sweeper.component.SweeperComponent - current flipCount:108
2018-01-09 12:58:55 INFO  com.thrblock.sweeper.component.SweeperComponent - current flipCount:109
2018-01-09 12:58:55 INFO  com.thrblock.sweeper.component.SweeperComponent - current flipCount:110
2018-01-09 12:58:55 INFO  com.thrblock.sweeper.component.SweeperComponent - current flipCount:111
2018-01-09 12:58:55 INFO  com.thrblock.sweeper.component.SweeperComponent - current flipCount:112
2018-01-09 12:58:55 INFO  com.thrblock.sweeper.component.SweeperComponent - current flipCount:113
2018-01-09 12:58:55 INFO  com.thrblock.sweeper.component.SweeperComponent - current flipCount:114
2018-01-09 12:58:55 INFO  com.thrblock.sweeper.component.SweeperComponent - current flipCount:115
2018-01-09 12:58:55 INFO  com.thrblock.sweeper.component.SweeperComponent - current flipCount:116
2018-01-09 12:58:55 INFO  com.thrblock.sweeper.component.SweeperComponent - current flipCount:117
2018-01-09 12:58:55 INFO  com.thrblock.sweeper.component.SweeperComponent - current flipCount:118
2018-01-09 12:58:55 INFO  com.thrblock.sweeper.component.SweeperComponent - current flipCount:119
2018-01-09 12:58:55 INFO  com.thrblock.sweeper.component.SweeperComponent - current flipCount:120
2018-01-09 12:58:55 INFO  com.thrblock.sweeper.component.SweeperComponent - current flipCount:121
2018-01-09 12:58:55 INFO  com.thrblock.sweeper.component.SweeperComponent - current flipCount:122
2018-01-09 12:58:55 INFO  com.thrblock.sweeper.component.SweeperComponent - current flipCount:123
2018-01-09 12:58:55 INFO  com.thrblock.sweeper.component.SweeperComponent - current flipCount:124
2018-01-09 12:58:55 INFO  com.thrblock.sweeper.component.SweeperComponent - current flipCount:125
2018-01-09 12:58:55 INFO  com.thrblock.sweeper.component.SweeperComponent - current flipCount:126
2018-01-09 12:58:55 INFO  com.thrblock.sweeper.component.SweeperComponent - current flipCount:127
2018-01-09 12:58:55 INFO  com.thrblock.sweeper.component.SweeperComponent - current flipCount:128
2018-01-09 12:58:55 INFO  com.thrblock.sweeper.component.SweeperComponent - current flipCount:129
2018-01-09 12:58:55 INFO  com.thrblock.sweeper.component.SweeperComponent - current flipCount:130
2018-01-09 12:58:55 INFO  com.thrblock.sweeper.component.SweeperComponent - current flipCount:131
2018-01-09 12:58:55 INFO  com.thrblock.sweeper.component.SweeperComponent - current flipCount:132
2018-01-09 12:58:55 INFO  com.thrblock.sweeper.component.SweeperComponent - current flipCount:133
2018-01-09 12:58:55 INFO  com.thrblock.sweeper.component.SweeperComponent - current flipCount:134
2018-01-09 12:58:55 INFO  com.thrblock.sweeper.component.SweeperComponent - current flipCount:135
2018-01-09 12:58:55 INFO  com.thrblock.sweeper.component.SweeperComponent - current flipCount:136
2018-01-09 12:58:55 INFO  com.thrblock.sweeper.component.SweeperComponent - current flipCount:137
2018-01-09 12:58:55 INFO  com.thrblock.sweeper.component.SweeperComponent - current flipCount:138
2018-01-09 12:58:55 INFO  com.thrblock.sweeper.component.SweeperComponent - current flipCount:139
2018-01-09 12:58:55 INFO  com.thrblock.sweeper.component.SweeperComponent - current flipCount:140
2018-01-09 12:58:55 INFO  com.thrblock.sweeper.component.SweeperComponent - current flipCount:141
2018-01-09 12:58:55 INFO  com.thrblock.sweeper.component.SweeperComponent - current flipCount:142
2018-01-09 12:58:55 INFO  com.thrblock.sweeper.component.SweeperComponent - current flipCount:143
2018-01-09 12:58:55 INFO  com.thrblock.sweeper.component.SweeperComponent - current flipCount:144
2018-01-09 12:58:55 INFO  com.thrblock.sweeper.component.SweeperComponent - current flipCount:145
2018-01-09 12:58:55 INFO  com.thrblock.sweeper.component.SweeperComponent - current flipCount:146
2018-01-09 12:58:55 INFO  com.thrblock.sweeper.component.SweeperComponent - current flipCount:147
2018-01-09 12:58:55 INFO  com.thrblock.sweeper.component.SweeperComponent - current flipCount:148
2018-01-09 12:58:55 INFO  com.thrblock.sweeper.component.SweeperComponent - current flipCount:149
2018-01-09 12:58:55 INFO  com.thrblock.sweeper.component.SweeperComponent - current flipCount:150
2018-01-09 12:58:55 INFO  com.thrblock.sweeper.component.SweeperComponent - current flipCount:151
2018-01-09 12:58:55 INFO  com.thrblock.sweeper.component.SweeperComponent - current flipCount:152
2018-01-09 12:58:55 INFO  com.thrblock.sweeper.component.SweeperComponent - current flipCount:153
2018-01-09 12:58:55 INFO  com.thrblock.sweeper.component.SweeperComponent - current flipCount:154
2018-01-09 12:58:55 INFO  com.thrblock.sweeper.component.SweeperComponent - current flipCount:155
2018-01-09 12:58:55 INFO  com.thrblock.sweeper.component.SweeperComponent - current flipCount:156
2018-01-09 12:58:55 INFO  com.thrblock.sweeper.component.SweeperComponent - current flipCount:157
2018-01-09 12:58:55 INFO  com.thrblock.sweeper.component.SweeperComponent - current flipCount:158
2018-01-09 12:58:55 INFO  com.thrblock.sweeper.component.SweeperComponent - current flipCount:159
2018-01-09 12:58:55 INFO  com.thrblock.sweeper.component.SweeperComponent - current flipCount:160
2018-01-09 12:58:55 INFO  com.thrblock.sweeper.component.SweeperComponent - current flipCount:161
2018-01-09 12:58:55 INFO  com.thrblock.sweeper.component.SweeperComponent - current flipCount:162
2018-01-09 12:58:55 INFO  com.thrblock.sweeper.component.SweeperComponent - current flipCount:163
2018-01-09 12:58:55 INFO  com.thrblock.sweeper.component.SweeperComponent - current flipCount:164
2018-01-09 12:58:55 INFO  com.thrblock.sweeper.component.SweeperComponent - current flipCount:165
2018-01-09 12:58:55 INFO  com.thrblock.sweeper.component.SweeperComponent - current flipCount:166
2018-01-09 12:58:55 INFO  com.thrblock.sweeper.component.SweeperComponent - current flipCount:167
2018-01-09 12:58:59 INFO  com.thrblock.sweeper.component.SweeperComponent - current flipCount:168
2018-01-09 12:58:59 INFO  com.thrblock.sweeper.component.SweeperComponent - current flipCount:169
2018-01-09 12:59:00 INFO  com.thrblock.sweeper.component.SweeperComponent - current flipCount:170
2018-01-09 12:59:00 INFO  com.thrblock.sweeper.component.SweeperComponent - current flipCount:171
2018-01-09 12:59:03 INFO  com.thrblock.sweeper.component.SweeperComponent - current flipCount:172
2018-01-09 12:59:05 INFO  com.thrblock.sweeper.component.SweeperComponent - current flipCount:173
2018-01-09 12:59:07 INFO  com.thrblock.sweeper.component.SweeperComponent - current flipCount:174
2018-01-09 12:59:09 INFO  com.thrblock.sweeper.component.SweeperComponent - current flipCount:175
2018-01-09 12:59:09 INFO  com.thrblock.sweeper.component.SweeperComponent - current flipCount:176
2018-01-09 12:59:10 INFO  com.thrblock.sweeper.component.SweeperComponent - current flipCount:177
2018-01-09 12:59:10 INFO  com.thrblock.sweeper.component.SweeperComponent - current flipCount:178
2018-01-09 12:59:10 INFO  com.thrblock.sweeper.component.SweeperComponent - current flipCount:179
2018-01-09 12:59:10 INFO  com.thrblock.sweeper.component.SweeperComponent - current flipCount:180
2018-01-09 12:59:10 INFO  com.thrblock.sweeper.component.SweeperComponent - current flipCount:181
2018-01-09 12:59:10 INFO  com.thrblock.sweeper.component.SweeperComponent - current flipCount:182
2018-01-09 12:59:10 INFO  com.thrblock.sweeper.component.SweeperComponent - current flipCount:183
2018-01-09 12:59:10 INFO  com.thrblock.sweeper.component.SweeperComponent - current flipCount:184
2018-01-09 12:59:10 INFO  com.thrblock.sweeper.component.SweeperComponent - current flipCount:185
2018-01-09 12:59:10 INFO  com.thrblock.sweeper.component.SweeperComponent - current flipCount:186
2018-01-09 12:59:10 INFO  com.thrblock.sweeper.component.SweeperComponent - current flipCount:187
2018-01-09 12:59:10 INFO  com.thrblock.sweeper.component.SweeperComponent - current flipCount:188
2018-01-09 12:59:10 INFO  com.thrblock.sweeper.component.SweeperComponent - current flipCount:189
